# JRE version: OpenJDK Runtime Environment (17.0.6) (build 17.0.6+0-b2043.56-10027231)
# Java VM: OpenJDK 64-Bit Server VM (17.0.6+0-b2043.56-10027231, mixed mode, tiered, compressed oops, compressed class ptrs, g1 gc, windows-amd64)
GC Precious Log:
 CPUs: 12 total, 12 available
 Memory: 15289M
 Large Page Support: Disabled
 NUMA Support: Disabled
 Compressed Oops: Enabled (32-bit)
 Heap Region Size: 1M
 Heap Min Capacity: 8M
 Heap Initial Capacity: 240M
 Heap Max Capacity: 2G
 Pre-touch: Disabled
 Parallel Workers: 10
 Concurrent Workers: 3
 Concurrent Refinement Workers: 10
 Periodic GC: Disabled
Heap:
 garbage-first heap   total 321536K, used 247510K [0x0000000080000000, 0x0000000100000000)
  region size 1024K, 5 young (5120K), 5 survivors (5120K)
 Metaspace       used 112668K, committed 113408K, reserved 1146880K
  class space    used 15697K, committed 16064K, reserved 1048576K
GC Heap History (20 events):
Event: 8.561 GC heap after
{Heap after GC invocations=31 (full 0):
 garbage-first heap   total 214016K, used 108054K [0x0000000080000000, 0x0000000100000000)
  region size 1024K, 5 young (5120K), 5 survivors (5120K)
 Metaspace       used 101729K, committed 102400K, reserved 1138688K
  class space    used 13965K, committed 14272K, reserved 1048576K
}
Event: 8.738 GC heap before
{Heap before GC invocations=31 (full 0):
 garbage-first heap   total 214016K, used 177686K [0x0000000080000000, 0x0000000100000000)
  region size 1024K, 71 young (72704K), 5 survivors (5120K)
 Metaspace       used 101882K, committed 102528K, reserved 1138688K
  class space    used 13982K, committed 14272K, reserved 1048576K
}
Event: 8.741 GC heap after
{Heap after GC invocations=32 (full 0):
 garbage-first heap   total 214016K, used 111311K [0x0000000080000000, 0x0000000100000000)
  region size 1024K, 6 young (6144K), 6 survivors (6144K)
 Metaspace       used 101882K, committed 102528K, reserved 1138688K
  class space    used 13982K, committed 14272K, reserved 1048576K
}
Event: 8.848 GC heap before
{Heap before GC invocations=32 (full 0):
 garbage-first heap   total 214016K, used 177871K [0x0000000080000000, 0x0000000100000000)
  region size 1024K, 71 young (72704K), 6 survivors (6144K)
 Metaspace       used 101883K, committed 102528K, reserved 1138688K
  class space    used 13982K, committed 14272K, reserved 1048576K
}
Event: 8.851 GC heap after
{Heap after GC invocations=33 (full 0):
 garbage-first heap   total 214016K, used 112312K [0x0000000080000000, 0x0000000100000000)
  region size 1024K, 3 young (3072K), 3 survivors (3072K)
 Metaspace       used 101883K, committed 102528K, reserved 1138688K
  class space    used 13982K, committed 14272K, reserved 1048576K
}
Event: 9.367 GC heap before
{Heap before GC invocations=33 (full 0):
 garbage-first heap   total 214016K, used 179896K [0x0000000080000000, 0x0000000100000000)
  region size 1024K, 69 young (70656K), 3 survivors (3072K)
 Metaspace       used 104951K, committed 105664K, reserved 1146880K
  class space    used 14388K, committed 14720K, reserved 1048576K
}
Event: 9.371 GC heap after
{Heap after GC invocations=34 (full 0):
 garbage-first heap   total 321536K, used 111549K [0x0000000080000000, 0x0000000100000000)
  region size 1024K, 4 young (4096K), 4 survivors (4096K)
 Metaspace       used 104951K, committed 105664K, reserved 1146880K
  class space    used 14388K, committed 14720K, reserved 1048576K
}
Event: 9.748 GC heap before
{Heap before GC invocations=34 (full 0):
 garbage-first heap   total 321536K, used 232381K [0x0000000080000000, 0x0000000100000000)
  region size 1024K, 90 young (92160K), 4 survivors (4096K)
 Metaspace       used 109495K, committed 110208K, reserved 1146880K
  class space    used 15048K, committed 15424K, reserved 1048576K
}
Event: 9.753 GC heap after
{Heap after GC invocations=35 (full 0):
 garbage-first heap   total 321536K, used 147584K [0x0000000080000000, 0x0000000100000000)
  region size 1024K, 12 young (12288K), 12 survivors (12288K)
 Metaspace       used 109495K, committed 110208K, reserved 1146880K
  class space    used 15048K, committed 15424K, reserved 1048576K
}
Event: 9.760 GC heap before
{Heap before GC invocations=35 (full 0):
 garbage-first heap   total 321536K, used 186496K [0x0000000080000000, 0x0000000100000000)
  region size 1024K, 23 young (23552K), 12 survivors (12288K)
 Metaspace       used 109500K, committed 110272K, reserved 1146880K
  class space    used 15048K, committed 15424K, reserved 1048576K
}
Event: 9.764 GC heap after
{Heap after GC invocations=36 (full 0):
 garbage-first heap   total 321536K, used 161297K [0x0000000080000000, 0x0000000100000000)
  region size 1024K, 12 young (12288K), 12 survivors (12288K)
 Metaspace       used 109500K, committed 110272K, reserved 1146880K
  class space    used 15048K, committed 15424K, reserved 1048576K
}
Event: 9.765 GC heap before
{Heap before GC invocations=36 (full 0):
 garbage-first heap   total 321536K, used 164369K [0x0000000080000000, 0x0000000100000000)
  region size 1024K, 12 young (12288K), 12 survivors (12288K)
 Metaspace       used 109500K, committed 110272K, reserved 1146880K
  class space    used 15048K, committed 15424K, reserved 1048576K
}
Event: 9.767 GC heap after
{Heap after GC invocations=37 (full 0):
 garbage-first heap   total 321536K, used 164062K [0x0000000080000000, 0x0000000100000000)
  region size 1024K, 5 young (5120K), 5 survivors (5120K)
 Metaspace       used 109500K, committed 110272K, reserved 1146880K
  class space    used 15048K, committed 15424K, reserved 1048576K
}
Event: 10.218 GC heap before
{Heap before GC invocations=38 (full 0):
 garbage-first heap   total 321536K, used 279774K [0x0000000080000000, 0x0000000100000000)
  region size 1024K, 99 young (101376K), 5 survivors (5120K)
 Metaspace       used 112215K, committed 112960K, reserved 1146880K
  class space    used 15659K, committed 16000K, reserved 1048576K
}
Event: 10.237 GC heap after
{Heap after GC invocations=39 (full 0):
 garbage-first heap   total 321536K, used 201932K [0x0000000080000000, 0x0000000100000000)
  region size 1024K, 13 young (13312K), 13 survivors (13312K)
 Metaspace       used 112215K, committed 112960K, reserved 1146880K
  class space    used 15659K, committed 16000K, reserved 1048576K
}
Event: 10.246 GC heap before
{Heap before GC invocations=39 (full 0):
 garbage-first heap   total 321536K, used 203980K [0x0000000080000000, 0x0000000100000000)
  region size 1024K, 15 young (15360K), 13 survivors (13312K)
 Metaspace       used 112302K, committed 113088K, reserved 1146880K
  class space    used 15669K, committed 16064K, reserved 1048576K
}
Event: 10.254 GC heap after
{Heap after GC invocations=40 (full 0):
 garbage-first heap   total 321536K, used 204340K [0x0000000080000000, 0x0000000100000000)
  region size 1024K, 2 young (2048K), 2 survivors (2048K)
 Metaspace       used 112302K, committed 113088K, reserved 1146880K
  class space    used 15669K, committed 16064K, reserved 1048576K
}
Event: 10.353 GC heap before
{Heap before GC invocations=40 (full 0):
 garbage-first heap   total 321536K, used 257588K [0x0000000080000000, 0x0000000100000000)
  region size 1024K, 55 young (56320K), 2 survivors (2048K)
 Metaspace       used 112586K, committed 113344K, reserved 1146880K
  class space    used 15697K, committed 16064K, reserved 1048576K
}
Event: 10.365 GC heap after
{Heap after GC invocations=41 (full 0):
 garbage-first heap   total 321536K, used 231424K [0x0000000080000000, 0x0000000100000000)
  region size 1024K, 7 young (7168K), 7 survivors (7168K)
 Metaspace       used 112586K, committed 113344K, reserved 1146880K
  class space    used 15697K, committed 16064K, reserved 1048576K
}
Event: 10.423 GC heap before
{Heap before GC invocations=41 (full 0):
 garbage-first heap   total 321536K, used 262144K [0x0000000080000000, 0x0000000100000000)
  region size 1024K, 37 young (37888K), 7 survivors (7168K)
 Metaspace       used 112668K, committed 113408K, reserved 1146880K
  class space    used 15697K, committed 16064K, reserved 1048576K
}

