# JRE version: OpenJDK Runtime Environment (17.0.6) (build 17.0.6+0-b2043.56-10027231)
# Java VM: OpenJDK 64-Bit Server VM (17.0.6+0-b2043.56-10027231, mixed mode, tiered, compressed oops, compressed class ptrs, g1 gc, windows-amd64)
GC Precious Log:
 CPUs: 12 total, 12 available
 Memory: 15289M
 Large Page Support: Disabled
 NUMA Support: Disabled
 Compressed Oops: Enabled (32-bit)
 Heap Region Size: 1M
 Heap Min Capacity: 8M
 Heap Initial Capacity: 240M
 Heap Max Capacity: 2G
 Pre-touch: Disabled
 Parallel Workers: 10
 Concurrent Workers: 3
 Concurrent Refinement Workers: 10
 Periodic GC: Disabled
Heap:
 garbage-first heap   total 245760K, used 136911K [0x0000000080000000, 0x0000000100000000)
  region size 1024K, 2 young (2048K), 2 survivors (2048K)
 Metaspace       used 120158K, committed 120896K, reserved 1155072K
  class space    used 15711K, committed 16064K, reserved 1048576K
GC Heap History (20 events):
Event: 6.084 GC heap after
{Heap after GC invocations=37 (full 0):
 garbage-first heap   total 187392K, used 99029K [0x0000000080000000, 0x0000000100000000)
  region size 1024K, 2 young (2048K), 2 survivors (2048K)
 Metaspace       used 88749K, committed 89280K, reserved 1130496K
  class space    used 11880K, committed 12096K, reserved 1048576K
}
Event: 6.396 GC heap before
{Heap before GC invocations=37 (full 0):
 garbage-first heap   total 187392K, used 152277K [0x0000000080000000, 0x0000000100000000)
  region size 1024K, 54 young (55296K), 2 survivors (2048K)
 Metaspace       used 91192K, committed 91776K, reserved 1130496K
  class space    used 12144K, committed 12416K, reserved 1048576K
}
Event: 6.400 GC heap after
{Heap after GC invocations=38 (full 0):
 garbage-first heap   total 187392K, used 104004K [0x0000000080000000, 0x0000000100000000)
  region size 1024K, 7 young (7168K), 7 survivors (7168K)
 Metaspace       used 91192K, committed 91776K, reserved 1130496K
  class space    used 12144K, committed 12416K, reserved 1048576K
}
Event: 6.864 GC heap before
{Heap before GC invocations=39 (full 0):
 garbage-first heap   total 188416K, used 152132K [0x0000000080000000, 0x0000000100000000)
  region size 1024K, 54 young (55296K), 7 survivors (7168K)
 Metaspace       used 96308K, committed 96960K, reserved 1138688K
  class space    used 12727K, committed 12992K, reserved 1048576K
}
Event: 6.868 GC heap after
{Heap after GC invocations=40 (full 0):
 garbage-first heap   total 188416K, used 106635K [0x0000000080000000, 0x0000000100000000)
  region size 1024K, 3 young (3072K), 3 survivors (3072K)
 Metaspace       used 96308K, committed 96960K, reserved 1138688K
  class space    used 12727K, committed 12992K, reserved 1048576K
}
Event: 6.909 GC heap before
{Heap before GC invocations=40 (full 0):
 garbage-first heap   total 188416K, used 112779K [0x0000000080000000, 0x0000000100000000)
  region size 1024K, 9 young (9216K), 3 survivors (3072K)
 Metaspace       used 96661K, committed 97216K, reserved 1138688K
  class space    used 12778K, committed 12992K, reserved 1048576K
}
Event: 6.911 GC heap after
{Heap after GC invocations=41 (full 0):
 garbage-first heap   total 188416K, used 107476K [0x0000000080000000, 0x0000000100000000)
  region size 1024K, 2 young (2048K), 2 survivors (2048K)
 Metaspace       used 96661K, committed 97216K, reserved 1138688K
  class space    used 12778K, committed 12992K, reserved 1048576K
}
Event: 7.346 GC heap before
{Heap before GC invocations=41 (full 0):
 garbage-first heap   total 188416K, used 154580K [0x0000000080000000, 0x0000000100000000)
  region size 1024K, 49 young (50176K), 2 survivors (2048K)
 Metaspace       used 102375K, committed 102976K, reserved 1138688K
  class space    used 13470K, committed 13696K, reserved 1048576K
}
Event: 7.349 GC heap after
{Heap after GC invocations=42 (full 0):
 garbage-first heap   total 188416K, used 109663K [0x0000000080000000, 0x0000000100000000)
  region size 1024K, 4 young (4096K), 4 survivors (4096K)
 Metaspace       used 102375K, committed 102976K, reserved 1138688K
  class space    used 13470K, committed 13696K, reserved 1048576K
}
Event: 7.712 GC heap before
{Heap before GC invocations=43 (full 0):
 garbage-first heap   total 191488K, used 155743K [0x0000000080000000, 0x0000000100000000)
  region size 1024K, 50 young (51200K), 4 survivors (4096K)
 Metaspace       used 109692K, committed 110336K, reserved 1146880K
  class space    used 14215K, committed 14464K, reserved 1048576K
}
Event: 7.714 GC heap after
{Heap after GC invocations=44 (full 0):
 garbage-first heap   total 191488K, used 110796K [0x0000000080000000, 0x0000000100000000)
  region size 1024K, 5 young (5120K), 5 survivors (5120K)
 Metaspace       used 109692K, committed 110336K, reserved 1146880K
  class space    used 14215K, committed 14464K, reserved 1048576K
}
Event: 7.745 GC heap before
{Heap before GC invocations=44 (full 0):
 garbage-first heap   total 191488K, used 113868K [0x0000000080000000, 0x0000000100000000)
  region size 1024K, 9 young (9216K), 5 survivors (5120K)
 Metaspace       used 110270K, committed 110912K, reserved 1146880K
  class space    used 14266K, committed 14528K, reserved 1048576K
}
Event: 7.748 GC heap after
{Heap after GC invocations=45 (full 0):
 garbage-first heap   total 191488K, used 109519K [0x0000000080000000, 0x0000000100000000)
  region size 1024K, 2 young (2048K), 2 survivors (2048K)
 Metaspace       used 110270K, committed 110912K, reserved 1146880K
  class space    used 14266K, committed 14528K, reserved 1048576K
}
Event: 8.276 GC heap before
{Heap before GC invocations=45 (full 0):
 garbage-first heap   total 191488K, used 160719K [0x0000000080000000, 0x0000000100000000)
  region size 1024K, 52 young (53248K), 2 survivors (2048K)
 Metaspace       used 116162K, committed 116864K, reserved 1155072K
  class space    used 15178K, committed 15488K, reserved 1048576K
}
Event: 8.278 GC heap after
{Heap after GC invocations=46 (full 0):
 garbage-first heap   total 191488K, used 112002K [0x0000000080000000, 0x0000000100000000)
  region size 1024K, 4 young (4096K), 4 survivors (4096K)
 Metaspace       used 116162K, committed 116864K, reserved 1155072K
  class space    used 15178K, committed 15488K, reserved 1048576K
}
Event: 8.900 GC heap before
{Heap before GC invocations=47 (full 0):
 garbage-first heap   total 191488K, used 173442K [0x0000000080000000, 0x0000000100000000)
  region size 1024K, 52 young (53248K), 4 survivors (4096K)
 Metaspace       used 117948K, committed 118656K, reserved 1155072K
  class space    used 15405K, committed 15744K, reserved 1048576K
}
Event: 8.905 GC heap after
{Heap after GC invocations=48 (full 0):
 garbage-first heap   total 191488K, used 134091K [0x0000000080000000, 0x0000000100000000)
  region size 1024K, 7 young (7168K), 7 survivors (7168K)
 Metaspace       used 117948K, committed 118656K, reserved 1155072K
  class space    used 15405K, committed 15744K, reserved 1048576K
}
Event: 8.923 GC heap before
{Heap before GC invocations=48 (full 0):
 garbage-first heap   total 191488K, used 135115K [0x0000000080000000, 0x0000000100000000)
  region size 1024K, 9 young (9216K), 7 survivors (7168K)
 Metaspace       used 118099K, committed 118848K, reserved 1155072K
  class space    used 15418K, committed 15744K, reserved 1048576K
}
Event: 8.926 GC heap after
{Heap after GC invocations=49 (full 0):
 garbage-first heap   total 191488K, used 135594K [0x0000000080000000, 0x0000000100000000)
  region size 1024K, 1 young (1024K), 1 survivors (1024K)
 Metaspace       used 118099K, committed 118848K, reserved 1155072K
  class space    used 15418K, committed 15744K, reserved 1048576K
}
Event: 9.163 GC heap before
{Heap before GC invocations=49 (full 0):
 garbage-first heap   total 191488K, used 160170K [0x0000000080000000, 0x0000000100000000)
  region size 1024K, 26 young (26624K), 1 survivors (1024K)
 Metaspace       used 120158K, committed 120896K, reserved 1155072K
  class space    used 15711K, committed 16064K, reserved 1048576K
}

