# JRE version: OpenJDK Runtime Environment (17.0.6) (build 17.0.6+0-b2043.56-10027231)
# Java VM: OpenJDK 64-Bit Server VM (17.0.6+0-b2043.56-10027231, mixed mode, tiered, compressed oops, compressed class ptrs, g1 gc, windows-amd64)
GC Precious Log:
 CPUs: 12 total, 12 available
 Memory: 15289M
 Large Page Support: Disabled
 NUMA Support: Disabled
 Compressed Oops: Enabled (32-bit)
 Heap Region Size: 1M
 Heap Min Capacity: 8M
 Heap Initial Capacity: 240M
 Heap Max Capacity: 2G
 Pre-touch: Disabled
 Parallel Workers: 10
 Concurrent Workers: 3
 Concurrent Refinement Workers: 10
 Periodic GC: Disabled
Heap:
 garbage-first heap   total 342016K, used 261349K [0x0000000080000000, 0x0000000100000000)
  region size 1024K, 74 young (75776K), 9 survivors (9216K)
 Metaspace       used 114741K, committed 115776K, reserved 1155072K
  class space    used 15280K, committed 15808K, reserved 1048576K
GC Heap History (20 events):
Event: 8.700 GC heap before
{Heap before GC invocations=52 (full 0):
 garbage-first heap   total 275456K, used 173944K [0x0000000080000000, 0x0000000100000000)
  region size 1024K, 13 young (13312K), 2 survivors (2048K)
 Metaspace       used 94668K, committed 95488K, reserved 1138688K
  class space    used 12773K, committed 13184K, reserved 1048576K
}
Event: 8.702 GC heap after
{Heap after GC invocations=53 (full 0):
 garbage-first heap   total 275456K, used 163613K [0x0000000080000000, 0x0000000100000000)
  region size 1024K, 1 young (1024K), 1 survivors (1024K)
 Metaspace       used 94668K, committed 95488K, reserved 1138688K
  class space    used 12773K, committed 13184K, reserved 1048576K
}
Event: 9.141 GC heap before
{Heap before GC invocations=53 (full 0):
 garbage-first heap   total 275456K, used 218909K [0x0000000080000000, 0x0000000100000000)
  region size 1024K, 55 young (56320K), 1 survivors (1024K)
 Metaspace       used 94673K, committed 95488K, reserved 1138688K
  class space    used 12773K, committed 13184K, reserved 1048576K
}
Event: 9.144 GC heap after
{Heap after GC invocations=54 (full 0):
 garbage-first heap   total 275456K, used 166058K [0x0000000080000000, 0x0000000100000000)
  region size 1024K, 4 young (4096K), 4 survivors (4096K)
 Metaspace       used 94673K, committed 95488K, reserved 1138688K
  class space    used 12773K, committed 13184K, reserved 1048576K
}
Event: 9.902 GC heap before
{Heap before GC invocations=55 (full 0):
 garbage-first heap   total 283648K, used 222378K [0x0000000080000000, 0x0000000100000000)
  region size 1024K, 59 young (60416K), 4 survivors (4096K)
 Metaspace       used 94675K, committed 95488K, reserved 1138688K
  class space    used 12773K, committed 13184K, reserved 1048576K
}
Event: 9.904 GC heap after
{Heap after GC invocations=56 (full 0):
 garbage-first heap   total 283648K, used 168642K [0x0000000080000000, 0x0000000100000000)
  region size 1024K, 6 young (6144K), 6 survivors (6144K)
 Metaspace       used 94675K, committed 95488K, reserved 1138688K
  class space    used 12773K, committed 13184K, reserved 1048576K
}
Event: 10.005 GC heap before
{Heap before GC invocations=56 (full 0):
 garbage-first heap   total 283648K, used 175810K [0x0000000080000000, 0x0000000100000000)
  region size 1024K, 13 young (13312K), 6 survivors (6144K)
 Metaspace       used 94675K, committed 95488K, reserved 1138688K
  class space    used 12773K, committed 13184K, reserved 1048576K
}
Event: 10.007 GC heap after
{Heap after GC invocations=57 (full 0):
 garbage-first heap   total 283648K, used 168248K [0x0000000080000000, 0x0000000100000000)
  region size 1024K, 1 young (1024K), 1 survivors (1024K)
 Metaspace       used 94675K, committed 95488K, reserved 1138688K
  class space    used 12773K, committed 13184K, reserved 1048576K
}
Event: 10.469 GC heap before
{Heap before GC invocations=57 (full 0):
 garbage-first heap   total 283648K, used 230712K [0x0000000080000000, 0x0000000100000000)
  region size 1024K, 62 young (63488K), 1 survivors (1024K)
 Metaspace       used 94689K, committed 95488K, reserved 1138688K
  class space    used 12776K, committed 13184K, reserved 1048576K
}
Event: 10.472 GC heap after
{Heap after GC invocations=58 (full 0):
 garbage-first heap   total 283648K, used 170944K [0x0000000080000000, 0x0000000100000000)
  region size 1024K, 4 young (4096K), 4 survivors (4096K)
 Metaspace       used 94689K, committed 95488K, reserved 1138688K
  class space    used 12776K, committed 13184K, reserved 1048576K
}
Event: 10.959 GC heap before
{Heap before GC invocations=58 (full 0):
 garbage-first heap   total 283648K, used 229312K [0x0000000080000000, 0x0000000100000000)
  region size 1024K, 62 young (63488K), 4 survivors (4096K)
 Metaspace       used 94729K, committed 95552K, reserved 1138688K
  class space    used 12787K, committed 13184K, reserved 1048576K
}
Event: 10.962 GC heap after
{Heap after GC invocations=59 (full 0):
 garbage-first heap   total 283648K, used 173898K [0x0000000080000000, 0x0000000100000000)
  region size 1024K, 7 young (7168K), 7 survivors (7168K)
 Metaspace       used 94729K, committed 95552K, reserved 1138688K
  class space    used 12787K, committed 13184K, reserved 1048576K
}
Event: 11.506 GC heap before
{Heap before GC invocations=60 (full 0):
 garbage-first heap   total 342016K, used 248650K [0x0000000080000000, 0x0000000100000000)
  region size 1024K, 64 young (65536K), 7 survivors (7168K)
 Metaspace       used 100284K, committed 101056K, reserved 1138688K
  class space    used 13498K, committed 13888K, reserved 1048576K
}
Event: 11.513 GC heap after
{Heap after GC invocations=61 (full 0):
 garbage-first heap   total 342016K, used 181887K [0x0000000080000000, 0x0000000100000000)
  region size 1024K, 8 young (8192K), 8 survivors (8192K)
 Metaspace       used 100284K, committed 101056K, reserved 1138688K
  class space    used 13498K, committed 13888K, reserved 1048576K
}
Event: 11.653 GC heap before
{Heap before GC invocations=61 (full 0):
 garbage-first heap   total 342016K, used 190079K [0x0000000080000000, 0x0000000100000000)
  region size 1024K, 16 young (16384K), 8 survivors (8192K)
 Metaspace       used 102183K, committed 103040K, reserved 1138688K
  class space    used 13719K, committed 14144K, reserved 1048576K
}
Event: 11.657 GC heap after
{Heap after GC invocations=62 (full 0):
 garbage-first heap   total 342016K, used 183008K [0x0000000080000000, 0x0000000100000000)
  region size 1024K, 2 young (2048K), 2 survivors (2048K)
 Metaspace       used 102183K, committed 103040K, reserved 1138688K
  class space    used 13719K, committed 14144K, reserved 1048576K
}
Event: 12.438 GC heap before
{Heap before GC invocations=62 (full 0):
 garbage-first heap   total 342016K, used 263904K [0x0000000080000000, 0x0000000100000000)
  region size 1024K, 82 young (83968K), 2 survivors (2048K)
 Metaspace       used 106976K, committed 107776K, reserved 1146880K
  class space    used 14299K, committed 14656K, reserved 1048576K
}
Event: 12.442 GC heap after
{Heap after GC invocations=63 (full 0):
 garbage-first heap   total 342016K, used 190150K [0x0000000080000000, 0x0000000100000000)
  region size 1024K, 9 young (9216K), 9 survivors (9216K)
 Metaspace       used 106976K, committed 107776K, reserved 1146880K
  class space    used 14299K, committed 14656K, reserved 1048576K
}
Event: 13.499 GC heap before
{Heap before GC invocations=63 (full 0):
 garbage-first heap   total 342016K, used 274118K [0x0000000080000000, 0x0000000100000000)
  region size 1024K, 91 young (93184K), 9 survivors (9216K)
 Metaspace       used 109145K, committed 110016K, reserved 1146880K
  class space    used 14539K, committed 14912K, reserved 1048576K
}
Event: 13.506 GC heap after
{Heap after GC invocations=64 (full 0):
 garbage-first heap   total 342016K, used 196837K [0x0000000080000000, 0x0000000100000000)
  region size 1024K, 9 young (9216K), 9 survivors (9216K)
 Metaspace       used 109145K, committed 110016K, reserved 1146880K
  class space    used 14539K, committed 14912K, reserved 1048576K
}

