# JRE version: OpenJDK Runtime Environment (17.0.6) (build 17.0.6+0-b2043.56-10027231)
# Java VM: OpenJDK 64-Bit Server VM (17.0.6+0-b2043.56-10027231, mixed mode, tiered, compressed oops, compressed class ptrs, g1 gc, windows-amd64)
GC Precious Log:
 CPUs: 12 total, 12 available
 Memory: 15289M
 Large Page Support: Disabled
 NUMA Support: Disabled
 Compressed Oops: Enabled (32-bit)
 Heap Region Size: 1M
 Heap Min Capacity: 8M
 Heap Initial Capacity: 240M
 Heap Max Capacity: 2G
 Pre-touch: Disabled
 Parallel Workers: 10
 Concurrent Workers: 3
 Concurrent Refinement Workers: 10
 Periodic GC: Disabled
Heap:
 garbage-first heap   total 245760K, used 155357K [0x0000000080000000, 0x0000000100000000)
  region size 1024K, 6 young (6144K), 6 survivors (6144K)
 Metaspace       used 104359K, committed 105152K, reserved 1146880K
  class space    used 14158K, committed 14528K, reserved 1048576K
GC Heap History (20 events):
Event: 6.227 GC heap after
{Heap after GC invocations=41 (full 0):
 garbage-first heap   total 189440K, used 104030K [0x0000000080000000, 0x0000000100000000)
  region size 1024K, 3 young (3072K), 3 survivors (3072K)
 Metaspace       used 80546K, committed 81216K, reserved 1122304K
  class space    used 11297K, committed 11584K, reserved 1048576K
}
Event: 6.525 GC heap before
{Heap before GC invocations=42 (full 0):
 garbage-first heap   total 189440K, used 150110K [0x0000000080000000, 0x0000000100000000)
  region size 1024K, 44 young (45056K), 3 survivors (3072K)
 Metaspace       used 85047K, committed 85760K, reserved 1122304K
  class space    used 11897K, committed 12224K, reserved 1048576K
}
Event: 6.528 GC heap after
{Heap after GC invocations=43 (full 0):
 garbage-first heap   total 189440K, used 110433K [0x0000000080000000, 0x0000000100000000)
  region size 1024K, 5 young (5120K), 5 survivors (5120K)
 Metaspace       used 85047K, committed 85760K, reserved 1122304K
  class space    used 11897K, committed 12224K, reserved 1048576K
}
Event: 6.849 GC heap before
{Heap before GC invocations=43 (full 0):
 garbage-first heap   total 189440K, used 150369K [0x0000000080000000, 0x0000000100000000)
  region size 1024K, 45 young (46080K), 5 survivors (5120K)
 Metaspace       used 88313K, committed 89088K, reserved 1130496K
  class space    used 12310K, committed 12672K, reserved 1048576K
}
Event: 6.853 GC heap after
{Heap after GC invocations=44 (full 0):
 garbage-first heap   total 189440K, used 112645K [0x0000000080000000, 0x0000000100000000)
  region size 1024K, 6 young (6144K), 6 survivors (6144K)
 Metaspace       used 88313K, committed 89088K, reserved 1130496K
  class space    used 12310K, committed 12672K, reserved 1048576K
}
Event: 7.145 GC heap before
{Heap before GC invocations=45 (full 0):
 garbage-first heap   total 196608K, used 152581K [0x0000000080000000, 0x0000000100000000)
  region size 1024K, 45 young (46080K), 6 survivors (6144K)
 Metaspace       used 94246K, committed 95040K, reserved 1138688K
  class space    used 13081K, committed 13440K, reserved 1048576K
}
Event: 7.148 GC heap after
{Heap after GC invocations=46 (full 0):
 garbage-first heap   total 196608K, used 113642K [0x0000000080000000, 0x0000000100000000)
  region size 1024K, 4 young (4096K), 4 survivors (4096K)
 Metaspace       used 94246K, committed 95040K, reserved 1138688K
  class space    used 13081K, committed 13440K, reserved 1048576K
}
Event: 7.203 GC heap before
{Heap before GC invocations=46 (full 0):
 garbage-first heap   total 196608K, used 119786K [0x0000000080000000, 0x0000000100000000)
  region size 1024K, 11 young (11264K), 4 survivors (4096K)
 Metaspace       used 95386K, committed 96128K, reserved 1138688K
  class space    used 13228K, committed 13568K, reserved 1048576K
}
Event: 7.205 GC heap after
{Heap after GC invocations=47 (full 0):
 garbage-first heap   total 196608K, used 113704K [0x0000000080000000, 0x0000000100000000)
  region size 1024K, 4 young (4096K), 4 survivors (4096K)
 Metaspace       used 95386K, committed 96128K, reserved 1138688K
  class space    used 13228K, committed 13568K, reserved 1048576K
}
Event: 7.359 GC heap before
{Heap before GC invocations=48 (full 0):
 garbage-first heap   total 211968K, used 167976K [0x0000000080000000, 0x0000000100000000)
  region size 1024K, 50 young (51200K), 4 survivors (4096K)
 Metaspace       used 95699K, committed 96512K, reserved 1138688K
  class space    used 13238K, committed 13568K, reserved 1048576K
}
Event: 7.366 GC heap after
{Heap after GC invocations=49 (full 0):
 garbage-first heap   total 211968K, used 127281K [0x0000000080000000, 0x0000000100000000)
  region size 1024K, 7 young (7168K), 7 survivors (7168K)
 Metaspace       used 95699K, committed 96512K, reserved 1138688K
  class space    used 13238K, committed 13568K, reserved 1048576K
}
Event: 7.373 GC heap before
{Heap before GC invocations=49 (full 0):
 garbage-first heap   total 211968K, used 130353K [0x0000000080000000, 0x0000000100000000)
  region size 1024K, 10 young (10240K), 7 survivors (7168K)
 Metaspace       used 95699K, committed 96512K, reserved 1138688K
  class space    used 13238K, committed 13568K, reserved 1048576K
}
Event: 7.378 GC heap after
{Heap after GC invocations=50 (full 0):
 garbage-first heap   total 211968K, used 129631K [0x0000000080000000, 0x0000000100000000)
  region size 1024K, 2 young (2048K), 2 survivors (2048K)
 Metaspace       used 95699K, committed 96512K, reserved 1138688K
  class space    used 13238K, committed 13568K, reserved 1048576K
}
Event: 7.508 GC heap before
{Heap before GC invocations=50 (full 0):
 garbage-first heap   total 211968K, used 170591K [0x0000000080000000, 0x0000000100000000)
  region size 1024K, 42 young (43008K), 2 survivors (2048K)
 Metaspace       used 95864K, committed 96576K, reserved 1138688K
  class space    used 13261K, committed 13568K, reserved 1048576K
}
Event: 7.514 GC heap after
{Heap after GC invocations=51 (full 0):
 garbage-first heap   total 211968K, used 141449K [0x0000000080000000, 0x0000000100000000)
  region size 1024K, 6 young (6144K), 6 survivors (6144K)
 Metaspace       used 95864K, committed 96576K, reserved 1138688K
  class space    used 13261K, committed 13568K, reserved 1048576K
}
Event: 7.742 GC heap before
{Heap before GC invocations=52 (full 0):
 garbage-first heap   total 245760K, used 172169K [0x0000000080000000, 0x0000000100000000)
  region size 1024K, 36 young (36864K), 6 survivors (6144K)
 Metaspace       used 99540K, committed 100352K, reserved 1138688K
  class space    used 13703K, committed 14080K, reserved 1048576K
}
Event: 7.746 GC heap after
{Heap after GC invocations=53 (full 0):
 garbage-first heap   total 245760K, used 143644K [0x0000000080000000, 0x0000000100000000)
  region size 1024K, 2 young (2048K), 2 survivors (2048K)
 Metaspace       used 99540K, committed 100352K, reserved 1138688K
  class space    used 13703K, committed 14080K, reserved 1048576K
}
Event: 7.803 GC heap before
{Heap before GC invocations=53 (full 0):
 garbage-first heap   total 245760K, used 161052K [0x0000000080000000, 0x0000000100000000)
  region size 1024K, 12 young (12288K), 2 survivors (2048K)
 Metaspace       used 100009K, committed 100800K, reserved 1138688K
  class space    used 13747K, committed 14080K, reserved 1048576K
}
Event: 7.805 GC heap after
{Heap after GC invocations=54 (full 0):
 garbage-first heap   total 245760K, used 151840K [0x0000000080000000, 0x0000000100000000)
  region size 1024K, 2 young (2048K), 2 survivors (2048K)
 Metaspace       used 100009K, committed 100800K, reserved 1138688K
  class space    used 13747K, committed 14080K, reserved 1048576K
}
Event: 8.124 GC heap before
{Heap before GC invocations=54 (full 0):
 garbage-first heap   total 245760K, used 196896K [0x0000000080000000, 0x0000000100000000)
  region size 1024K, 46 young (47104K), 2 survivors (2048K)
 Metaspace       used 104359K, committed 105152K, reserved 1146880K
  class space    used 14158K, committed 14528K, reserved 1048576K
}

