# JRE version: OpenJDK Runtime Environment (17.0.6) (build 17.0.6+0-b2043.56-10027231)
# Java VM: OpenJDK 64-Bit Server VM (17.0.6+0-b2043.56-10027231, mixed mode, tiered, compressed oops, compressed class ptrs, g1 gc, windows-amd64)
GC Precious Log:
 CPUs: 12 total, 12 available
 Memory: 15289M
 Large Page Support: Disabled
 NUMA Support: Disabled
 Compressed Oops: Enabled (32-bit)
 Heap Region Size: 1M
 Heap Min Capacity: 8M
 Heap Initial Capacity: 240M
 Heap Max Capacity: 2G
 Pre-touch: Disabled
 Parallel Workers: 10
 Concurrent Workers: 3
 Concurrent Refinement Workers: 10
 Periodic GC: Disabled
Heap:
 garbage-first heap   total 247808K, used 203074K [0x0000000080000000, 0x0000000100000000)
  region size 1024K, 3 young (3072K), 3 survivors (3072K)
 Metaspace       used 110258K, committed 110976K, reserved 1146880K
  class space    used 15142K, committed 15488K, reserved 1048576K
GC Heap History (20 events):
Event: 7.757 GC heap after
{Heap after GC invocations=31 (full 0):
 garbage-first heap   total 177152K, used 91042K [0x0000000080000000, 0x0000000100000000)
  region size 1024K, 8 young (8192K), 8 survivors (8192K)
 Metaspace       used 96907K, committed 97536K, reserved 1138688K
  class space    used 13287K, committed 13568K, reserved 1048576K
}
Event: 8.036 GC heap before
{Heap before GC invocations=31 (full 0):
 garbage-first heap   total 177152K, used 151458K [0x0000000080000000, 0x0000000100000000)
  region size 1024K, 63 young (64512K), 8 survivors (8192K)
 Metaspace       used 99129K, committed 99840K, reserved 1138688K
  class space    used 13503K, committed 13824K, reserved 1048576K
}
Event: 8.044 GC heap after
{Heap after GC invocations=32 (full 0):
 garbage-first heap   total 177152K, used 99570K [0x0000000080000000, 0x0000000100000000)
  region size 1024K, 8 young (8192K), 8 survivors (8192K)
 Metaspace       used 99129K, committed 99840K, reserved 1138688K
  class space    used 13503K, committed 13824K, reserved 1048576K
}
Event: 8.260 GC heap before
{Heap before GC invocations=32 (full 0):
 garbage-first heap   total 177152K, used 143602K [0x0000000080000000, 0x0000000100000000)
  region size 1024K, 52 young (53248K), 8 survivors (8192K)
 Metaspace       used 100866K, committed 101568K, reserved 1138688K
  class space    used 13873K, committed 14208K, reserved 1048576K
}
Event: 8.265 GC heap after
{Heap after GC invocations=33 (full 0):
 garbage-first heap   total 177152K, used 104791K [0x0000000080000000, 0x0000000100000000)
  region size 1024K, 5 young (5120K), 5 survivors (5120K)
 Metaspace       used 100866K, committed 101568K, reserved 1138688K
  class space    used 13873K, committed 14208K, reserved 1048576K
}
Event: 8.483 GC heap before
{Heap before GC invocations=33 (full 0):
 garbage-first heap   total 177152K, used 144727K [0x0000000080000000, 0x0000000100000000)
  region size 1024K, 45 young (46080K), 5 survivors (5120K)
 Metaspace       used 101400K, committed 102144K, reserved 1138688K
  class space    used 13924K, committed 14272K, reserved 1048576K
}
Event: 8.486 GC heap after
{Heap after GC invocations=34 (full 0):
 garbage-first heap   total 218112K, used 107312K [0x0000000080000000, 0x0000000100000000)
  region size 1024K, 3 young (3072K), 3 survivors (3072K)
 Metaspace       used 101400K, committed 102144K, reserved 1138688K
  class space    used 13924K, committed 14272K, reserved 1048576K
}
Event: 8.992 GC heap before
{Heap before GC invocations=34 (full 0):
 garbage-first heap   total 218112K, used 175920K [0x0000000080000000, 0x0000000100000000)
  region size 1024K, 71 young (72704K), 3 survivors (3072K)
 Metaspace       used 105236K, committed 105920K, reserved 1146880K
  class space    used 14417K, committed 14720K, reserved 1048576K
}
Event: 8.997 GC heap after
{Heap after GC invocations=35 (full 0):
 garbage-first heap   total 218112K, used 112483K [0x0000000080000000, 0x0000000100000000)
  region size 1024K, 8 young (8192K), 8 survivors (8192K)
 Metaspace       used 105236K, committed 105920K, reserved 1146880K
  class space    used 14417K, committed 14720K, reserved 1048576K
}
Event: 9.138 GC heap before
{Heap before GC invocations=35 (full 0):
 garbage-first heap   total 218112K, used 178019K [0x0000000080000000, 0x0000000100000000)
  region size 1024K, 55 young (56320K), 8 survivors (8192K)
 Metaspace       used 106868K, committed 107648K, reserved 1146880K
  class space    used 14652K, committed 15040K, reserved 1048576K
}
Event: 9.142 GC heap after
{Heap after GC invocations=36 (full 0):
 garbage-first heap   total 218112K, used 137957K [0x0000000080000000, 0x0000000100000000)
  region size 1024K, 7 young (7168K), 7 survivors (7168K)
 Metaspace       used 106868K, committed 107648K, reserved 1146880K
  class space    used 14652K, committed 15040K, reserved 1048576K
}
Event: 9.407 GC heap before
{Heap before GC invocations=37 (full 0):
 garbage-first heap   total 247808K, used 230117K [0x0000000080000000, 0x0000000100000000)
  region size 1024K, 42 young (43008K), 7 survivors (7168K)
 Metaspace       used 109898K, committed 110720K, reserved 1146880K
  class space    used 15091K, committed 15488K, reserved 1048576K
}
Event: 9.412 GC heap after
{Heap after GC invocations=38 (full 0):
 garbage-first heap   total 247808K, used 169870K [0x0000000080000000, 0x0000000100000000)
  region size 1024K, 6 young (6144K), 6 survivors (6144K)
 Metaspace       used 109898K, committed 110720K, reserved 1146880K
  class space    used 15091K, committed 15488K, reserved 1048576K
}
Event: 9.447 GC heap before
{Heap before GC invocations=38 (full 0):
 garbage-first heap   total 247808K, used 182158K [0x0000000080000000, 0x0000000100000000)
  region size 1024K, 12 young (12288K), 6 survivors (6144K)
 Metaspace       used 109957K, committed 110720K, reserved 1146880K
  class space    used 15097K, committed 15488K, reserved 1048576K
}
Event: 9.450 GC heap after
{Heap after GC invocations=39 (full 0):
 garbage-first heap   total 247808K, used 171008K [0x0000000080000000, 0x0000000100000000)
  region size 1024K, 2 young (2048K), 2 survivors (2048K)
 Metaspace       used 109957K, committed 110720K, reserved 1146880K
  class space    used 15097K, committed 15488K, reserved 1048576K
}
Event: 9.660 GC heap before
{Heap before GC invocations=39 (full 0):
 garbage-first heap   total 247808K, used 207872K [0x0000000080000000, 0x0000000100000000)
  region size 1024K, 38 young (38912K), 2 survivors (2048K)
 Metaspace       used 110236K, committed 110976K, reserved 1146880K
  class space    used 15138K, committed 15488K, reserved 1048576K
}
Event: 9.670 GC heap after
{Heap after GC invocations=40 (full 0):
 garbage-first heap   total 247808K, used 184785K [0x0000000080000000, 0x0000000100000000)
  region size 1024K, 5 young (5120K), 5 survivors (5120K)
 Metaspace       used 110236K, committed 110976K, reserved 1146880K
  class space    used 15138K, committed 15488K, reserved 1048576K
}
Event: 9.771 GC heap before
{Heap before GC invocations=40 (full 0):
 garbage-first heap   total 247808K, used 207313K [0x0000000080000000, 0x0000000100000000)
  region size 1024K, 26 young (26624K), 5 survivors (5120K)
 Metaspace       used 110237K, committed 110976K, reserved 1146880K
  class space    used 15138K, committed 15488K, reserved 1048576K
}
Event: 9.779 GC heap after
{Heap after GC invocations=41 (full 0):
 garbage-first heap   total 247808K, used 194560K [0x0000000080000000, 0x0000000100000000)
  region size 1024K, 4 young (4096K), 4 survivors (4096K)
 Metaspace       used 110237K, committed 110976K, reserved 1146880K
  class space    used 15138K, committed 15488K, reserved 1048576K
}
Event: 9.845 GC heap before
{Heap before GC invocations=41 (full 0):
 garbage-first heap   total 247808K, used 209920K [0x0000000080000000, 0x0000000100000000)
  region size 1024K, 18 young (18432K), 4 survivors (4096K)
 Metaspace       used 110258K, committed 110976K, reserved 1146880K
  class space    used 15142K, committed 15488K, reserved 1048576K
}

