# JRE version: OpenJDK Runtime Environment (17.0.6) (build 17.0.6+0-b2043.56-10027231)
# Java VM: OpenJDK 64-Bit Server VM (17.0.6+0-b2043.56-10027231, mixed mode, tiered, compressed oops, compressed class ptrs, g1 gc, windows-amd64)
GC Precious Log:
 CPUs: 12 total, 12 available
 Memory: 15289M
 Large Page Support: Disabled
 NUMA Support: Disabled
 Compressed Oops: Enabled (32-bit)
 Heap Region Size: 1M
 Heap Min Capacity: 8M
 Heap Initial Capacity: 240M
 Heap Max Capacity: 2G
 Pre-touch: Disabled
 Parallel Workers: 10
 Concurrent Workers: 3
 Concurrent Refinement Workers: 10
 Periodic GC: Disabled
Heap:
 garbage-first heap   total 437248K, used 327922K [0x0000000080000000, 0x0000000100000000)
  region size 1024K, 46 young (47104K), 13 survivors (13312K)
 Metaspace       used 186092K, committed 187264K, reserved 1212416K
  class space    used 23904K, committed 24448K, reserved 1048576K
GC Heap History (20 events):
Event: 15.573 GC heap before
{Heap before GC invocations=50 (full 0):
 garbage-first heap   total 391168K, used 306856K [0x0000000080000000, 0x0000000100000000)
  region size 1024K, 84 young (86016K), 8 survivors (8192K)
 Metaspace       used 154303K, committed 155136K, reserved 1187840K
  class space    used 20141K, committed 20480K, reserved 1048576K
}
Event: 15.576 GC heap after
{Heap after GC invocations=51 (full 0):
 garbage-first heap   total 391168K, used 233200K [0x0000000080000000, 0x0000000100000000)
  region size 1024K, 8 young (8192K), 8 survivors (8192K)
 Metaspace       used 154303K, committed 155136K, reserved 1187840K
  class space    used 20141K, committed 20480K, reserved 1048576K
}
Event: 15.681 GC heap before
{Heap before GC invocations=51 (full 0):
 garbage-first heap   total 391168K, used 244464K [0x0000000080000000, 0x0000000100000000)
  region size 1024K, 19 young (19456K), 8 survivors (8192K)
 Metaspace       used 154303K, committed 155136K, reserved 1187840K
  class space    used 20141K, committed 20480K, reserved 1048576K
}
Event: 15.684 GC heap after
{Heap after GC invocations=52 (full 0):
 garbage-first heap   total 391168K, used 229155K [0x0000000080000000, 0x0000000100000000)
  region size 1024K, 2 young (2048K), 2 survivors (2048K)
 Metaspace       used 154303K, committed 155136K, reserved 1187840K
  class space    used 20141K, committed 20480K, reserved 1048576K
}
Event: 16.536 GC heap before
{Heap before GC invocations=52 (full 0):
 garbage-first heap   total 391168K, used 345891K [0x0000000080000000, 0x0000000100000000)
  region size 1024K, 97 young (99328K), 2 survivors (2048K)
 Metaspace       used 159418K, committed 160320K, reserved 1196032K
  class space    used 20795K, committed 21248K, reserved 1048576K
}
Event: 16.542 GC heap after
{Heap after GC invocations=53 (full 0):
 garbage-first heap   total 391168K, used 238477K [0x0000000080000000, 0x0000000100000000)
  region size 1024K, 11 young (11264K), 11 survivors (11264K)
 Metaspace       used 159418K, committed 160320K, reserved 1196032K
  class space    used 20795K, committed 21248K, reserved 1048576K
}
Event: 17.349 GC heap before
{Heap before GC invocations=53 (full 0):
 garbage-first heap   total 391168K, used 323469K [0x0000000080000000, 0x0000000100000000)
  region size 1024K, 95 young (97280K), 11 survivors (11264K)
 Metaspace       used 166399K, committed 167296K, reserved 1196032K
  class space    used 21653K, committed 22080K, reserved 1048576K
}
Event: 17.355 GC heap after
{Heap after GC invocations=54 (full 0):
 garbage-first heap   total 391168K, used 244945K [0x0000000080000000, 0x0000000100000000)
  region size 1024K, 7 young (7168K), 7 survivors (7168K)
 Metaspace       used 166399K, committed 167296K, reserved 1196032K
  class space    used 21653K, committed 22080K, reserved 1048576K
}
Event: 17.896 GC heap before
{Heap before GC invocations=54 (full 0):
 garbage-first heap   total 391168K, used 327889K [0x0000000080000000, 0x0000000100000000)
  region size 1024K, 88 young (90112K), 7 survivors (7168K)
 Metaspace       used 168890K, committed 169920K, reserved 1204224K
  class space    used 21950K, committed 22464K, reserved 1048576K
}
Event: 17.901 GC heap after
{Heap after GC invocations=55 (full 0):
 garbage-first heap   total 391168K, used 249747K [0x0000000080000000, 0x0000000100000000)
  region size 1024K, 11 young (11264K), 11 survivors (11264K)
 Metaspace       used 168890K, committed 169920K, reserved 1204224K
  class space    used 21950K, committed 22464K, reserved 1048576K
}
Event: 18.594 GC heap before
{Heap before GC invocations=56 (full 0):
 garbage-first heap   total 437248K, used 325523K [0x0000000080000000, 0x0000000100000000)
  region size 1024K, 86 young (88064K), 11 survivors (11264K)
 Metaspace       used 173761K, committed 174848K, reserved 1204224K
  class space    used 22572K, committed 23104K, reserved 1048576K
}
Event: 18.603 GC heap after
{Heap after GC invocations=57 (full 0):
 garbage-first heap   total 437248K, used 256995K [0x0000000080000000, 0x0000000100000000)
  region size 1024K, 11 young (11264K), 11 survivors (11264K)
 Metaspace       used 173761K, committed 174848K, reserved 1204224K
  class space    used 22572K, committed 23104K, reserved 1048576K
}
Event: 18.688 GC heap before
{Heap before GC invocations=57 (full 0):
 garbage-first heap   total 437248K, used 266211K [0x0000000080000000, 0x0000000100000000)
  region size 1024K, 21 young (21504K), 11 survivors (11264K)
 Metaspace       used 174509K, committed 175616K, reserved 1204224K
  class space    used 22666K, committed 23168K, reserved 1048576K
}
Event: 18.695 GC heap after
{Heap after GC invocations=58 (full 0):
 garbage-first heap   total 437248K, used 255292K [0x0000000080000000, 0x0000000100000000)
  region size 1024K, 3 young (3072K), 3 survivors (3072K)
 Metaspace       used 174509K, committed 175616K, reserved 1204224K
  class space    used 22666K, committed 23168K, reserved 1048576K
}
Event: 95.436 GC heap before
{Heap before GC invocations=58 (full 0):
 garbage-first heap   total 437248K, used 363836K [0x0000000080000000, 0x0000000100000000)
  region size 1024K, 110 young (112640K), 3 survivors (3072K)
 Metaspace       used 179400K, committed 180544K, reserved 1212416K
  class space    used 23122K, committed 23680K, reserved 1048576K
}
Event: 95.441 GC heap after
{Heap after GC invocations=59 (full 0):
 garbage-first heap   total 437248K, used 261213K [0x0000000080000000, 0x0000000100000000)
  region size 1024K, 8 young (8192K), 8 survivors (8192K)
 Metaspace       used 179400K, committed 180544K, reserved 1212416K
  class space    used 23122K, committed 23680K, reserved 1048576K
}
Event: 96.207 GC heap before
{Heap before GC invocations=59 (full 0):
 garbage-first heap   total 437248K, used 365661K [0x0000000080000000, 0x0000000100000000)
  region size 1024K, 111 young (113664K), 8 survivors (8192K)
 Metaspace       used 182868K, committed 184000K, reserved 1212416K
  class space    used 23592K, committed 24128K, reserved 1048576K
}
Event: 96.217 GC heap after
{Heap after GC invocations=60 (full 0):
 garbage-first heap   total 437248K, used 273326K [0x0000000080000000, 0x0000000100000000)
  region size 1024K, 12 young (12288K), 12 survivors (12288K)
 Metaspace       used 182868K, committed 184000K, reserved 1212416K
  class space    used 23592K, committed 24128K, reserved 1048576K
}
Event: 96.937 GC heap before
{Heap before GC invocations=60 (full 0):
 garbage-first heap   total 437248K, used 348078K [0x0000000080000000, 0x0000000100000000)
  region size 1024K, 87 young (89088K), 12 survivors (12288K)
 Metaspace       used 185172K, committed 186304K, reserved 1212416K
  class space    used 23825K, committed 24384K, reserved 1048576K
}
Event: 96.946 GC heap after
{Heap after GC invocations=61 (full 0):
 garbage-first heap   total 437248K, used 287986K [0x0000000080000000, 0x0000000100000000)
  region size 1024K, 13 young (13312K), 13 survivors (13312K)
 Metaspace       used 185172K, committed 186304K, reserved 1212416K
  class space    used 23825K, committed 24384K, reserved 1048576K
}

