# JRE version: OpenJDK Runtime Environment (17.0.6) (build 17.0.6+0-b2043.56-10027231)
# Java VM: OpenJDK 64-Bit Server VM (17.0.6+0-b2043.56-10027231, mixed mode, tiered, compressed oops, compressed class ptrs, g1 gc, windows-amd64)
GC Precious Log:
 CPUs: 12 total, 12 available
 Memory: 15289M
 Large Page Support: Disabled
 NUMA Support: Disabled
 Compressed Oops: Enabled (32-bit)
 Heap Region Size: 1M
 Heap Min Capacity: 8M
 Heap Initial Capacity: 240M
 Heap Max Capacity: 2G
 Pre-touch: Disabled
 Parallel Workers: 10
 Concurrent Workers: 3
 Concurrent Refinement Workers: 10
 Periodic GC: Disabled
Heap:
 garbage-first heap   total 271360K, used 161702K [0x0000000080000000, 0x0000000100000000)
  region size 1024K, 4 young (4096K), 4 survivors (4096K)
 Metaspace       used 114227K, committed 115072K, reserved 1155072K
  class space    used 15301K, committed 15680K, reserved 1048576K
GC Heap History (20 events):
Event: 6.441 GC heap after
{Heap after GC invocations=32 (full 0):
 garbage-first heap   total 188416K, used 111410K [0x0000000080000000, 0x0000000100000000)
  region size 1024K, 2 young (2048K), 2 survivors (2048K)
 Metaspace       used 81496K, committed 82176K, reserved 1122304K
  class space    used 10947K, committed 11264K, reserved 1048576K
}
Event: 6.777 GC heap before
{Heap before GC invocations=32 (full 0):
 garbage-first heap   total 188416K, used 156466K [0x0000000080000000, 0x0000000100000000)
  region size 1024K, 46 young (47104K), 2 survivors (2048K)
 Metaspace       used 86232K, committed 87040K, reserved 1130496K
  class space    used 11552K, committed 11904K, reserved 1048576K
}
Event: 6.779 GC heap after
{Heap after GC invocations=33 (full 0):
 garbage-first heap   total 226304K, used 112364K [0x0000000080000000, 0x0000000100000000)
  region size 1024K, 3 young (3072K), 3 survivors (3072K)
 Metaspace       used 86232K, committed 87040K, reserved 1130496K
  class space    used 11552K, committed 11904K, reserved 1048576K
}
Event: 7.284 GC heap before
{Heap before GC invocations=34 (full 0):
 garbage-first heap   total 226304K, used 185068K [0x0000000080000000, 0x0000000100000000)
  region size 1024K, 67 young (68608K), 3 survivors (3072K)
 Metaspace       used 94781K, committed 95552K, reserved 1138688K
  class space    used 13100K, committed 13440K, reserved 1048576K
}
Event: 7.287 GC heap after
{Heap after GC invocations=35 (full 0):
 garbage-first heap   total 226304K, used 124312K [0x0000000080000000, 0x0000000100000000)
  region size 1024K, 7 young (7168K), 7 survivors (7168K)
 Metaspace       used 94781K, committed 95552K, reserved 1138688K
  class space    used 13100K, committed 13440K, reserved 1048576K
}
Event: 7.295 GC heap before
{Heap before GC invocations=35 (full 0):
 garbage-first heap   total 226304K, used 128408K [0x0000000080000000, 0x0000000100000000)
  region size 1024K, 11 young (11264K), 7 survivors (7168K)
 Metaspace       used 94781K, committed 95552K, reserved 1138688K
  class space    used 13100K, committed 13440K, reserved 1048576K
}
Event: 7.298 GC heap after
{Heap after GC invocations=36 (full 0):
 garbage-first heap   total 226304K, used 124944K [0x0000000080000000, 0x0000000100000000)
  region size 1024K, 2 young (2048K), 2 survivors (2048K)
 Metaspace       used 94781K, committed 95552K, reserved 1138688K
  class space    used 13100K, committed 13440K, reserved 1048576K
}
Event: 7.445 GC heap before
{Heap before GC invocations=36 (full 0):
 garbage-first heap   total 226304K, used 183312K [0x0000000080000000, 0x0000000100000000)
  region size 1024K, 59 young (60416K), 2 survivors (2048K)
 Metaspace       used 94918K, committed 95744K, reserved 1138688K
  class space    used 13107K, committed 13504K, reserved 1048576K
}
Event: 7.454 GC heap after
{Heap after GC invocations=37 (full 0):
 garbage-first heap   total 226304K, used 138239K [0x0000000080000000, 0x0000000100000000)
  region size 1024K, 8 young (8192K), 8 survivors (8192K)
 Metaspace       used 94918K, committed 95744K, reserved 1138688K
  class space    used 13107K, committed 13504K, reserved 1048576K
}
Event: 7.727 GC heap before
{Heap before GC invocations=38 (full 0):
 garbage-first heap   total 249856K, used 181247K [0x0000000080000000, 0x0000000100000000)
  region size 1024K, 50 young (51200K), 8 survivors (8192K)
 Metaspace       used 98468K, committed 99200K, reserved 1138688K
  class space    used 13541K, committed 13888K, reserved 1048576K
}
Event: 7.733 GC heap after
{Heap after GC invocations=39 (full 0):
 garbage-first heap   total 249856K, used 144632K [0x0000000080000000, 0x0000000100000000)
  region size 1024K, 6 young (6144K), 6 survivors (6144K)
 Metaspace       used 98468K, committed 99200K, reserved 1138688K
  class space    used 13541K, committed 13888K, reserved 1048576K
}
Event: 7.797 GC heap before
{Heap before GC invocations=39 (full 0):
 garbage-first heap   total 249856K, used 156920K [0x0000000080000000, 0x0000000100000000)
  region size 1024K, 12 young (12288K), 6 survivors (6144K)
 Metaspace       used 99117K, committed 99904K, reserved 1138688K
  class space    used 13622K, committed 14016K, reserved 1048576K
}
Event: 7.800 GC heap after
{Heap after GC invocations=40 (full 0):
 garbage-first heap   total 249856K, used 152681K [0x0000000080000000, 0x0000000100000000)
  region size 1024K, 2 young (2048K), 2 survivors (2048K)
 Metaspace       used 99117K, committed 99904K, reserved 1138688K
  class space    used 13622K, committed 14016K, reserved 1048576K
}
Event: 8.064 GC heap before
{Heap before GC invocations=40 (full 0):
 garbage-first heap   total 249856K, used 199785K [0x0000000080000000, 0x0000000100000000)
  region size 1024K, 48 young (49152K), 2 survivors (2048K)
 Metaspace       used 102909K, committed 103744K, reserved 1146880K
  class space    used 13999K, committed 14400K, reserved 1048576K
}
Event: 8.066 GC heap after
{Heap after GC invocations=41 (full 0):
 garbage-first heap   total 249856K, used 156623K [0x0000000080000000, 0x0000000100000000)
  region size 1024K, 5 young (5120K), 5 survivors (5120K)
 Metaspace       used 102909K, committed 103744K, reserved 1146880K
  class space    used 13999K, committed 14400K, reserved 1048576K
}
Event: 8.510 GC heap before
{Heap before GC invocations=42 (full 0):
 garbage-first heap   total 271360K, used 203727K [0x0000000080000000, 0x0000000100000000)
  region size 1024K, 51 young (52224K), 5 survivors (5120K)
 Metaspace       used 108663K, committed 109440K, reserved 1146880K
  class space    used 14607K, committed 14976K, reserved 1048576K
}
Event: 8.513 GC heap after
{Heap after GC invocations=43 (full 0):
 garbage-first heap   total 271360K, used 159063K [0x0000000080000000, 0x0000000100000000)
  region size 1024K, 3 young (3072K), 3 survivors (3072K)
 Metaspace       used 108663K, committed 109440K, reserved 1146880K
  class space    used 14607K, committed 14976K, reserved 1048576K
}
Event: 8.596 GC heap before
{Heap before GC invocations=43 (full 0):
 garbage-first heap   total 271360K, used 168279K [0x0000000080000000, 0x0000000100000000)
  region size 1024K, 13 young (13312K), 3 survivors (3072K)
 Metaspace       used 109563K, committed 110336K, reserved 1146880K
  class space    used 14712K, committed 15104K, reserved 1048576K
}
Event: 8.599 GC heap after
{Heap after GC invocations=44 (full 0):
 garbage-first heap   total 271360K, used 159249K [0x0000000080000000, 0x0000000100000000)
  region size 1024K, 2 young (2048K), 2 survivors (2048K)
 Metaspace       used 109563K, committed 110336K, reserved 1146880K
  class space    used 14712K, committed 15104K, reserved 1048576K
}
Event: 8.960 GC heap before
{Heap before GC invocations=44 (full 0):
 garbage-first heap   total 271360K, used 218641K [0x0000000080000000, 0x0000000100000000)
  region size 1024K, 59 young (60416K), 2 survivors (2048K)
 Metaspace       used 114227K, committed 115072K, reserved 1155072K
  class space    used 15301K, committed 15680K, reserved 1048576K
}

