# JRE version: OpenJDK Runtime Environment (17.0.6) (build 17.0.6+0-b2043.56-10027231)
# Java VM: OpenJDK 64-Bit Server VM (17.0.6+0-b2043.56-10027231, mixed mode, tiered, compressed oops, compressed class ptrs, g1 gc, windows-amd64)
GC Precious Log:
 CPUs: 12 total, 12 available
 Memory: 15289M
 Large Page Support: Disabled
 NUMA Support: Disabled
 Compressed Oops: Enabled (32-bit)
 Heap Region Size: 1M
 Heap Min Capacity: 8M
 Heap Initial Capacity: 240M
 Heap Max Capacity: 2G
 Pre-touch: Disabled
 Parallel Workers: 10
 Concurrent Workers: 3
 Concurrent Refinement Workers: 10
 Periodic GC: Disabled
Heap:
 garbage-first heap   total 245760K, used 102137K [0x0000000080000000, 0x0000000100000000)
  region size 1024K, 4 young (4096K), 4 survivors (4096K)
 Metaspace       used 93514K, committed 94080K, reserved 1138688K
  class space    used 12441K, committed 12672K, reserved 1048576K
GC Heap History (20 events):
Event: 4.368 GC heap after
{Heap after GC invocations=28 (full 0):
 garbage-first heap   total 132096K, used 69150K [0x0000000080000000, 0x0000000100000000)
  region size 1024K, 1 young (1024K), 1 survivors (1024K)
 Metaspace       used 61088K, committed 61696K, reserved 1105920K
  class space    used 8162K, committed 8448K, reserved 1048576K
}
Event: 4.638 GC heap before
{Heap before GC invocations=28 (full 0):
 garbage-first heap   total 132096K, used 104990K [0x0000000080000000, 0x0000000100000000)
  region size 1024K, 36 young (36864K), 1 survivors (1024K)
 Metaspace       used 67088K, committed 67648K, reserved 1114112K
  class space    used 9203K, committed 9472K, reserved 1048576K
}
Event: 4.640 GC heap after
{Heap after GC invocations=29 (full 0):
 garbage-first heap   total 132096K, used 69603K [0x0000000080000000, 0x0000000100000000)
  region size 1024K, 1 young (1024K), 1 survivors (1024K)
 Metaspace       used 67088K, committed 67648K, reserved 1114112K
  class space    used 9203K, committed 9472K, reserved 1048576K
}
Event: 4.835 GC heap before
{Heap before GC invocations=30 (full 0):
 garbage-first heap   total 132096K, used 113635K [0x0000000080000000, 0x0000000100000000)
  region size 1024K, 37 young (37888K), 1 survivors (1024K)
 Metaspace       used 70137K, committed 70720K, reserved 1114112K
  class space    used 9772K, committed 9984K, reserved 1048576K
}
Event: 4.838 GC heap after
{Heap after GC invocations=31 (full 0):
 garbage-first heap   total 180224K, used 82384K [0x0000000080000000, 0x0000000100000000)
  region size 1024K, 5 young (5120K), 5 survivors (5120K)
 Metaspace       used 70137K, committed 70720K, reserved 1114112K
  class space    used 9772K, committed 9984K, reserved 1048576K
}
Event: 4.854 GC heap before
{Heap before GC invocations=31 (full 0):
 garbage-first heap   total 180224K, used 85456K [0x0000000080000000, 0x0000000100000000)
  region size 1024K, 8 young (8192K), 5 survivors (5120K)
 Metaspace       used 70251K, committed 70912K, reserved 1114112K
  class space    used 9776K, committed 10048K, reserved 1048576K
}
Event: 4.857 GC heap after
{Heap after GC invocations=32 (full 0):
 garbage-first heap   total 180224K, used 83915K [0x0000000080000000, 0x0000000100000000)
  region size 1024K, 1 young (1024K), 1 survivors (1024K)
 Metaspace       used 70251K, committed 70912K, reserved 1114112K
  class space    used 9776K, committed 10048K, reserved 1048576K
}
Event: 5.179 GC heap before
{Heap before GC invocations=32 (full 0):
 garbage-first heap   total 180224K, used 128971K [0x0000000080000000, 0x0000000100000000)
  region size 1024K, 46 young (47104K), 1 survivors (1024K)
 Metaspace       used 74489K, committed 75072K, reserved 1114112K
  class space    used 10285K, committed 10560K, reserved 1048576K
}
Event: 5.183 GC heap after
{Heap after GC invocations=33 (full 0):
 garbage-first heap   total 180224K, used 83348K [0x0000000080000000, 0x0000000100000000)
  region size 1024K, 8 young (8192K), 8 survivors (8192K)
 Metaspace       used 74489K, committed 75072K, reserved 1114112K
  class space    used 10285K, committed 10560K, reserved 1048576K
}
Event: 5.516 GC heap before
{Heap before GC invocations=34 (full 0):
 garbage-first heap   total 180224K, used 142740K [0x0000000080000000, 0x0000000100000000)
  region size 1024K, 59 young (60416K), 8 survivors (8192K)
 Metaspace       used 80304K, committed 80896K, reserved 1122304K
  class space    used 10829K, committed 11072K, reserved 1048576K
}
Event: 5.520 GC heap after
{Heap after GC invocations=35 (full 0):
 garbage-first heap   total 180224K, used 93354K [0x0000000080000000, 0x0000000100000000)
  region size 1024K, 5 young (5120K), 5 survivors (5120K)
 Metaspace       used 80304K, committed 80896K, reserved 1122304K
  class space    used 10829K, committed 11072K, reserved 1048576K
}
Event: 5.545 GC heap before
{Heap before GC invocations=35 (full 0):
 garbage-first heap   total 180224K, used 96426K [0x0000000080000000, 0x0000000100000000)
  region size 1024K, 8 young (8192K), 5 survivors (5120K)
 Metaspace       used 80635K, committed 81216K, reserved 1122304K
  class space    used 10874K, committed 11136K, reserved 1048576K
}
Event: 5.547 GC heap after
{Heap after GC invocations=36 (full 0):
 garbage-first heap   total 180224K, used 93868K [0x0000000080000000, 0x0000000100000000)
  region size 1024K, 1 young (1024K), 1 survivors (1024K)
 Metaspace       used 80635K, committed 81216K, reserved 1122304K
  class space    used 10874K, committed 11136K, reserved 1048576K
}
Event: 5.934 GC heap before
{Heap before GC invocations=36 (full 0):
 garbage-first heap   total 180224K, used 143020K [0x0000000080000000, 0x0000000100000000)
  region size 1024K, 49 young (50176K), 1 survivors (1024K)
 Metaspace       used 86968K, committed 87552K, reserved 1130496K
  class space    used 11672K, committed 11904K, reserved 1048576K
}
Event: 5.936 GC heap after
{Heap after GC invocations=37 (full 0):
 garbage-first heap   total 180224K, used 96320K [0x0000000080000000, 0x0000000100000000)
  region size 1024K, 4 young (4096K), 4 survivors (4096K)
 Metaspace       used 86968K, committed 87552K, reserved 1130496K
  class space    used 11672K, committed 11904K, reserved 1048576K
}
Event: 6.242 GC heap before
{Heap before GC invocations=38 (full 0):
 garbage-first heap   total 180224K, used 146496K [0x0000000080000000, 0x0000000100000000)
  region size 1024K, 52 young (53248K), 4 survivors (4096K)
 Metaspace       used 89738K, committed 90304K, reserved 1130496K
  class space    used 12001K, committed 12224K, reserved 1048576K
}
Event: 6.245 GC heap after
{Heap after GC invocations=39 (full 0):
 garbage-first heap   total 180224K, used 99130K [0x0000000080000000, 0x0000000100000000)
  region size 1024K, 6 young (6144K), 6 survivors (6144K)
 Metaspace       used 89738K, committed 90304K, reserved 1130496K
  class space    used 12001K, committed 12224K, reserved 1048576K
}
Event: 6.264 GC heap before
{Heap before GC invocations=39 (full 0):
 garbage-first heap   total 180224K, used 101178K [0x0000000080000000, 0x0000000100000000)
  region size 1024K, 8 young (8192K), 6 survivors (6144K)
 Metaspace       used 89872K, committed 90432K, reserved 1130496K
  class space    used 12025K, committed 12288K, reserved 1048576K
}
Event: 6.267 GC heap after
{Heap after GC invocations=40 (full 0):
 garbage-first heap   total 180224K, used 99541K [0x0000000080000000, 0x0000000100000000)
  region size 1024K, 1 young (1024K), 1 survivors (1024K)
 Metaspace       used 89872K, committed 90432K, reserved 1130496K
  class space    used 12025K, committed 12288K, reserved 1048576K
}
Event: 6.631 GC heap before
{Heap before GC invocations=40 (full 0):
 garbage-first heap   total 180224K, used 147669K [0x0000000080000000, 0x0000000100000000)
  region size 1024K, 48 young (49152K), 1 survivors (1024K)
 Metaspace       used 93514K, committed 94080K, reserved 1138688K
  class space    used 12441K, committed 12672K, reserved 1048576K
}

