# JRE version: OpenJDK Runtime Environment (17.0.6) (build 17.0.6+0-b2043.56-10027231)
# Java VM: OpenJDK 64-Bit Server VM (17.0.6+0-b2043.56-10027231, mixed mode, tiered, compressed oops, compressed class ptrs, g1 gc, windows-amd64)
GC Precious Log:
 CPUs: 12 total, 12 available
 Memory: 15289M
 Large Page Support: Disabled
 NUMA Support: Disabled
 Compressed Oops: Enabled (32-bit)
 Heap Region Size: 1M
 Heap Min Capacity: 8M
 Heap Initial Capacity: 240M
 Heap Max Capacity: 2G
 Pre-touch: Disabled
 Parallel Workers: 10
 Concurrent Workers: 3
 Concurrent Refinement Workers: 10
 Periodic GC: Disabled
Heap:
 garbage-first heap   total 186368K, used 98548K [0x0000000080000000, 0x0000000100000000)
  region size 1024K, 2 young (2048K), 1 survivors (1024K)
 Metaspace       used 90836K, committed 91456K, reserved 1130496K
  class space    used 12079K, committed 12352K, reserved 1048576K
GC Heap History (20 events):
Event: 5.112 GC heap before
{Heap before GC invocations=22 (full 0):
 garbage-first heap   total 126976K, used 102350K [0x0000000080000000, 0x0000000100000000)
  region size 1024K, 36 young (36864K), 3 survivors (3072K)
 Metaspace       used 65865K, committed 66496K, reserved 1114112K
  class space    used 9158K, committed 9408K, reserved 1048576K
}
Event: 5.114 GC heap after
{Heap after GC invocations=23 (full 0):
 garbage-first heap   total 126976K, used 69142K [0x0000000080000000, 0x0000000100000000)
  region size 1024K, 3 young (3072K), 3 survivors (3072K)
 Metaspace       used 65865K, committed 66496K, reserved 1114112K
  class space    used 9158K, committed 9408K, reserved 1048576K
}
Event: 5.338 GC heap before
{Heap before GC invocations=24 (full 0):
 garbage-first heap   total 126976K, used 94742K [0x0000000080000000, 0x0000000100000000)
  region size 1024K, 29 young (29696K), 3 survivors (3072K)
 Metaspace       used 69847K, committed 70528K, reserved 1114112K
  class space    used 9701K, committed 9984K, reserved 1048576K
}
Event: 5.341 GC heap after
{Heap after GC invocations=25 (full 0):
 garbage-first heap   total 126976K, used 69760K [0x0000000080000000, 0x0000000100000000)
  region size 1024K, 3 young (3072K), 3 survivors (3072K)
 Metaspace       used 69847K, committed 70528K, reserved 1114112K
  class space    used 9701K, committed 9984K, reserved 1048576K
}
Event: 5.491 GC heap before
{Heap before GC invocations=26 (full 0):
 garbage-first heap   total 132096K, used 112768K [0x0000000080000000, 0x0000000100000000)
  region size 1024K, 38 young (38912K), 3 survivors (3072K)
 Metaspace       used 70307K, committed 70912K, reserved 1114112K
  class space    used 9734K, committed 9984K, reserved 1048576K
}
Event: 5.497 GC heap after
{Heap after GC invocations=27 (full 0):
 garbage-first heap   total 158720K, used 79437K [0x0000000080000000, 0x0000000100000000)
  region size 1024K, 5 young (5120K), 5 survivors (5120K)
 Metaspace       used 70307K, committed 70912K, reserved 1114112K
  class space    used 9734K, committed 9984K, reserved 1048576K
}
Event: 5.773 GC heap before
{Heap before GC invocations=27 (full 0):
 garbage-first heap   total 158720K, used 112205K [0x0000000080000000, 0x0000000100000000)
  region size 1024K, 38 young (38912K), 5 survivors (5120K)
 Metaspace       used 74273K, committed 74816K, reserved 1114112K
  class space    used 10211K, committed 10432K, reserved 1048576K
}
Event: 5.776 GC heap after
{Heap after GC invocations=28 (full 0):
 garbage-first heap   total 158720K, used 81516K [0x0000000080000000, 0x0000000100000000)
  region size 1024K, 5 young (5120K), 5 survivors (5120K)
 Metaspace       used 74273K, committed 74816K, reserved 1114112K
  class space    used 10211K, committed 10432K, reserved 1048576K
}
Event: 6.112 GC heap before
{Heap before GC invocations=29 (full 0):
 garbage-first heap   total 158720K, used 131692K [0x0000000080000000, 0x0000000100000000)
  region size 1024K, 47 young (48128K), 5 survivors (5120K)
 Metaspace       used 78975K, committed 79552K, reserved 1122304K
  class space    used 10651K, committed 10880K, reserved 1048576K
}
Event: 6.116 GC heap after
{Heap after GC invocations=30 (full 0):
 garbage-first heap   total 158720K, used 92215K [0x0000000080000000, 0x0000000100000000)
  region size 1024K, 5 young (5120K), 5 survivors (5120K)
 Metaspace       used 78975K, committed 79552K, reserved 1122304K
  class space    used 10651K, committed 10880K, reserved 1048576K
}
Event: 6.436 GC heap before
{Heap before GC invocations=30 (full 0):
 garbage-first heap   total 158720K, used 129079K [0x0000000080000000, 0x0000000100000000)
  region size 1024K, 41 young (41984K), 5 survivors (5120K)
 Metaspace       used 83552K, committed 84096K, reserved 1122304K
  class space    used 11171K, committed 11392K, reserved 1048576K
}
Event: 6.440 GC heap after
{Heap after GC invocations=31 (full 0):
 garbage-first heap   total 158720K, used 93886K [0x0000000080000000, 0x0000000100000000)
  region size 1024K, 5 young (5120K), 5 survivors (5120K)
 Metaspace       used 83552K, committed 84096K, reserved 1122304K
  class space    used 11171K, committed 11392K, reserved 1048576K
}
Event: 6.758 GC heap before
{Heap before GC invocations=32 (full 0):
 garbage-first heap   total 162816K, used 130750K [0x0000000080000000, 0x0000000100000000)
  region size 1024K, 41 young (41984K), 5 survivors (5120K)
 Metaspace       used 88231K, committed 88832K, reserved 1130496K
  class space    used 11790K, committed 12032K, reserved 1048576K
}
Event: 6.762 GC heap after
{Heap after GC invocations=33 (full 0):
 garbage-first heap   total 162816K, used 96621K [0x0000000080000000, 0x0000000100000000)
  region size 1024K, 5 young (5120K), 5 survivors (5120K)
 Metaspace       used 88231K, committed 88832K, reserved 1130496K
  class space    used 11790K, committed 12032K, reserved 1048576K
}
Event: 6.781 GC heap before
{Heap before GC invocations=33 (full 0):
 garbage-first heap   total 162816K, used 97645K [0x0000000080000000, 0x0000000100000000)
  region size 1024K, 7 young (7168K), 5 survivors (5120K)
 Metaspace       used 88434K, committed 89024K, reserved 1130496K
  class space    used 11810K, committed 12032K, reserved 1048576K
}
Event: 6.826 GC heap after
{Heap after GC invocations=34 (full 0):
 garbage-first heap   total 162816K, used 96667K [0x0000000080000000, 0x0000000100000000)
  region size 1024K, 1 young (1024K), 1 survivors (1024K)
 Metaspace       used 88434K, committed 89024K, reserved 1130496K
  class space    used 11810K, committed 12032K, reserved 1048576K
}
Event: 6.836 GC heap before
{Heap before GC invocations=34 (full 0):
 garbage-first heap   total 162816K, used 97691K [0x0000000080000000, 0x0000000100000000)
  region size 1024K, 3 young (3072K), 1 survivors (1024K)
 Metaspace       used 88564K, committed 89152K, reserved 1130496K
  class space    used 11819K, committed 12032K, reserved 1048576K
}
Event: 6.837 GC heap after
{Heap after GC invocations=35 (full 0):
 garbage-first heap   total 162816K, used 96430K [0x0000000080000000, 0x0000000100000000)
  region size 1024K, 1 young (1024K), 1 survivors (1024K)
 Metaspace       used 88564K, committed 89152K, reserved 1130496K
  class space    used 11819K, committed 12032K, reserved 1048576K
}
Event: 7.060 GC heap before
{Heap before GC invocations=36 (full 0):
 garbage-first heap   total 186368K, used 136366K [0x0000000080000000, 0x0000000100000000)
  region size 1024K, 39 young (39936K), 1 survivors (1024K)
 Metaspace       used 89942K, committed 90560K, reserved 1130496K
  class space    used 11980K, committed 12224K, reserved 1048576K
}
Event: 7.062 GC heap after
{Heap after GC invocations=37 (full 0):
 garbage-first heap   total 186368K, used 98567K [0x0000000080000000, 0x0000000100000000)
  region size 1024K, 3 young (3072K), 3 survivors (3072K)
 Metaspace       used 89942K, committed 90560K, reserved 1130496K
  class space    used 11980K, committed 12224K, reserved 1048576K
}

