# JRE version: OpenJDK Runtime Environment (17.0.6) (build 17.0.6+0-b2043.56-10027231)
# Java VM: OpenJDK 64-Bit Server VM (17.0.6+0-b2043.56-10027231, mixed mode, tiered, compressed oops, compressed class ptrs, g1 gc, windows-amd64)
GC Precious Log:
 CPUs: 12 total, 12 available
 Memory: 15289M
 Large Page Support: Disabled
 NUMA Support: Disabled
 Compressed Oops: Enabled (32-bit)
 Heap Region Size: 1M
 Heap Min Capacity: 8M
 Heap Initial Capacity: 240M
 Heap Max Capacity: 2G
 Pre-touch: Disabled
 Parallel Workers: 10
 Concurrent Workers: 3
 Concurrent Refinement Workers: 10
 Periodic GC: Disabled
Heap:
 garbage-first heap   total 336896K, used 249176K [0x0000000080000000, 0x0000000100000000)
  region size 1024K, 6 young (6144K), 6 survivors (6144K)
 Metaspace       used 113332K, committed 114112K, reserved 1155072K
  class space    used 15738K, committed 16128K, reserved 1048576K
GC Heap History (20 events):
Event: 7.438 GC heap after
{Heap after GC invocations=35 (full 0):
 garbage-first heap   total 156672K, used 85545K [0x0000000080000000, 0x0000000100000000)
  region size 1024K, 1 young (1024K), 1 survivors (1024K)
 Metaspace       used 91796K, committed 92352K, reserved 1130496K
  class space    used 12591K, committed 12864K, reserved 1048576K
}
Event: 7.767 GC heap before
{Heap before GC invocations=35 (full 0):
 garbage-first heap   total 156672K, used 129577K [0x0000000080000000, 0x0000000100000000)
  region size 1024K, 44 young (45056K), 1 survivors (1024K)
 Metaspace       used 95700K, committed 96384K, reserved 1138688K
  class space    used 13116K, committed 13440K, reserved 1048576K
}
Event: 7.769 GC heap after
{Heap after GC invocations=36 (full 0):
 garbage-first heap   total 156672K, used 87966K [0x0000000080000000, 0x0000000100000000)
  region size 1024K, 4 young (4096K), 4 survivors (4096K)
 Metaspace       used 95700K, committed 96384K, reserved 1138688K
  class space    used 13116K, committed 13440K, reserved 1048576K
}
Event: 7.994 GC heap before
{Heap before GC invocations=36 (full 0):
 garbage-first heap   total 156672K, used 128926K [0x0000000080000000, 0x0000000100000000)
  region size 1024K, 44 young (45056K), 4 survivors (4096K)
 Metaspace       used 96988K, committed 97664K, reserved 1138688K
  class space    used 13289K, committed 13632K, reserved 1048576K
}
Event: 7.998 GC heap after
{Heap after GC invocations=37 (full 0):
 garbage-first heap   total 156672K, used 92894K [0x0000000080000000, 0x0000000100000000)
  region size 1024K, 6 young (6144K), 6 survivors (6144K)
 Metaspace       used 96988K, committed 97664K, reserved 1138688K
  class space    used 13289K, committed 13632K, reserved 1048576K
}
Event: 8.178 GC heap before
{Heap before GC invocations=37 (full 0):
 garbage-first heap   total 156672K, used 133854K [0x0000000080000000, 0x0000000100000000)
  region size 1024K, 42 young (43008K), 6 survivors (6144K)
 Metaspace       used 98118K, committed 98816K, reserved 1138688K
  class space    used 13376K, committed 13696K, reserved 1048576K
}
Event: 8.184 GC heap after
{Heap after GC invocations=38 (full 0):
 garbage-first heap   total 294912K, used 100623K [0x0000000080000000, 0x0000000100000000)
  region size 1024K, 6 young (6144K), 6 survivors (6144K)
 Metaspace       used 98118K, committed 98816K, reserved 1138688K
  class space    used 13376K, committed 13696K, reserved 1048576K
}
Event: 8.757 GC heap before
{Heap before GC invocations=38 (full 0):
 garbage-first heap   total 294912K, used 215311K [0x0000000080000000, 0x0000000100000000)
  region size 1024K, 119 young (121856K), 6 survivors (6144K)
 Metaspace       used 101588K, committed 102336K, reserved 1138688K
  class space    used 13930K, committed 14272K, reserved 1048576K
}
Event: 8.763 GC heap after
{Heap after GC invocations=39 (full 0):
 garbage-first heap   total 294912K, used 106767K [0x0000000080000000, 0x0000000100000000)
  region size 1024K, 13 young (13312K), 13 survivors (13312K)
 Metaspace       used 101588K, committed 102336K, reserved 1138688K
  class space    used 13930K, committed 14272K, reserved 1048576K
}
Event: 9.483 GC heap before
{Heap before GC invocations=39 (full 0):
 garbage-first heap   total 294912K, used 247055K [0x0000000080000000, 0x0000000100000000)
  region size 1024K, 129 young (132096K), 13 survivors (13312K)
 Metaspace       used 107674K, committed 108416K, reserved 1146880K
  class space    used 14742K, committed 15104K, reserved 1048576K
}
Event: 9.494 GC heap after
{Heap after GC invocations=40 (full 0):
 garbage-first heap   total 294912K, used 139724K [0x0000000080000000, 0x0000000100000000)
  region size 1024K, 17 young (17408K), 17 survivors (17408K)
 Metaspace       used 107674K, committed 108416K, reserved 1146880K
  class space    used 14742K, committed 15104K, reserved 1048576K
}
Event: 9.705 GC heap before
{Heap before GC invocations=40 (full 0):
 garbage-first heap   total 294912K, used 197068K [0x0000000080000000, 0x0000000100000000)
  region size 1024K, 42 young (43008K), 17 survivors (17408K)
 Metaspace       used 110149K, committed 110912K, reserved 1146880K
  class space    used 15098K, committed 15488K, reserved 1048576K
}
Event: 9.712 GC heap after
{Heap after GC invocations=41 (full 0):
 garbage-first heap   total 294912K, used 162837K [0x0000000080000000, 0x0000000100000000)
  region size 1024K, 6 young (6144K), 6 survivors (6144K)
 Metaspace       used 110149K, committed 110912K, reserved 1146880K
  class space    used 15098K, committed 15488K, reserved 1048576K
}
Event: 10.309 GC heap before
{Heap before GC invocations=42 (full 0):
 garbage-first heap   total 336896K, used 270357K [0x0000000080000000, 0x0000000100000000)
  region size 1024K, 83 young (84992K), 6 survivors (6144K)
 Metaspace       used 110442K, committed 111232K, reserved 1146880K
  class space    used 15149K, committed 15488K, reserved 1048576K
}
Event: 10.322 GC heap after
{Heap after GC invocations=43 (full 0):
 garbage-first heap   total 336896K, used 196608K [0x0000000080000000, 0x0000000100000000)
  region size 1024K, 11 young (11264K), 11 survivors (11264K)
 Metaspace       used 110442K, committed 111232K, reserved 1146880K
  class space    used 15149K, committed 15488K, reserved 1048576K
}
Event: 10.345 GC heap before
{Heap before GC invocations=43 (full 0):
 garbage-first heap   total 336896K, used 203776K [0x0000000080000000, 0x0000000100000000)
  region size 1024K, 16 young (16384K), 11 survivors (11264K)
 Metaspace       used 110531K, committed 111296K, reserved 1146880K
  class space    used 15162K, committed 15552K, reserved 1048576K
}
Event: 10.353 GC heap after
{Heap after GC invocations=44 (full 0):
 garbage-first heap   total 336896K, used 202003K [0x0000000080000000, 0x0000000100000000)
  region size 1024K, 2 young (2048K), 2 survivors (2048K)
 Metaspace       used 110531K, committed 111296K, reserved 1146880K
  class space    used 15162K, committed 15552K, reserved 1048576K
}
Event: 10.638 GC heap before
{Heap before GC invocations=44 (full 0):
 garbage-first heap   total 336896K, used 264467K [0x0000000080000000, 0x0000000100000000)
  region size 1024K, 64 young (65536K), 2 survivors (2048K)
 Metaspace       used 113278K, committed 114048K, reserved 1155072K
  class space    used 15738K, committed 16128K, reserved 1048576K
}
Event: 10.653 GC heap after
{Heap after GC invocations=45 (full 0):
 garbage-first heap   total 336896K, used 228307K [0x0000000080000000, 0x0000000100000000)
  region size 1024K, 8 young (8192K), 8 survivors (8192K)
 Metaspace       used 113278K, committed 114048K, reserved 1155072K
  class space    used 15738K, committed 16128K, reserved 1048576K
}
Event: 10.733 GC heap before
{Heap before GC invocations=45 (full 0):
 garbage-first heap   total 336896K, used 267219K [0x0000000080000000, 0x0000000100000000)
  region size 1024K, 46 young (47104K), 8 survivors (8192K)
 Metaspace       used 113332K, committed 114112K, reserved 1155072K
  class space    used 15738K, committed 16128K, reserved 1048576K
}

