# JRE version: OpenJDK Runtime Environment (17.0.6) (build 17.0.6+0-b2043.56-10027231)
# Java VM: OpenJDK 64-Bit Server VM (17.0.6+0-b2043.56-10027231, mixed mode, tiered, compressed oops, compressed class ptrs, g1 gc, windows-amd64)
GC Precious Log:
 CPUs: 12 total, 12 available
 Memory: 15289M
 Large Page Support: Disabled
 NUMA Support: Disabled
 Compressed Oops: Enabled (32-bit)
 Heap Region Size: 1M
 Heap Min Capacity: 8M
 Heap Initial Capacity: 240M
 Heap Max Capacity: 2G
 Pre-touch: Disabled
 Parallel Workers: 10
 Concurrent Workers: 3
 Concurrent Refinement Workers: 10
 Periodic GC: Disabled
Heap:
 garbage-first heap   total 293888K, used 209945K [0x0000000080000000, 0x0000000100000000)
  region size 1024K, 47 young (48128K), 2 survivors (2048K)
 Metaspace       used 119623K, committed 120384K, reserved 1155072K
  class space    used 15896K, committed 16256K, reserved 1048576K
GC Heap History (20 events):
Event: 5.779 GC heap before
{Heap before GC invocations=29 (full 0):
 garbage-first heap   total 286720K, used 239161K [0x0000000080000000, 0x0000000100000000)
  region size 1024K, 144 young (147456K), 2 survivors (2048K)
 Metaspace       used 75236K, committed 76032K, reserved 1114112K
  class space    used 10579K, committed 10944K, reserved 1048576K
}
Event: 5.784 GC heap after
{Heap after GC invocations=30 (full 0):
 garbage-first heap   total 286720K, used 101987K [0x0000000080000000, 0x0000000100000000)
  region size 1024K, 17 young (17408K), 17 survivors (17408K)
 Metaspace       used 75236K, committed 76032K, reserved 1114112K
  class space    used 10579K, committed 10944K, reserved 1048576K
}
Event: 5.793 GC heap before
{Heap before GC invocations=30 (full 0):
 garbage-first heap   total 286720K, used 103011K [0x0000000080000000, 0x0000000100000000)
  region size 1024K, 18 young (18432K), 17 survivors (17408K)
 Metaspace       used 75314K, committed 76096K, reserved 1122304K
  class space    used 10591K, committed 10944K, reserved 1048576K
}
Event: 5.796 GC heap after
{Heap after GC invocations=31 (full 0):
 garbage-first heap   total 286720K, used 102266K [0x0000000080000000, 0x0000000100000000)
  region size 1024K, 1 young (1024K), 1 survivors (1024K)
 Metaspace       used 75314K, committed 76096K, reserved 1122304K
  class space    used 10591K, committed 10944K, reserved 1048576K
}
Event: 6.714 GC heap before
{Heap before GC invocations=31 (full 0):
 garbage-first heap   total 286720K, used 233338K [0x0000000080000000, 0x0000000100000000)
  region size 1024K, 125 young (128000K), 1 survivors (1024K)
 Metaspace       used 86737K, committed 87424K, reserved 1130496K
  class space    used 12121K, committed 12480K, reserved 1048576K
}
Event: 6.717 GC heap after
{Heap after GC invocations=32 (full 0):
 garbage-first heap   total 286720K, used 112260K [0x0000000080000000, 0x0000000100000000)
  region size 1024K, 7 young (7168K), 7 survivors (7168K)
 Metaspace       used 86737K, committed 87424K, reserved 1130496K
  class space    used 12121K, committed 12480K, reserved 1048576K
}
Event: 7.119 GC heap before
{Heap before GC invocations=32 (full 0):
 garbage-first heap   total 286720K, used 170628K [0x0000000080000000, 0x0000000100000000)
  region size 1024K, 65 young (66560K), 7 survivors (7168K)
 Metaspace       used 95385K, committed 96128K, reserved 1138688K
  class space    used 13213K, committed 13568K, reserved 1048576K
}
Event: 7.123 GC heap after
{Heap after GC invocations=33 (full 0):
 garbage-first heap   total 286720K, used 113683K [0x0000000080000000, 0x0000000100000000)
  region size 1024K, 9 young (9216K), 9 survivors (9216K)
 Metaspace       used 95385K, committed 96128K, reserved 1138688K
  class space    used 13213K, committed 13568K, reserved 1048576K
}
Event: 7.624 GC heap before
{Heap before GC invocations=34 (full 0):
 garbage-first heap   total 286720K, used 244755K [0x0000000080000000, 0x0000000100000000)
  region size 1024K, 130 young (133120K), 9 survivors (9216K)
 Metaspace       used 99734K, committed 100480K, reserved 1138688K
  class space    used 13717K, committed 14080K, reserved 1048576K
}
Event: 7.638 GC heap after
{Heap after GC invocations=35 (full 0):
 garbage-first heap   total 286720K, used 140802K [0x0000000080000000, 0x0000000100000000)
  region size 1024K, 17 young (17408K), 17 survivors (17408K)
 Metaspace       used 99734K, committed 100480K, reserved 1138688K
  class space    used 13717K, committed 14080K, reserved 1048576K
}
Event: 7.656 GC heap before
{Heap before GC invocations=35 (full 0):
 garbage-first heap   total 286720K, used 147970K [0x0000000080000000, 0x0000000100000000)
  region size 1024K, 18 young (18432K), 17 survivors (17408K)
 Metaspace       used 99856K, committed 100608K, reserved 1138688K
  class space    used 13730K, committed 14080K, reserved 1048576K
}
Event: 7.662 GC heap after
{Heap after GC invocations=36 (full 0):
 garbage-first heap   total 286720K, used 151334K [0x0000000080000000, 0x0000000100000000)
  region size 1024K, 3 young (3072K), 3 survivors (3072K)
 Metaspace       used 99856K, committed 100608K, reserved 1138688K
  class space    used 13730K, committed 14080K, reserved 1048576K
}
Event: 8.156 GC heap before
{Heap before GC invocations=36 (full 0):
 garbage-first heap   total 286720K, used 231206K [0x0000000080000000, 0x0000000100000000)
  region size 1024K, 81 young (82944K), 3 survivors (3072K)
 Metaspace       used 107727K, committed 108480K, reserved 1146880K
  class space    used 14493K, committed 14848K, reserved 1048576K
}
Event: 8.159 GC heap after
{Heap after GC invocations=37 (full 0):
 garbage-first heap   total 286720K, used 155294K [0x0000000080000000, 0x0000000100000000)
  region size 1024K, 7 young (7168K), 7 survivors (7168K)
 Metaspace       used 107727K, committed 108480K, reserved 1146880K
  class space    used 14493K, committed 14848K, reserved 1048576K
}
Event: 8.585 GC heap before
{Heap before GC invocations=37 (full 0):
 garbage-first heap   total 286720K, used 206494K [0x0000000080000000, 0x0000000100000000)
  region size 1024K, 58 young (59392K), 7 survivors (7168K)
 Metaspace       used 114083K, committed 114816K, reserved 1155072K
  class space    used 15301K, committed 15680K, reserved 1048576K
}
Event: 8.589 GC heap after
{Heap after GC invocations=38 (full 0):
 garbage-first heap   total 286720K, used 159106K [0x0000000080000000, 0x0000000100000000)
  region size 1024K, 4 young (4096K), 4 survivors (4096K)
 Metaspace       used 114083K, committed 114816K, reserved 1155072K
  class space    used 15301K, committed 15680K, reserved 1048576K
}
Event: 8.987 GC heap before
{Heap before GC invocations=39 (full 0):
 garbage-first heap   total 293888K, used 237954K [0x0000000080000000, 0x0000000100000000)
  region size 1024K, 80 young (81920K), 4 survivors (4096K)
 Metaspace       used 116485K, committed 117248K, reserved 1155072K
  class space    used 15572K, committed 15936K, reserved 1048576K
}
Event: 8.991 GC heap after
{Heap after GC invocations=40 (full 0):
 garbage-first heap   total 293888K, used 164389K [0x0000000080000000, 0x0000000100000000)
  region size 1024K, 9 young (9216K), 9 survivors (9216K)
 Metaspace       used 116485K, committed 117248K, reserved 1155072K
  class space    used 15572K, committed 15936K, reserved 1048576K
}
Event: 9.002 GC heap before
{Heap before GC invocations=40 (full 0):
 garbage-first heap   total 293888K, used 169509K [0x0000000080000000, 0x0000000100000000)
  region size 1024K, 14 young (14336K), 9 survivors (9216K)
 Metaspace       used 116503K, committed 117248K, reserved 1155072K
  class space    used 15572K, committed 15936K, reserved 1048576K
}
Event: 9.005 GC heap after
{Heap after GC invocations=41 (full 0):
 garbage-first heap   total 293888K, used 164889K [0x0000000080000000, 0x0000000100000000)
  region size 1024K, 2 young (2048K), 2 survivors (2048K)
 Metaspace       used 116503K, committed 117248K, reserved 1155072K
  class space    used 15572K, committed 15936K, reserved 1048576K
}

