# JRE version: OpenJDK Runtime Environment (17.0.6) (build 17.0.6+0-b2043.56-10027231)
# Java VM: OpenJDK 64-Bit Server VM (17.0.6+0-b2043.56-10027231, mixed mode, tiered, compressed oops, compressed class ptrs, g1 gc, windows-amd64)
GC Precious Log:
 CPUs: 12 total, 12 available
 Memory: 15289M
 Large Page Support: Disabled
 NUMA Support: Disabled
 Compressed Oops: Enabled (32-bit)
 Heap Region Size: 1M
 Heap Min Capacity: 8M
 Heap Initial Capacity: 240M
 Heap Max Capacity: 2G
 Pre-touch: Disabled
 Parallel Workers: 10
 Concurrent Workers: 3
 Concurrent Refinement Workers: 10
 Periodic GC: Disabled
Heap:
 garbage-first heap   total 318464K, used 187408K [0x0000000080000000, 0x0000000100000000)
  region size 1024K, 31 young (31744K), 3 survivors (3072K)
 Metaspace       used 113831K, committed 114560K, reserved 1155072K
  class space    used 15270K, committed 15616K, reserved 1048576K
GC Heap History (20 events):
Event: 6.060 GC heap before
{Heap before GC invocations=41 (full 0):
 garbage-first heap   total 196608K, used 138210K [0x0000000080000000, 0x0000000100000000)
  region size 1024K, 37 young (37888K), 1 survivors (1024K)
 Metaspace       used 75498K, committed 76160K, reserved 1122304K
  class space    used 10159K, committed 10432K, reserved 1048576K
}
Event: 6.062 GC heap after
{Heap after GC invocations=42 (full 0):
 garbage-first heap   total 196608K, used 102878K [0x0000000080000000, 0x0000000100000000)
  region size 1024K, 3 young (3072K), 3 survivors (3072K)
 Metaspace       used 75498K, committed 76160K, reserved 1122304K
  class space    used 10159K, committed 10432K, reserved 1048576K
}
Event: 6.366 GC heap before
{Heap before GC invocations=43 (full 0):
 garbage-first heap   total 196608K, used 146910K [0x0000000080000000, 0x0000000100000000)
  region size 1024K, 42 young (43008K), 3 survivors (3072K)
 Metaspace       used 78869K, committed 79488K, reserved 1122304K
  class space    used 10620K, committed 10880K, reserved 1048576K
}
Event: 6.368 GC heap after
{Heap after GC invocations=44 (full 0):
 garbage-first heap   total 196608K, used 109065K [0x0000000080000000, 0x0000000100000000)
  region size 1024K, 5 young (5120K), 5 survivors (5120K)
 Metaspace       used 78869K, committed 79488K, reserved 1122304K
  class space    used 10620K, committed 10880K, reserved 1048576K
}
Event: 6.393 GC heap before
{Heap before GC invocations=44 (full 0):
 garbage-first heap   total 196608K, used 113161K [0x0000000080000000, 0x0000000100000000)
  region size 1024K, 9 young (9216K), 5 survivors (5120K)
 Metaspace       used 79383K, committed 80064K, reserved 1122304K
  class space    used 10693K, committed 11008K, reserved 1048576K
}
Event: 6.396 GC heap after
{Heap after GC invocations=45 (full 0):
 garbage-first heap   total 196608K, used 109126K [0x0000000080000000, 0x0000000100000000)
  region size 1024K, 1 young (1024K), 1 survivors (1024K)
 Metaspace       used 79383K, committed 80064K, reserved 1122304K
  class space    used 10693K, committed 11008K, reserved 1048576K
}
Event: 6.735 GC heap before
{Heap before GC invocations=45 (full 0):
 garbage-first heap   total 196608K, used 148038K [0x0000000080000000, 0x0000000100000000)
  region size 1024K, 40 young (40960K), 1 survivors (1024K)
 Metaspace       used 82512K, committed 83136K, reserved 1122304K
  class space    used 11102K, committed 11392K, reserved 1048576K
}
Event: 6.737 GC heap after
{Heap after GC invocations=46 (full 0):
 garbage-first heap   total 318464K, used 110860K [0x0000000080000000, 0x0000000100000000)
  region size 1024K, 3 young (3072K), 3 survivors (3072K)
 Metaspace       used 82512K, committed 83136K, reserved 1122304K
  class space    used 11102K, committed 11392K, reserved 1048576K
}
Event: 7.519 GC heap before
{Heap before GC invocations=47 (full 0):
 garbage-first heap   total 318464K, used 233740K [0x0000000080000000, 0x0000000100000000)
  region size 1024K, 116 young (118784K), 3 survivors (3072K)
 Metaspace       used 94915K, committed 95680K, reserved 1138688K
  class space    used 13112K, committed 13440K, reserved 1048576K
}
Event: 7.527 GC heap after
{Heap after GC invocations=48 (full 0):
 garbage-first heap   total 318464K, used 124022K [0x0000000080000000, 0x0000000100000000)
  region size 1024K, 15 young (15360K), 15 survivors (15360K)
 Metaspace       used 94915K, committed 95680K, reserved 1138688K
  class space    used 13112K, committed 13440K, reserved 1048576K
}
Event: 7.529 GC heap before
{Heap before GC invocations=48 (full 0):
 garbage-first heap   total 318464K, used 124022K [0x0000000080000000, 0x0000000100000000)
  region size 1024K, 16 young (16384K), 15 survivors (15360K)
 Metaspace       used 94915K, committed 95680K, reserved 1138688K
  class space    used 13112K, committed 13440K, reserved 1048576K
}
Event: 7.534 GC heap after
{Heap after GC invocations=49 (full 0):
 garbage-first heap   total 318464K, used 125861K [0x0000000080000000, 0x0000000100000000)
  region size 1024K, 2 young (2048K), 2 survivors (2048K)
 Metaspace       used 94915K, committed 95680K, reserved 1138688K
  class space    used 13112K, committed 13440K, reserved 1048576K
}
Event: 7.898 GC heap before
{Heap before GC invocations=49 (full 0):
 garbage-first heap   total 318464K, used 208805K [0x0000000080000000, 0x0000000100000000)
  region size 1024K, 84 young (86016K), 2 survivors (2048K)
 Metaspace       used 99142K, committed 99904K, reserved 1138688K
  class space    used 13618K, committed 13952K, reserved 1048576K
}
Event: 7.905 GC heap after
{Heap after GC invocations=50 (full 0):
 garbage-first heap   total 318464K, used 140984K [0x0000000080000000, 0x0000000100000000)
  region size 1024K, 16 young (16384K), 16 survivors (16384K)
 Metaspace       used 99142K, committed 99904K, reserved 1138688K
  class space    used 13618K, committed 13952K, reserved 1048576K
}
Event: 8.596 GC heap before
{Heap before GC invocations=51 (full 0):
 garbage-first heap   total 318464K, used 244408K [0x0000000080000000, 0x0000000100000000)
  region size 1024K, 110 young (112640K), 16 survivors (16384K)
 Metaspace       used 108738K, committed 109440K, reserved 1146880K
  class space    used 14625K, committed 14976K, reserved 1048576K
}
Event: 8.603 GC heap after
{Heap after GC invocations=52 (full 0):
 garbage-first heap   total 318464K, used 155933K [0x0000000080000000, 0x0000000100000000)
  region size 1024K, 8 young (8192K), 8 survivors (8192K)
 Metaspace       used 108738K, committed 109440K, reserved 1146880K
  class space    used 14625K, committed 14976K, reserved 1048576K
}
Event: 8.649 GC heap before
{Heap before GC invocations=52 (full 0):
 garbage-first heap   total 318464K, used 163101K [0x0000000080000000, 0x0000000100000000)
  region size 1024K, 15 young (15360K), 8 survivors (8192K)
 Metaspace       used 109363K, committed 110080K, reserved 1146880K
  class space    used 14701K, committed 15040K, reserved 1048576K
}
Event: 8.653 GC heap after
{Heap after GC invocations=53 (full 0):
 garbage-first heap   total 318464K, used 157985K [0x0000000080000000, 0x0000000100000000)
  region size 1024K, 2 young (2048K), 2 survivors (2048K)
 Metaspace       used 109363K, committed 110080K, reserved 1146880K
  class space    used 14701K, committed 15040K, reserved 1048576K
}
Event: 8.899 GC heap before
{Heap before GC invocations=53 (full 0):
 garbage-first heap   total 318464K, used 186657K [0x0000000080000000, 0x0000000100000000)
  region size 1024K, 31 young (31744K), 2 survivors (2048K)
 Metaspace       used 113381K, committed 114112K, reserved 1155072K
  class space    used 15212K, committed 15552K, reserved 1048576K
}
Event: 8.900 GC heap after
{Heap after GC invocations=54 (full 0):
 garbage-first heap   total 318464K, used 158736K [0x0000000080000000, 0x0000000100000000)
  region size 1024K, 3 young (3072K), 3 survivors (3072K)
 Metaspace       used 113381K, committed 114112K, reserved 1155072K
  class space    used 15212K, committed 15552K, reserved 1048576K
}

