# JRE version: OpenJDK Runtime Environment (17.0.6) (build 17.0.6+0-b2043.56-10027231)
# Java VM: OpenJDK 64-Bit Server VM (17.0.6+0-b2043.56-10027231, mixed mode, tiered, compressed oops, compressed class ptrs, g1 gc, windows-amd64)
GC Precious Log:
 CPUs: 12 total, 12 available
 Memory: 15289M
 Large Page Support: Disabled
 NUMA Support: Disabled
 Compressed Oops: Enabled (32-bit)
 Heap Region Size: 1M
 Heap Min Capacity: 8M
 Heap Initial Capacity: 240M
 Heap Max Capacity: 2G
 Pre-touch: Disabled
 Parallel Workers: 10
 Concurrent Workers: 3
 Concurrent Refinement Workers: 10
 Periodic GC: Disabled
Heap:
 garbage-first heap   total 309248K, used 251834K [0x0000000080000000, 0x0000000100000000)
  region size 1024K, 3 young (3072K), 3 survivors (3072K)
 Metaspace       used 105794K, committed 106560K, reserved 1146880K
  class space    used 14647K, committed 15040K, reserved 1048576K
GC Heap History (20 events):
Event: 7.564 GC heap after
{Heap after GC invocations=34 (full 0):
 garbage-first heap   total 145408K, used 76081K [0x0000000080000000, 0x0000000100000000)
  region size 1024K, 1 young (1024K), 1 survivors (1024K)
 Metaspace       used 92931K, committed 93568K, reserved 1130496K
  class space    used 12637K, committed 12928K, reserved 1048576K
}
Event: 7.804 GC heap before
{Heap before GC invocations=34 (full 0):
 garbage-first heap   total 145408K, used 117041K [0x0000000080000000, 0x0000000100000000)
  region size 1024K, 41 young (41984K), 1 survivors (1024K)
 Metaspace       used 94118K, committed 94784K, reserved 1138688K
  class space    used 12795K, committed 13120K, reserved 1048576K
}
Event: 7.807 GC heap after
{Heap after GC invocations=35 (full 0):
 garbage-first heap   total 145408K, used 81073K [0x0000000080000000, 0x0000000100000000)
  region size 1024K, 6 young (6144K), 6 survivors (6144K)
 Metaspace       used 94118K, committed 94784K, reserved 1138688K
  class space    used 12795K, committed 13120K, reserved 1048576K
}
Event: 8.030 GC heap before
{Heap before GC invocations=36 (full 0):
 garbage-first heap   total 145408K, used 117937K [0x0000000080000000, 0x0000000100000000)
  region size 1024K, 41 young (41984K), 6 survivors (6144K)
 Metaspace       used 95921K, committed 96512K, reserved 1138688K
  class space    used 12930K, committed 13184K, reserved 1048576K
}
Event: 8.034 GC heap after
{Heap after GC invocations=37 (full 0):
 garbage-first heap   total 145408K, used 87226K [0x0000000080000000, 0x0000000100000000)
  region size 1024K, 6 young (6144K), 6 survivors (6144K)
 Metaspace       used 95921K, committed 96512K, reserved 1138688K
  class space    used 12930K, committed 13184K, reserved 1048576K
}
Event: 8.048 GC heap before
{Heap before GC invocations=37 (full 0):
 garbage-first heap   total 145408K, used 88250K [0x0000000080000000, 0x0000000100000000)
  region size 1024K, 7 young (7168K), 6 survivors (6144K)
 Metaspace       used 96109K, committed 96768K, reserved 1138688K
  class space    used 12970K, committed 13248K, reserved 1048576K
}
Event: 8.052 GC heap after
{Heap after GC invocations=38 (full 0):
 garbage-first heap   total 145408K, used 88205K [0x0000000080000000, 0x0000000100000000)
  region size 1024K, 1 young (1024K), 1 survivors (1024K)
 Metaspace       used 96109K, committed 96768K, reserved 1138688K
  class space    used 12970K, committed 13248K, reserved 1048576K
}
Event: 8.244 GC heap before
{Heap before GC invocations=38 (full 0):
 garbage-first heap   total 145408K, used 116877K [0x0000000080000000, 0x0000000100000000)
  region size 1024K, 29 young (29696K), 1 survivors (1024K)
 Metaspace       used 97830K, committed 98496K, reserved 1138688K
  class space    used 13356K, committed 13696K, reserved 1048576K
}
Event: 8.247 GC heap after
{Heap after GC invocations=39 (full 0):
 garbage-first heap   total 290816K, used 89919K [0x0000000080000000, 0x0000000100000000)
  region size 1024K, 3 young (3072K), 3 survivors (3072K)
 Metaspace       used 97830K, committed 98496K, reserved 1138688K
  class space    used 13356K, committed 13696K, reserved 1048576K
}
Event: 8.794 GC heap before
{Heap before GC invocations=39 (full 0):
 garbage-first heap   total 290816K, used 260927K [0x0000000080000000, 0x0000000100000000)
  region size 1024K, 125 young (128000K), 3 survivors (3072K)
 Metaspace       used 102546K, committed 103360K, reserved 1138688K
  class space    used 14010K, committed 14400K, reserved 1048576K
}
Event: 8.800 GC heap after
{Heap after GC invocations=40 (full 0):
 garbage-first heap   total 290816K, used 135898K [0x0000000080000000, 0x0000000100000000)
  region size 1024K, 15 young (15360K), 15 survivors (15360K)
 Metaspace       used 102546K, committed 103360K, reserved 1138688K
  class space    used 14010K, committed 14400K, reserved 1048576K
}
Event: 9.186 GC heap before
{Heap before GC invocations=40 (full 0):
 garbage-first heap   total 290816K, used 260826K [0x0000000080000000, 0x0000000100000000)
  region size 1024K, 106 young (108544K), 15 survivors (15360K)
 Metaspace       used 105559K, committed 106368K, reserved 1146880K
  class space    used 14647K, committed 15040K, reserved 1048576K
}
Event: 9.205 GC heap after
{Heap after GC invocations=41 (full 0):
 garbage-first heap   total 309248K, used 178851K [0x0000000080000000, 0x0000000100000000)
  region size 1024K, 14 young (14336K), 14 survivors (14336K)
 Metaspace       used 105559K, committed 106368K, reserved 1146880K
  class space    used 14647K, committed 15040K, reserved 1048576K
}
Event: 9.285 GC heap before
{Heap before GC invocations=41 (full 0):
 garbage-first heap   total 309248K, used 238243K [0x0000000080000000, 0x0000000100000000)
  region size 1024K, 73 young (74752K), 14 survivors (14336K)
 Metaspace       used 105707K, committed 106496K, reserved 1146880K
  class space    used 14647K, committed 15040K, reserved 1048576K
}
Event: 9.305 GC heap after
{Heap after GC invocations=42 (full 0):
 garbage-first heap   total 309248K, used 209879K [0x0000000080000000, 0x0000000100000000)
  region size 1024K, 10 young (10240K), 10 survivors (10240K)
 Metaspace       used 105707K, committed 106496K, reserved 1146880K
  class space    used 14647K, committed 15040K, reserved 1048576K
}
Event: 9.337 GC heap before
{Heap before GC invocations=42 (full 0):
 garbage-first heap   total 309248K, used 243671K [0x0000000080000000, 0x0000000100000000)
  region size 1024K, 44 young (45056K), 10 survivors (10240K)
 Metaspace       used 105755K, committed 106560K, reserved 1146880K
  class space    used 14647K, committed 15040K, reserved 1048576K
}
Event: 9.352 GC heap after
{Heap after GC invocations=43 (full 0):
 garbage-first heap   total 309248K, used 229376K [0x0000000080000000, 0x0000000100000000)
  region size 1024K, 6 young (6144K), 6 survivors (6144K)
 Metaspace       used 105755K, committed 106560K, reserved 1146880K
  class space    used 14647K, committed 15040K, reserved 1048576K
}
Event: 9.372 GC heap before
{Heap before GC invocations=43 (full 0):
 garbage-first heap   total 309248K, used 251904K [0x0000000080000000, 0x0000000100000000)
  region size 1024K, 28 young (28672K), 6 survivors (6144K)
 Metaspace       used 105785K, committed 106560K, reserved 1146880K
  class space    used 14647K, committed 15040K, reserved 1048576K
}
Event: 9.383 GC heap after
{Heap after GC invocations=44 (full 0):
 garbage-first heap   total 309248K, used 242602K [0x0000000080000000, 0x0000000100000000)
  region size 1024K, 4 young (4096K), 4 survivors (4096K)
 Metaspace       used 105785K, committed 106560K, reserved 1146880K
  class space    used 14647K, committed 15040K, reserved 1048576K
}
Event: 9.399 GC heap before
{Heap before GC invocations=44 (full 0):
 garbage-first heap   total 309248K, used 257962K [0x0000000080000000, 0x0000000100000000)
  region size 1024K, 19 young (19456K), 4 survivors (4096K)
 Metaspace       used 105794K, committed 106560K, reserved 1146880K
  class space    used 14647K, committed 15040K, reserved 1048576K
}

