# JRE version: OpenJDK Runtime Environment (17.0.6) (build 17.0.6+0-b2043.56-10027231)
# Java VM: OpenJDK 64-Bit Server VM (17.0.6+0-b2043.56-10027231, mixed mode, tiered, compressed oops, compressed class ptrs, g1 gc, windows-amd64)
GC Precious Log:
 CPUs: 12 total, 12 available
 Memory: 15289M
 Large Page Support: Disabled
 NUMA Support: Disabled
 Compressed Oops: Enabled (32-bit)
 Heap Region Size: 1M
 Heap Min Capacity: 8M
 Heap Initial Capacity: 240M
 Heap Max Capacity: 2G
 Pre-touch: Disabled
 Parallel Workers: 10
 Concurrent Workers: 3
 Concurrent Refinement Workers: 10
 Periodic GC: Disabled
Heap:
 garbage-first heap   total 245760K, used 114006K [0x0000000080000000, 0x0000000100000000)
  region size 1024K, 5 young (5120K), 5 survivors (5120K)
 Metaspace       used 110863K, committed 111424K, reserved 1146880K
  class space    used 14295K, committed 14528K, reserved 1048576K
GC Heap History (20 events):
Event: 5.573 GC heap after
{Heap after GC invocations=34 (full 0):
 garbage-first heap   total 169984K, used 92213K [0x0000000080000000, 0x0000000100000000)
  region size 1024K, 5 young (5120K), 5 survivors (5120K)
 Metaspace       used 80324K, committed 80896K, reserved 1122304K
  class space    used 10783K, committed 11008K, reserved 1048576K
}
Event: 5.912 GC heap before
{Heap before GC invocations=34 (full 0):
 garbage-first heap   total 169984K, used 138293K [0x0000000080000000, 0x0000000100000000)
  region size 1024K, 50 young (51200K), 5 survivors (5120K)
 Metaspace       used 85434K, committed 85952K, reserved 1130496K
  class space    used 11403K, committed 11648K, reserved 1048576K
}
Event: 5.915 GC heap after
{Heap after GC invocations=35 (full 0):
 garbage-first heap   total 169984K, used 95113K [0x0000000080000000, 0x0000000100000000)
  region size 1024K, 7 young (7168K), 7 survivors (7168K)
 Metaspace       used 85434K, committed 85952K, reserved 1130496K
  class space    used 11403K, committed 11648K, reserved 1048576K
}
Event: 6.110 GC heap before
{Heap before GC invocations=36 (full 0):
 garbage-first heap   total 169984K, used 116617K [0x0000000080000000, 0x0000000100000000)
  region size 1024K, 29 young (29696K), 7 survivors (7168K)
 Metaspace       used 88569K, committed 89152K, reserved 1130496K
  class space    used 11825K, committed 12096K, reserved 1048576K
}
Event: 6.114 GC heap after
{Heap after GC invocations=37 (full 0):
 garbage-first heap   total 169984K, used 96538K [0x0000000080000000, 0x0000000100000000)
  region size 1024K, 5 young (5120K), 5 survivors (5120K)
 Metaspace       used 88569K, committed 89152K, reserved 1130496K
  class space    used 11825K, committed 12096K, reserved 1048576K
}
Event: 6.331 GC heap before
{Heap before GC invocations=38 (full 0):
 garbage-first heap   total 183296K, used 139546K [0x0000000080000000, 0x0000000100000000)
  region size 1024K, 46 young (47104K), 5 survivors (5120K)
 Metaspace       used 90246K, committed 90816K, reserved 1130496K
  class space    used 12013K, committed 12224K, reserved 1048576K
}
Event: 6.334 GC heap after
{Heap after GC invocations=39 (full 0):
 garbage-first heap   total 183296K, used 99018K [0x0000000080000000, 0x0000000100000000)
  region size 1024K, 4 young (4096K), 4 survivors (4096K)
 Metaspace       used 90246K, committed 90816K, reserved 1130496K
  class space    used 12013K, committed 12224K, reserved 1048576K
}
Event: 6.700 GC heap before
{Heap before GC invocations=39 (full 0):
 garbage-first heap   total 183296K, used 149194K [0x0000000080000000, 0x0000000100000000)
  region size 1024K, 53 young (54272K), 4 survivors (4096K)
 Metaspace       used 93905K, committed 94464K, reserved 1130496K
  class space    used 12438K, committed 12672K, reserved 1048576K
}
Event: 6.703 GC heap after
{Heap after GC invocations=40 (full 0):
 garbage-first heap   total 183296K, used 102183K [0x0000000080000000, 0x0000000100000000)
  region size 1024K, 7 young (7168K), 7 survivors (7168K)
 Metaspace       used 93905K, committed 94464K, reserved 1130496K
  class space    used 12438K, committed 12672K, reserved 1048576K
}
Event: 7.124 GC heap before
{Heap before GC invocations=41 (full 0):
 garbage-first heap   total 183296K, used 149287K [0x0000000080000000, 0x0000000100000000)
  region size 1024K, 54 young (55296K), 7 survivors (7168K)
 Metaspace       used 99332K, committed 99904K, reserved 1138688K
  class space    used 13043K, committed 13312K, reserved 1048576K
}
Event: 7.128 GC heap after
{Heap after GC invocations=42 (full 0):
 garbage-first heap   total 183296K, used 105798K [0x0000000080000000, 0x0000000100000000)
  region size 1024K, 7 young (7168K), 7 survivors (7168K)
 Metaspace       used 99332K, committed 99904K, reserved 1138688K
  class space    used 13043K, committed 13312K, reserved 1048576K
}
Event: 7.137 GC heap before
{Heap before GC invocations=42 (full 0):
 garbage-first heap   total 183296K, used 106822K [0x0000000080000000, 0x0000000100000000)
  region size 1024K, 8 young (8192K), 7 survivors (7168K)
 Metaspace       used 99427K, committed 99968K, reserved 1138688K
  class space    used 13065K, committed 13312K, reserved 1048576K
}
Event: 7.141 GC heap after
{Heap after GC invocations=43 (full 0):
 garbage-first heap   total 183296K, used 106359K [0x0000000080000000, 0x0000000100000000)
  region size 1024K, 1 young (1024K), 1 survivors (1024K)
 Metaspace       used 99427K, committed 99968K, reserved 1138688K
  class space    used 13065K, committed 13312K, reserved 1048576K
}
Event: 7.484 GC heap before
{Heap before GC invocations=43 (full 0):
 garbage-first heap   total 183296K, used 152439K [0x0000000080000000, 0x0000000100000000)
  region size 1024K, 46 young (47104K), 1 survivors (1024K)
 Metaspace       used 106310K, committed 106816K, reserved 1146880K
  class space    used 13794K, committed 14016K, reserved 1048576K
}
Event: 7.486 GC heap after
{Heap after GC invocations=44 (full 0):
 garbage-first heap   total 183296K, used 106455K [0x0000000080000000, 0x0000000100000000)
  region size 1024K, 2 young (2048K), 2 survivors (2048K)
 Metaspace       used 106310K, committed 106816K, reserved 1146880K
  class space    used 13794K, committed 14016K, reserved 1048576K
}
Event: 7.847 GC heap before
{Heap before GC invocations=45 (full 0):
 garbage-first heap   total 186368K, used 153559K [0x0000000080000000, 0x0000000100000000)
  region size 1024K, 48 young (49152K), 2 survivors (2048K)
 Metaspace       used 110721K, committed 111296K, reserved 1146880K
  class space    used 14295K, committed 14528K, reserved 1048576K
}
Event: 7.850 GC heap after
{Heap after GC invocations=46 (full 0):
 garbage-first heap   total 186368K, used 110197K [0x0000000080000000, 0x0000000100000000)
  region size 1024K, 5 young (5120K), 5 survivors (5120K)
 Metaspace       used 110721K, committed 111296K, reserved 1146880K
  class space    used 14295K, committed 14528K, reserved 1048576K
}
Event: 7.868 GC heap before
{Heap before GC invocations=46 (full 0):
 garbage-first heap   total 186368K, used 114293K [0x0000000080000000, 0x0000000100000000)
  region size 1024K, 9 young (9216K), 5 survivors (5120K)
 Metaspace       used 110737K, committed 111296K, reserved 1146880K
  class space    used 14295K, committed 14528K, reserved 1048576K
}
Event: 7.871 GC heap after
{Heap after GC invocations=47 (full 0):
 garbage-first heap   total 186368K, used 110876K [0x0000000080000000, 0x0000000100000000)
  region size 1024K, 2 young (2048K), 2 survivors (2048K)
 Metaspace       used 110737K, committed 111296K, reserved 1146880K
  class space    used 14295K, committed 14528K, reserved 1048576K
}
Event: 7.955 GC heap before
{Heap before GC invocations=47 (full 0):
 garbage-first heap   total 186368K, used 153884K [0x0000000080000000, 0x0000000100000000)
  region size 1024K, 44 young (45056K), 2 survivors (2048K)
 Metaspace       used 110863K, committed 111424K, reserved 1146880K
  class space    used 14295K, committed 14528K, reserved 1048576K
}

