# JRE version: OpenJDK Runtime Environment (17.0.6) (build 17.0.6+0-b2043.56-10027231)
# Java VM: OpenJDK 64-Bit Server VM (17.0.6+0-b2043.56-10027231, mixed mode, tiered, compressed oops, compressed class ptrs, g1 gc, windows-amd64)
GC Precious Log:
 CPUs: 12 total, 12 available
 Memory: 15289M
 Large Page Support: Disabled
 NUMA Support: Disabled
 Compressed Oops: Enabled (32-bit)
 Heap Region Size: 1M
 Heap Min Capacity: 8M
 Heap Initial Capacity: 240M
 Heap Max Capacity: 2G
 Pre-touch: Disabled
 Parallel Workers: 10
 Concurrent Workers: 3
 Concurrent Refinement Workers: 10
 Periodic GC: Disabled
Heap:
 garbage-first heap   total 245760K, used 154744K [0x0000000080000000, 0x0000000100000000)
  region size 1024K, 5 young (5120K), 5 survivors (5120K)
 Metaspace       used 103050K, committed 103744K, reserved 1138688K
  class space    used 13998K, committed 14336K, reserved 1048576K
GC Heap History (20 events):
Event: 5.578 GC heap after
{Heap after GC invocations=39 (full 0):
 garbage-first heap   total 201728K, used 100093K [0x0000000080000000, 0x0000000100000000)
  region size 1024K, 1 young (1024K), 1 survivors (1024K)
 Metaspace       used 70662K, committed 71360K, reserved 1114112K
  class space    used 9499K, committed 9792K, reserved 1048576K
}
Event: 5.948 GC heap before
{Heap before GC invocations=39 (full 0):
 garbage-first heap   total 201728K, used 148221K [0x0000000080000000, 0x0000000100000000)
  region size 1024K, 48 young (49152K), 1 survivors (1024K)
 Metaspace       used 75413K, committed 76032K, reserved 1122304K
  class space    used 10142K, committed 10432K, reserved 1048576K
}
Event: 5.950 GC heap after
{Heap after GC invocations=40 (full 0):
 garbage-first heap   total 201728K, used 102212K [0x0000000080000000, 0x0000000100000000)
  region size 1024K, 3 young (3072K), 3 survivors (3072K)
 Metaspace       used 75413K, committed 76032K, reserved 1122304K
  class space    used 10142K, committed 10432K, reserved 1048576K
}
Event: 6.033 GC heap before
{Heap before GC invocations=41 (full 0):
 garbage-first heap   total 201728K, used 116548K [0x0000000080000000, 0x0000000100000000)
  region size 1024K, 18 young (18432K), 3 survivors (3072K)
 Metaspace       used 76391K, committed 77056K, reserved 1122304K
  class space    used 10272K, committed 10560K, reserved 1048576K
}
Event: 6.036 GC heap after
{Heap after GC invocations=42 (full 0):
 garbage-first heap   total 201728K, used 102785K [0x0000000080000000, 0x0000000100000000)
  region size 1024K, 4 young (4096K), 4 survivors (4096K)
 Metaspace       used 76391K, committed 77056K, reserved 1122304K
  class space    used 10272K, committed 10560K, reserved 1048576K
}
Event: 6.450 GC heap before
{Heap before GC invocations=43 (full 0):
 garbage-first heap   total 201728K, used 162177K [0x0000000080000000, 0x0000000100000000)
  region size 1024K, 58 young (59392K), 4 survivors (4096K)
 Metaspace       used 81500K, committed 82240K, reserved 1122304K
  class space    used 10945K, committed 11264K, reserved 1048576K
}
Event: 6.453 GC heap after
{Heap after GC invocations=44 (full 0):
 garbage-first heap   total 201728K, used 110283K [0x0000000080000000, 0x0000000100000000)
  region size 1024K, 7 young (7168K), 7 survivors (7168K)
 Metaspace       used 81500K, committed 82240K, reserved 1122304K
  class space    used 10945K, committed 11264K, reserved 1048576K
}
Event: 6.846 GC heap before
{Heap before GC invocations=44 (full 0):
 garbage-first heap   total 201728K, used 161483K [0x0000000080000000, 0x0000000100000000)
  region size 1024K, 57 young (58368K), 7 survivors (7168K)
 Metaspace       used 87643K, committed 88384K, reserved 1130496K
  class space    used 11712K, committed 12096K, reserved 1048576K
}
Event: 6.850 GC heap after
{Heap after GC invocations=45 (full 0):
 garbage-first heap   total 201728K, used 112193K [0x0000000080000000, 0x0000000100000000)
  region size 1024K, 6 young (6144K), 6 survivors (6144K)
 Metaspace       used 87643K, committed 88384K, reserved 1130496K
  class space    used 11712K, committed 12096K, reserved 1048576K
}
Event: 7.234 GC heap before
{Heap before GC invocations=46 (full 0):
 garbage-first heap   total 201728K, used 153153K [0x0000000080000000, 0x0000000100000000)
  region size 1024K, 47 young (48128K), 6 survivors (6144K)
 Metaspace       used 94533K, committed 95232K, reserved 1130496K
  class space    used 13090K, committed 13440K, reserved 1048576K
}
Event: 7.237 GC heap after
{Heap after GC invocations=47 (full 0):
 garbage-first heap   total 201728K, used 113349K [0x0000000080000000, 0x0000000100000000)
  region size 1024K, 3 young (3072K), 3 survivors (3072K)
 Metaspace       used 94533K, committed 95232K, reserved 1130496K
  class space    used 13090K, committed 13440K, reserved 1048576K
}
Event: 7.393 GC heap before
{Heap before GC invocations=48 (full 0):
 garbage-first heap   total 206848K, used 173765K [0x0000000080000000, 0x0000000100000000)
  region size 1024K, 55 young (56320K), 3 survivors (3072K)
 Metaspace       used 94853K, committed 95680K, reserved 1138688K
  class space    used 13100K, committed 13440K, reserved 1048576K
}
Event: 7.401 GC heap after
{Heap after GC invocations=49 (full 0):
 garbage-first heap   total 206848K, used 128346K [0x0000000080000000, 0x0000000100000000)
  region size 1024K, 7 young (7168K), 7 survivors (7168K)
 Metaspace       used 94853K, committed 95680K, reserved 1138688K
  class space    used 13100K, committed 13440K, reserved 1048576K
}
Event: 7.511 GC heap before
{Heap before GC invocations=49 (full 0):
 garbage-first heap   total 206848K, used 166234K [0x0000000080000000, 0x0000000100000000)
  region size 1024K, 44 young (45056K), 7 survivors (7168K)
 Metaspace       used 95026K, committed 95808K, reserved 1138688K
  class space    used 13127K, committed 13504K, reserved 1048576K
}
Event: 7.521 GC heap after
{Heap after GC invocations=50 (full 0):
 garbage-first heap   total 206848K, used 140114K [0x0000000080000000, 0x0000000100000000)
  region size 1024K, 6 young (6144K), 6 survivors (6144K)
 Metaspace       used 95026K, committed 95808K, reserved 1138688K
  class space    used 13127K, committed 13504K, reserved 1048576K
}
Event: 7.736 GC heap before
{Heap before GC invocations=51 (full 0):
 garbage-first heap   total 242688K, used 168786K [0x0000000080000000, 0x0000000100000000)
  region size 1024K, 34 young (34816K), 6 survivors (6144K)
 Metaspace       used 98493K, committed 99264K, reserved 1138688K
  class space    used 13538K, committed 13888K, reserved 1048576K
}
Event: 7.739 GC heap after
{Heap after GC invocations=52 (full 0):
 garbage-first heap   total 242688K, used 142719K [0x0000000080000000, 0x0000000100000000)
  region size 1024K, 2 young (2048K), 2 survivors (2048K)
 Metaspace       used 98493K, committed 99264K, reserved 1138688K
  class space    used 13538K, committed 13888K, reserved 1048576K
}
Event: 7.796 GC heap before
{Heap before GC invocations=52 (full 0):
 garbage-first heap   total 242688K, used 159103K [0x0000000080000000, 0x0000000100000000)
  region size 1024K, 11 young (11264K), 2 survivors (2048K)
 Metaspace       used 99168K, committed 99904K, reserved 1138688K
  class space    used 13615K, committed 13952K, reserved 1048576K
}
Event: 7.798 GC heap after
{Heap after GC invocations=53 (full 0):
 garbage-first heap   total 242688K, used 150811K [0x0000000080000000, 0x0000000100000000)
  region size 1024K, 2 young (2048K), 2 survivors (2048K)
 Metaspace       used 99168K, committed 99904K, reserved 1138688K
  class space    used 13615K, committed 13952K, reserved 1048576K
}
Event: 8.048 GC heap before
{Heap before GC invocations=53 (full 0):
 garbage-first heap   total 242688K, used 195867K [0x0000000080000000, 0x0000000100000000)
  region size 1024K, 46 young (47104K), 2 survivors (2048K)
 Metaspace       used 103050K, committed 103744K, reserved 1138688K
  class space    used 13998K, committed 14336K, reserved 1048576K
}

