# JRE version: OpenJDK Runtime Environment (17.0.6) (build 17.0.6+0-b2043.56-10027231)
# Java VM: OpenJDK 64-Bit Server VM (17.0.6+0-b2043.56-10027231, mixed mode, tiered, compressed oops, compressed class ptrs, g1 gc, windows-amd64)
GC Precious Log:
 CPUs: 12 total, 12 available
 Memory: 15289M
 Large Page Support: Disabled
 NUMA Support: Disabled
 Compressed Oops: Enabled (32-bit)
 Heap Region Size: 1M
 Heap Min Capacity: 8M
 Heap Initial Capacity: 240M
 Heap Max Capacity: 2G
 Pre-touch: Disabled
 Parallel Workers: 10
 Concurrent Workers: 3
 Concurrent Refinement Workers: 10
 Periodic GC: Disabled
Heap:
 garbage-first heap   total 491520K, used 335228K [0x0000000080000000, 0x0000000100000000)
  region size 1024K, 47 young (48128K), 3 survivors (3072K)
 Metaspace       used 163069K, committed 164288K, reserved 1196032K
  class space    used 21417K, committed 22016K, reserved 1048576K
GC Heap History (20 events):
Event: 24.676 GC heap before
{Heap before GC invocations=72 (full 0):
 garbage-first heap   total 344064K, used 299355K [0x0000000080000000, 0x0000000100000000)
  region size 1024K, 36 young (36864K), 4 survivors (4096K)
 Metaspace       used 156527K, committed 157696K, reserved 1187840K
  class space    used 20741K, committed 21312K, reserved 1048576K
}
Event: 24.680 GC heap after
{Heap after GC invocations=73 (full 0):
 garbage-first heap   total 344064K, used 269168K [0x0000000080000000, 0x0000000100000000)
  region size 1024K, 5 young (5120K), 5 survivors (5120K)
 Metaspace       used 156527K, committed 157696K, reserved 1187840K
  class space    used 20741K, committed 21312K, reserved 1048576K
}
Event: 24.848 GC heap before
{Heap before GC invocations=73 (full 0):
 garbage-first heap   total 344064K, used 298864K [0x0000000080000000, 0x0000000100000000)
  region size 1024K, 34 young (34816K), 5 survivors (5120K)
 Metaspace       used 156646K, committed 157824K, reserved 1187840K
  class space    used 20743K, committed 21312K, reserved 1048576K
}
Event: 24.851 GC heap after
{Heap after GC invocations=74 (full 0):
 garbage-first heap   total 344064K, used 272137K [0x0000000080000000, 0x0000000100000000)
  region size 1024K, 3 young (3072K), 3 survivors (3072K)
 Metaspace       used 156646K, committed 157824K, reserved 1187840K
  class space    used 20743K, committed 21312K, reserved 1048576K
}
Event: 24.986 GC heap before
{Heap before GC invocations=74 (full 0):
 garbage-first heap   total 344064K, used 299785K [0x0000000080000000, 0x0000000100000000)
  region size 1024K, 30 young (30720K), 3 survivors (3072K)
 Metaspace       used 157786K, committed 158976K, reserved 1187840K
  class space    used 20868K, committed 21440K, reserved 1048576K
}
Event: 24.989 GC heap after
{Heap after GC invocations=75 (full 0):
 garbage-first heap   total 344064K, used 274822K [0x0000000080000000, 0x0000000100000000)
  region size 1024K, 3 young (3072K), 3 survivors (3072K)
 Metaspace       used 157786K, committed 158976K, reserved 1187840K
  class space    used 20868K, committed 21440K, reserved 1048576K
}
Event: 25.302 GC heap before
{Heap before GC invocations=75 (full 0):
 garbage-first heap   total 344064K, used 299398K [0x0000000080000000, 0x0000000100000000)
  region size 1024K, 28 young (28672K), 3 survivors (3072K)
 Metaspace       used 159819K, committed 160960K, reserved 1196032K
  class space    used 21068K, committed 21632K, reserved 1048576K
}
Event: 25.305 GC heap after
{Heap after GC invocations=76 (full 0):
 garbage-first heap   total 344064K, used 277893K [0x0000000080000000, 0x0000000100000000)
  region size 1024K, 3 young (3072K), 3 survivors (3072K)
 Metaspace       used 159819K, committed 160960K, reserved 1196032K
  class space    used 21068K, committed 21632K, reserved 1048576K
}
Event: 25.665 GC heap before
{Heap before GC invocations=76 (full 0):
 garbage-first heap   total 344064K, used 300421K [0x0000000080000000, 0x0000000100000000)
  region size 1024K, 26 young (26624K), 3 survivors (3072K)
 Metaspace       used 162226K, committed 163456K, reserved 1196032K
  class space    used 21343K, committed 21952K, reserved 1048576K
}
Event: 25.667 GC heap after
{Heap after GC invocations=77 (full 0):
 garbage-first heap   total 344064K, used 279741K [0x0000000080000000, 0x0000000100000000)
  region size 1024K, 2 young (2048K), 2 survivors (2048K)
 Metaspace       used 162226K, committed 163456K, reserved 1196032K
  class space    used 21343K, committed 21952K, reserved 1048576K
}
Event: 27.658 GC heap before
{Heap before GC invocations=77 (full 0):
 garbage-first heap   total 344064K, used 301245K [0x0000000080000000, 0x0000000100000000)
  region size 1024K, 23 young (23552K), 2 survivors (2048K)
 Metaspace       used 162810K, committed 164032K, reserved 1196032K
  class space    used 21417K, committed 22016K, reserved 1048576K
}
Event: 27.661 GC heap after
{Heap after GC invocations=78 (full 0):
 garbage-first heap   total 344064K, used 281156K [0x0000000080000000, 0x0000000100000000)
  region size 1024K, 2 young (2048K), 2 survivors (2048K)
 Metaspace       used 162810K, committed 164032K, reserved 1196032K
  class space    used 21417K, committed 22016K, reserved 1048576K
}
Event: 27.743 GC heap before
{Heap before GC invocations=78 (full 0):
 garbage-first heap   total 344064K, used 301636K [0x0000000080000000, 0x0000000100000000)
  region size 1024K, 22 young (22528K), 2 survivors (2048K)
 Metaspace       used 162862K, committed 164096K, reserved 1196032K
  class space    used 21417K, committed 22016K, reserved 1048576K
}
Event: 27.745 GC heap after
{Heap after GC invocations=79 (full 0):
 garbage-first heap   total 344064K, used 283448K [0x0000000080000000, 0x0000000100000000)
  region size 1024K, 3 young (3072K), 3 survivors (3072K)
 Metaspace       used 162862K, committed 164096K, reserved 1196032K
  class space    used 21417K, committed 22016K, reserved 1048576K
}
Event: 27.799 GC heap before
{Heap before GC invocations=79 (full 0):
 garbage-first heap   total 344064K, used 294712K [0x0000000080000000, 0x0000000100000000)
  region size 1024K, 16 young (16384K), 3 survivors (3072K)
 Metaspace       used 162928K, committed 164096K, reserved 1196032K
  class space    used 21417K, committed 22016K, reserved 1048576K
}
Event: 27.802 GC heap after
{Heap after GC invocations=80 (full 0):
 garbage-first heap   total 344064K, used 284735K [0x0000000080000000, 0x0000000100000000)
  region size 1024K, 2 young (2048K), 2 survivors (2048K)
 Metaspace       used 162928K, committed 164096K, reserved 1196032K
  class space    used 21417K, committed 22016K, reserved 1048576K
}
Event: 27.887 GC heap before
{Heap before GC invocations=80 (full 0):
 garbage-first heap   total 344064K, used 302143K [0x0000000080000000, 0x0000000100000000)
  region size 1024K, 19 young (19456K), 2 survivors (2048K)
 Metaspace       used 163020K, committed 164224K, reserved 1196032K
  class space    used 21417K, committed 22016K, reserved 1048576K
}
Event: 27.890 GC heap after
{Heap after GC invocations=81 (full 0):
 garbage-first heap   total 344064K, used 286948K [0x0000000080000000, 0x0000000100000000)
  region size 1024K, 3 young (3072K), 3 survivors (3072K)
 Metaspace       used 163020K, committed 164224K, reserved 1196032K
  class space    used 21417K, committed 22016K, reserved 1048576K
}
Event: 27.963 GC heap before
{Heap before GC invocations=81 (full 0):
 garbage-first heap   total 491520K, used 302308K [0x0000000080000000, 0x0000000100000000)
  region size 1024K, 18 young (18432K), 3 survivors (3072K)
 Metaspace       used 163038K, committed 164224K, reserved 1196032K
  class space    used 21417K, committed 22016K, reserved 1048576K
}
Event: 27.966 GC heap after
{Heap after GC invocations=82 (full 0):
 garbage-first heap   total 491520K, used 290172K [0x0000000080000000, 0x0000000100000000)
  region size 1024K, 3 young (3072K), 3 survivors (3072K)
 Metaspace       used 163038K, committed 164224K, reserved 1196032K
  class space    used 21417K, committed 22016K, reserved 1048576K
}

