# JRE version: OpenJDK Runtime Environment (17.0.6) (build 17.0.6+0-b2043.56-10027231)
# Java VM: OpenJDK 64-Bit Server VM (17.0.6+0-b2043.56-10027231, mixed mode, tiered, compressed oops, compressed class ptrs, g1 gc, windows-amd64)
GC Precious Log:
 CPUs: 12 total, 12 available
 Memory: 15289M
 Large Page Support: Disabled
 NUMA Support: Disabled
 Compressed Oops: Enabled (32-bit)
 Heap Region Size: 1M
 Heap Min Capacity: 8M
 Heap Initial Capacity: 240M
 Heap Max Capacity: 2G
 Pre-touch: Disabled
 Parallel Workers: 10
 Concurrent Workers: 3
 Concurrent Refinement Workers: 10
 Periodic GC: Disabled
Heap:
 garbage-first heap   total 307200K, used 214452K [0x0000000080000000, 0x0000000100000000)
  region size 1024K, 77 young (78848K), 16 survivors (16384K)
 Metaspace       used 106557K, committed 107328K, reserved 1146880K
  class space    used 14357K, committed 14720K, reserved 1048576K
GC Heap History (20 events):
Event: 4.533 GC heap before
{Heap before GC invocations=24 (full 0):
 garbage-first heap   total 138240K, used 108930K [0x0000000080000000, 0x0000000100000000)
  region size 1024K, 42 young (43008K), 3 survivors (3072K)
 Metaspace       used 58281K, committed 58880K, reserved 1105920K
  class space    used 7921K, committed 8192K, reserved 1048576K
}
Event: 4.536 GC heap after
{Heap after GC invocations=25 (full 0):
 garbage-first heap   total 138240K, used 73429K [0x0000000080000000, 0x0000000100000000)
  region size 1024K, 6 young (6144K), 6 survivors (6144K)
 Metaspace       used 58281K, committed 58880K, reserved 1105920K
  class space    used 7921K, committed 8192K, reserved 1048576K
}
Event: 4.546 GC heap before
{Heap before GC invocations=25 (full 0):
 garbage-first heap   total 138240K, used 74453K [0x0000000080000000, 0x0000000100000000)
  region size 1024K, 7 young (7168K), 6 survivors (6144K)
 Metaspace       used 58311K, committed 58880K, reserved 1105920K
  class space    used 7921K, committed 8192K, reserved 1048576K
}
Event: 4.548 GC heap after
{Heap after GC invocations=26 (full 0):
 garbage-first heap   total 138240K, used 73775K [0x0000000080000000, 0x0000000100000000)
  region size 1024K, 1 young (1024K), 1 survivors (1024K)
 Metaspace       used 58311K, committed 58880K, reserved 1105920K
  class space    used 7921K, committed 8192K, reserved 1048576K
}
Event: 4.837 GC heap before
{Heap before GC invocations=26 (full 0):
 garbage-first heap   total 138240K, used 107567K [0x0000000080000000, 0x0000000100000000)
  region size 1024K, 36 young (36864K), 1 survivors (1024K)
 Metaspace       used 62860K, committed 63488K, reserved 1105920K
  class space    used 8965K, committed 9216K, reserved 1048576K
}
Event: 4.839 GC heap after
{Heap after GC invocations=27 (full 0):
 garbage-first heap   total 138240K, used 74593K [0x0000000080000000, 0x0000000100000000)
  region size 1024K, 2 young (2048K), 2 survivors (2048K)
 Metaspace       used 62860K, committed 63488K, reserved 1105920K
  class space    used 8965K, committed 9216K, reserved 1048576K
}
Event: 5.044 GC heap before
{Heap before GC invocations=28 (full 0):
 garbage-first heap   total 143360K, used 124769K [0x0000000080000000, 0x0000000100000000)
  region size 1024K, 39 young (39936K), 2 survivors (2048K)
 Metaspace       used 65114K, committed 65728K, reserved 1105920K
  class space    used 9296K, committed 9600K, reserved 1048576K
}
Event: 5.047 GC heap after
{Heap after GC invocations=29 (full 0):
 garbage-first heap   total 307200K, used 95299K [0x0000000080000000, 0x0000000100000000)
  region size 1024K, 5 young (5120K), 5 survivors (5120K)
 Metaspace       used 65114K, committed 65728K, reserved 1105920K
  class space    used 9296K, committed 9600K, reserved 1048576K
}
Event: 5.118 GC heap before
{Heap before GC invocations=29 (full 0):
 garbage-first heap   total 307200K, used 105539K [0x0000000080000000, 0x0000000100000000)
  region size 1024K, 15 young (15360K), 5 survivors (5120K)
 Metaspace       used 66044K, committed 66624K, reserved 1114112K
  class space    used 9416K, committed 9664K, reserved 1048576K
}
Event: 5.120 GC heap after
{Heap after GC invocations=30 (full 0):
 garbage-first heap   total 307200K, used 96239K [0x0000000080000000, 0x0000000100000000)
  region size 1024K, 1 young (1024K), 1 survivors (1024K)
 Metaspace       used 66044K, committed 66624K, reserved 1114112K
  class space    used 9416K, committed 9664K, reserved 1048576K
}
Event: 5.893 GC heap before
{Heap before GC invocations=30 (full 0):
 garbage-first heap   total 307200K, used 201711K [0x0000000080000000, 0x0000000100000000)
  region size 1024K, 98 young (100352K), 1 survivors (1024K)
 Metaspace       used 75500K, committed 76224K, reserved 1122304K
  class space    used 10612K, committed 10944K, reserved 1048576K
}
Event: 5.896 GC heap after
{Heap after GC invocations=31 (full 0):
 garbage-first heap   total 307200K, used 102456K [0x0000000080000000, 0x0000000100000000)
  region size 1024K, 7 young (7168K), 7 survivors (7168K)
 Metaspace       used 75500K, committed 76224K, reserved 1122304K
  class space    used 10612K, committed 10944K, reserved 1048576K
}
Event: 6.286 GC heap before
{Heap before GC invocations=31 (full 0):
 garbage-first heap   total 307200K, used 156728K [0x0000000080000000, 0x0000000100000000)
  region size 1024K, 61 young (62464K), 7 survivors (7168K)
 Metaspace       used 80601K, committed 81280K, reserved 1122304K
  class space    used 11292K, committed 11584K, reserved 1048576K
}
Event: 6.289 GC heap after
{Heap after GC invocations=32 (full 0):
 garbage-first heap   total 307200K, used 105433K [0x0000000080000000, 0x0000000100000000)
  region size 1024K, 10 young (10240K), 10 survivors (10240K)
 Metaspace       used 80601K, committed 81280K, reserved 1122304K
  class space    used 11292K, committed 11584K, reserved 1048576K
}
Event: 7.412 GC heap before
{Heap before GC invocations=33 (full 0):
 garbage-first heap   total 307200K, used 256985K [0x0000000080000000, 0x0000000100000000)
  region size 1024K, 147 young (150528K), 10 survivors (10240K)
 Metaspace       used 95607K, committed 96384K, reserved 1138688K
  class space    used 13226K, committed 13568K, reserved 1048576K
}
Event: 7.420 GC heap after
{Heap after GC invocations=34 (full 0):
 garbage-first heap   total 307200K, used 124999K [0x0000000080000000, 0x0000000100000000)
  region size 1024K, 18 young (18432K), 18 survivors (18432K)
 Metaspace       used 95607K, committed 96384K, reserved 1138688K
  class space    used 13226K, committed 13568K, reserved 1048576K
}
Event: 7.427 GC heap before
{Heap before GC invocations=34 (full 0):
 garbage-first heap   total 307200K, used 126023K [0x0000000080000000, 0x0000000100000000)
  region size 1024K, 19 young (19456K), 18 survivors (18432K)
 Metaspace       used 95607K, committed 96384K, reserved 1138688K
  class space    used 13226K, committed 13568K, reserved 1048576K
}
Event: 7.432 GC heap after
{Heap after GC invocations=35 (full 0):
 garbage-first heap   total 307200K, used 126720K [0x0000000080000000, 0x0000000100000000)
  region size 1024K, 3 young (3072K), 3 survivors (3072K)
 Metaspace       used 95607K, committed 96384K, reserved 1138688K
  class space    used 13226K, committed 13568K, reserved 1048576K
}
Event: 7.986 GC heap before
{Heap before GC invocations=35 (full 0):
 garbage-first heap   total 307200K, used 255744K [0x0000000080000000, 0x0000000100000000)
  region size 1024K, 122 young (124928K), 3 survivors (3072K)
 Metaspace       used 100156K, committed 100928K, reserved 1138688K
  class space    used 13742K, committed 14080K, reserved 1048576K
}
Event: 7.998 GC heap after
{Heap after GC invocations=36 (full 0):
 garbage-first heap   total 307200K, used 153012K [0x0000000080000000, 0x0000000100000000)
  region size 1024K, 16 young (16384K), 16 survivors (16384K)
 Metaspace       used 100156K, committed 100928K, reserved 1138688K
  class space    used 13742K, committed 14080K, reserved 1048576K
}

