# JRE version: OpenJDK Runtime Environment (17.0.6) (build 17.0.6+0-b2043.56-10027231)
# Java VM: OpenJDK 64-Bit Server VM (17.0.6+0-b2043.56-10027231, mixed mode, tiered, compressed oops, compressed class ptrs, g1 gc, windows-amd64)
GC Precious Log:
 CPUs: 12 total, 12 available
 Memory: 15289M
 Large Page Support: Disabled
 NUMA Support: Disabled
 Compressed Oops: Enabled (32-bit)
 Heap Region Size: 1M
 Heap Min Capacity: 8M
 Heap Initial Capacity: 240M
 Heap Max Capacity: 2G
 Pre-touch: Disabled
 Parallel Workers: 10
 Concurrent Workers: 3
 Concurrent Refinement Workers: 10
 Periodic GC: Disabled
Heap:
 garbage-first heap   total 324608K, used 201007K [0x0000000080000000, 0x0000000100000000)
  region size 1024K, 7 young (7168K), 7 survivors (7168K)
 Metaspace       used 117792K, committed 118592K, reserved 1155072K
  class space    used 15862K, committed 16256K, reserved 1048576K
GC Heap History (20 events):
Event: 9.710 GC heap after
{Heap after GC invocations=32 (full 0):
 garbage-first heap   total 246784K, used 123347K [0x0000000080000000, 0x0000000100000000)
  region size 1024K, 12 young (12288K), 12 survivors (12288K)
 Metaspace       used 105083K, committed 105856K, reserved 1146880K
  class space    used 14329K, committed 14720K, reserved 1048576K
}
Event: 9.919 GC heap before
{Heap before GC invocations=32 (full 0):
 garbage-first heap   total 246784K, used 191955K [0x0000000080000000, 0x0000000100000000)
  region size 1024K, 80 young (81920K), 12 survivors (12288K)
 Metaspace       used 108471K, committed 109184K, reserved 1146880K
  class space    used 14638K, committed 14976K, reserved 1048576K
}
Event: 9.924 GC heap after
{Heap after GC invocations=33 (full 0):
 garbage-first heap   total 246784K, used 127463K [0x0000000080000000, 0x0000000100000000)
  region size 1024K, 4 young (4096K), 4 survivors (4096K)
 Metaspace       used 108471K, committed 109184K, reserved 1146880K
  class space    used 14638K, committed 14976K, reserved 1048576K
}
Event: 10.220 GC heap before
{Heap before GC invocations=33 (full 0):
 garbage-first heap   total 246784K, used 178663K [0x0000000080000000, 0x0000000100000000)
  region size 1024K, 56 young (57344K), 4 survivors (4096K)
 Metaspace       used 110922K, committed 111616K, reserved 1146880K
  class space    used 14936K, committed 15296K, reserved 1048576K
}
Event: 10.222 GC heap after
{Heap after GC invocations=34 (full 0):
 garbage-first heap   total 246784K, used 126816K [0x0000000080000000, 0x0000000100000000)
  region size 1024K, 3 young (3072K), 3 survivors (3072K)
 Metaspace       used 110922K, committed 111616K, reserved 1146880K
  class space    used 14936K, committed 15296K, reserved 1048576K
}
Event: 10.621 GC heap before
{Heap before GC invocations=35 (full 0):
 garbage-first heap   total 246784K, used 190304K [0x0000000080000000, 0x0000000100000000)
  region size 1024K, 75 young (76800K), 3 survivors (3072K)
 Metaspace       used 112606K, committed 113280K, reserved 1146880K
  class space    used 15166K, committed 15488K, reserved 1048576K
}
Event: 10.625 GC heap after
{Heap after GC invocations=36 (full 0):
 garbage-first heap   total 246784K, used 121856K [0x0000000080000000, 0x0000000100000000)
  region size 1024K, 7 young (7168K), 7 survivors (7168K)
 Metaspace       used 112606K, committed 113280K, reserved 1146880K
  class space    used 15166K, committed 15488K, reserved 1048576K
}
Event: 10.653 GC heap before
{Heap before GC invocations=36 (full 0):
 garbage-first heap   total 246784K, used 130048K [0x0000000080000000, 0x0000000100000000)
  region size 1024K, 12 young (12288K), 7 survivors (7168K)
 Metaspace       used 112917K, committed 113664K, reserved 1146880K
  class space    used 15207K, committed 15552K, reserved 1048576K
}
Event: 10.657 GC heap after
{Heap after GC invocations=37 (full 0):
 garbage-first heap   total 246784K, used 123672K [0x0000000080000000, 0x0000000100000000)
  region size 1024K, 2 young (2048K), 2 survivors (2048K)
 Metaspace       used 112917K, committed 113664K, reserved 1146880K
  class space    used 15207K, committed 15552K, reserved 1048576K
}
Event: 11.039 GC heap before
{Heap before GC invocations=37 (full 0):
 garbage-first heap   total 246784K, used 234264K [0x0000000080000000, 0x0000000100000000)
  region size 1024K, 63 young (64512K), 2 survivors (2048K)
 Metaspace       used 117043K, committed 117888K, reserved 1155072K
  class space    used 15761K, committed 16192K, reserved 1048576K
}
Event: 11.043 GC heap after
{Heap after GC invocations=38 (full 0):
 garbage-first heap   total 247808K, used 164716K [0x0000000080000000, 0x0000000100000000)
  region size 1024K, 10 young (10240K), 10 survivors (10240K)
 Metaspace       used 117043K, committed 117888K, reserved 1155072K
  class space    used 15761K, committed 16192K, reserved 1048576K
}
Event: 11.047 GC heap before
{Heap before GC invocations=38 (full 0):
 garbage-first heap   total 247808K, used 179052K [0x0000000080000000, 0x0000000100000000)
  region size 1024K, 14 young (14336K), 10 survivors (10240K)
 Metaspace       used 117044K, committed 117888K, reserved 1155072K
  class space    used 15761K, committed 16192K, reserved 1048576K
}
Event: 11.049 GC heap after
{Heap after GC invocations=39 (full 0):
 garbage-first heap   total 247808K, used 169423K [0x0000000080000000, 0x0000000100000000)
  region size 1024K, 2 young (2048K), 2 survivors (2048K)
 Metaspace       used 117044K, committed 117888K, reserved 1155072K
  class space    used 15761K, committed 16192K, reserved 1048576K
}
Event: 11.050 GC heap before
{Heap before GC invocations=39 (full 0):
 garbage-first heap   total 247808K, used 173519K [0x0000000080000000, 0x0000000100000000)
  region size 1024K, 3 young (3072K), 2 survivors (2048K)
 Metaspace       used 117044K, committed 117888K, reserved 1155072K
  class space    used 15761K, committed 16192K, reserved 1048576K
}
Event: 11.052 GC heap after
{Heap after GC invocations=40 (full 0):
 garbage-first heap   total 247808K, used 170400K [0x0000000080000000, 0x0000000100000000)
  region size 1024K, 2 young (2048K), 2 survivors (2048K)
 Metaspace       used 117044K, committed 117888K, reserved 1155072K
  class space    used 15761K, committed 16192K, reserved 1048576K
}
Event: 11.247 GC heap before
{Heap before GC invocations=41 (full 0):
 garbage-first heap   total 324608K, used 209312K [0x0000000080000000, 0x0000000100000000)
  region size 1024K, 27 young (27648K), 2 survivors (2048K)
 Metaspace       used 117326K, committed 118080K, reserved 1155072K
  class space    used 15808K, committed 16192K, reserved 1048576K
}
Event: 11.252 GC heap after
{Heap after GC invocations=42 (full 0):
 garbage-first heap   total 324608K, used 183570K [0x0000000080000000, 0x0000000100000000)
  region size 1024K, 4 young (4096K), 4 survivors (4096K)
 Metaspace       used 117326K, committed 118080K, reserved 1155072K
  class space    used 15808K, committed 16192K, reserved 1048576K
}
Event: 11.300 GC heap before
{Heap before GC invocations=42 (full 0):
 garbage-first heap   total 324608K, used 194834K [0x0000000080000000, 0x0000000100000000)
  region size 1024K, 15 young (15360K), 4 survivors (4096K)
 Metaspace       used 117363K, committed 118208K, reserved 1155072K
  class space    used 15817K, committed 16256K, reserved 1048576K
}
Event: 11.305 GC heap after
{Heap after GC invocations=43 (full 0):
 garbage-first heap   total 324608K, used 184771K [0x0000000080000000, 0x0000000100000000)
  region size 1024K, 2 young (2048K), 2 survivors (2048K)
 Metaspace       used 117363K, committed 118208K, reserved 1155072K
  class space    used 15817K, committed 16256K, reserved 1048576K
}
Event: 11.443 GC heap before
{Heap before GC invocations=43 (full 0):
 garbage-first heap   total 324608K, used 243139K [0x0000000080000000, 0x0000000100000000)
  region size 1024K, 56 young (57344K), 2 survivors (2048K)
 Metaspace       used 117792K, committed 118592K, reserved 1155072K
  class space    used 15862K, committed 16256K, reserved 1048576K
}

