# JRE version: OpenJDK Runtime Environment (17.0.6) (build 17.0.6+0-b2043.56-10027231)
# Java VM: OpenJDK 64-Bit Server VM (17.0.6+0-b2043.56-10027231, mixed mode, tiered, compressed oops, compressed class ptrs, g1 gc, windows-amd64)
GC Precious Log:
 CPUs: 12 total, 12 available
 Memory: 15289M
 Large Page Support: Disabled
 NUMA Support: Disabled
 Compressed Oops: Enabled (32-bit)
 Heap Region Size: 1M
 Heap Min Capacity: 8M
 Heap Initial Capacity: 240M
 Heap Max Capacity: 2G
 Pre-touch: Disabled
 Parallel Workers: 10
 Concurrent Workers: 3
 Concurrent Refinement Workers: 10
 Periodic GC: Disabled
Heap:
 garbage-first heap   total 291840K, used 183980K [0x0000000080000000, 0x0000000100000000)
  region size 1024K, 23 young (23552K), 9 survivors (9216K)
 Metaspace       used 122151K, committed 122880K, reserved 1163264K
  class space    used 16121K, committed 16512K, reserved 1048576K
GC Heap History (20 events):
Event: 7.202 GC heap before
{Heap before GC invocations=40 (full 0):
 garbage-first heap   total 206848K, used 168884K [0x0000000080000000, 0x0000000100000000)
  region size 1024K, 52 young (53248K), 4 survivors (4096K)
 Metaspace       used 94889K, committed 95680K, reserved 1138688K
  class space    used 13113K, committed 13504K, reserved 1048576K
}
Event: 7.211 GC heap after
{Heap after GC invocations=41 (full 0):
 garbage-first heap   total 206848K, used 127090K [0x0000000080000000, 0x0000000100000000)
  region size 1024K, 7 young (7168K), 7 survivors (7168K)
 Metaspace       used 94889K, committed 95680K, reserved 1138688K
  class space    used 13113K, committed 13504K, reserved 1048576K
}
Event: 7.326 GC heap before
{Heap before GC invocations=41 (full 0):
 garbage-first heap   total 206848K, used 167026K [0x0000000080000000, 0x0000000100000000)
  region size 1024K, 46 young (47104K), 7 survivors (7168K)
 Metaspace       used 94972K, committed 95744K, reserved 1138688K
  class space    used 13130K, committed 13504K, reserved 1048576K
}
Event: 7.334 GC heap after
{Heap after GC invocations=42 (full 0):
 garbage-first heap   total 206848K, used 139264K [0x0000000080000000, 0x0000000100000000)
  region size 1024K, 6 young (6144K), 6 survivors (6144K)
 Metaspace       used 94972K, committed 95744K, reserved 1138688K
  class space    used 13130K, committed 13504K, reserved 1048576K
}
Event: 7.545 GC heap before
{Heap before GC invocations=43 (full 0):
 garbage-first heap   total 239616K, used 167936K [0x0000000080000000, 0x0000000100000000)
  region size 1024K, 34 young (34816K), 6 survivors (6144K)
 Metaspace       used 98402K, committed 99136K, reserved 1138688K
  class space    used 13543K, committed 13888K, reserved 1048576K
}
Event: 7.548 GC heap after
{Heap after GC invocations=44 (full 0):
 garbage-first heap   total 239616K, used 141907K [0x0000000080000000, 0x0000000100000000)
  region size 1024K, 2 young (2048K), 2 survivors (2048K)
 Metaspace       used 98402K, committed 99136K, reserved 1138688K
  class space    used 13543K, committed 13888K, reserved 1048576K
}
Event: 7.612 GC heap before
{Heap before GC invocations=44 (full 0):
 garbage-first heap   total 239616K, used 158291K [0x0000000080000000, 0x0000000100000000)
  region size 1024K, 11 young (11264K), 2 survivors (2048K)
 Metaspace       used 99158K, committed 99968K, reserved 1138688K
  class space    used 13629K, committed 14016K, reserved 1048576K
}
Event: 7.614 GC heap after
{Heap after GC invocations=45 (full 0):
 garbage-first heap   total 239616K, used 149945K [0x0000000080000000, 0x0000000100000000)
  region size 1024K, 2 young (2048K), 2 survivors (2048K)
 Metaspace       used 99158K, committed 99968K, reserved 1138688K
  class space    used 13629K, committed 14016K, reserved 1048576K
}
Event: 7.862 GC heap before
{Heap before GC invocations=45 (full 0):
 garbage-first heap   total 239616K, used 193977K [0x0000000080000000, 0x0000000100000000)
  region size 1024K, 45 young (46080K), 2 survivors (2048K)
 Metaspace       used 102756K, committed 103488K, reserved 1138688K
  class space    used 13995K, committed 14336K, reserved 1048576K
}
Event: 7.865 GC heap after
{Heap after GC invocations=46 (full 0):
 garbage-first heap   total 239616K, used 154411K [0x0000000080000000, 0x0000000100000000)
  region size 1024K, 6 young (6144K), 6 survivors (6144K)
 Metaspace       used 102756K, committed 103488K, reserved 1138688K
  class space    used 13995K, committed 14336K, reserved 1048576K
}
Event: 8.226 GC heap before
{Heap before GC invocations=47 (full 0):
 garbage-first heap   total 271360K, used 196395K [0x0000000080000000, 0x0000000100000000)
  region size 1024K, 47 young (48128K), 6 survivors (6144K)
 Metaspace       used 107817K, committed 108544K, reserved 1146880K
  class space    used 14515K, committed 14848K, reserved 1048576K
}
Event: 8.229 GC heap after
{Heap after GC invocations=48 (full 0):
 garbage-first heap   total 271360K, used 156789K [0x0000000080000000, 0x0000000100000000)
  region size 1024K, 3 young (3072K), 3 survivors (3072K)
 Metaspace       used 107817K, committed 108544K, reserved 1146880K
  class space    used 14515K, committed 14848K, reserved 1048576K
}
Event: 8.326 GC heap before
{Heap before GC invocations=48 (full 0):
 garbage-first heap   total 271360K, used 166005K [0x0000000080000000, 0x0000000100000000)
  region size 1024K, 13 young (13312K), 3 survivors (3072K)
 Metaspace       used 109077K, committed 109824K, reserved 1146880K
  class space    used 14667K, committed 15040K, reserved 1048576K
}
Event: 8.327 GC heap after
{Heap after GC invocations=49 (full 0):
 garbage-first heap   total 271360K, used 156750K [0x0000000080000000, 0x0000000100000000)
  region size 1024K, 1 young (1024K), 1 survivors (1024K)
 Metaspace       used 109077K, committed 109824K, reserved 1146880K
  class space    used 14667K, committed 15040K, reserved 1048576K
}
Event: 8.711 GC heap before
{Heap before GC invocations=49 (full 0):
 garbage-first heap   total 271360K, used 219214K [0x0000000080000000, 0x0000000100000000)
  region size 1024K, 61 young (62464K), 1 survivors (1024K)
 Metaspace       used 113893K, committed 114624K, reserved 1155072K
  class space    used 15267K, committed 15616K, reserved 1048576K
}
Event: 8.713 GC heap after
{Heap after GC invocations=50 (full 0):
 garbage-first heap   total 271360K, used 159882K [0x0000000080000000, 0x0000000100000000)
  region size 1024K, 4 young (4096K), 4 survivors (4096K)
 Metaspace       used 113893K, committed 114624K, reserved 1155072K
  class space    used 15267K, committed 15616K, reserved 1048576K
}
Event: 9.111 GC heap before
{Heap before GC invocations=50 (full 0):
 garbage-first heap   total 271360K, used 220298K [0x0000000080000000, 0x0000000100000000)
  region size 1024K, 63 young (64512K), 4 survivors (4096K)
 Metaspace       used 115929K, committed 116608K, reserved 1155072K
  class space    used 15479K, committed 15808K, reserved 1048576K
}
Event: 9.115 GC heap after
{Heap after GC invocations=51 (full 0):
 garbage-first heap   total 271360K, used 165254K [0x0000000080000000, 0x0000000100000000)
  region size 1024K, 8 young (8192K), 8 survivors (8192K)
 Metaspace       used 115929K, committed 116608K, reserved 1155072K
  class space    used 15479K, committed 15808K, reserved 1048576K
}
Event: 9.767 GC heap before
{Heap before GC invocations=51 (full 0):
 garbage-first heap   total 271360K, used 223622K [0x0000000080000000, 0x0000000100000000)
  region size 1024K, 65 young (66560K), 8 survivors (8192K)
 Metaspace       used 120394K, committed 121088K, reserved 1155072K
  class space    used 15918K, committed 16256K, reserved 1048576K
}
Event: 9.772 GC heap after
{Heap after GC invocations=52 (full 0):
 garbage-first heap   total 271360K, used 170668K [0x0000000080000000, 0x0000000100000000)
  region size 1024K, 9 young (9216K), 9 survivors (9216K)
 Metaspace       used 120394K, committed 121088K, reserved 1155072K
  class space    used 15918K, committed 16256K, reserved 1048576K
}

