# JRE version: OpenJDK Runtime Environment (17.0.6) (build 17.0.6+0-b2043.56-10027231)
# Java VM: OpenJDK 64-Bit Server VM (17.0.6+0-b2043.56-10027231, mixed mode, tiered, compressed oops, compressed class ptrs, g1 gc, windows-amd64)
GC Precious Log:
 CPUs: 12 total, 12 available
 Memory: 15289M
 Large Page Support: Disabled
 NUMA Support: Disabled
 Compressed Oops: Enabled (32-bit)
 Heap Region Size: 1M
 Heap Min Capacity: 8M
 Heap Initial Capacity: 240M
 Heap Max Capacity: 2G
 Pre-touch: Disabled
 Parallel Workers: 10
 Concurrent Workers: 3
 Concurrent Refinement Workers: 10
 Periodic GC: Disabled
Heap:
 garbage-first heap   total 393216K, used 315239K [0x0000000080000000, 0x0000000100000000)
  region size 1024K, 4 young (4096K), 4 survivors (4096K)
 Metaspace       used 133373K, committed 134208K, reserved 1171456K
  class space    used 18058K, committed 18432K, reserved 1048576K
GC Heap History (20 events):
Event: 13.327 GC heap after
{Heap after GC invocations=46 (full 0):
 garbage-first heap   total 393216K, used 165505K [0x0000000080000000, 0x0000000100000000)
  region size 1024K, 6 young (6144K), 6 survivors (6144K)
 Metaspace       used 130781K, committed 131584K, reserved 1163264K
  class space    used 17842K, committed 18240K, reserved 1048576K
}
Event: 13.594 GC heap before
{Heap before GC invocations=46 (full 0):
 garbage-first heap   total 393216K, used 335489K [0x0000000080000000, 0x0000000100000000)
  region size 1024K, 172 young (176128K), 6 survivors (6144K)
 Metaspace       used 131327K, committed 132224K, reserved 1171456K
  class space    used 17846K, committed 18240K, reserved 1048576K
}
Event: 13.599 GC heap after
{Heap after GC invocations=47 (full 0):
 garbage-first heap   total 393216K, used 165707K [0x0000000080000000, 0x0000000100000000)
  region size 1024K, 7 young (7168K), 7 survivors (7168K)
 Metaspace       used 131327K, committed 132224K, reserved 1171456K
  class space    used 17846K, committed 18240K, reserved 1048576K
}
Event: 13.800 GC heap before
{Heap before GC invocations=47 (full 0):
 garbage-first heap   total 393216K, used 337739K [0x0000000080000000, 0x0000000100000000)
  region size 1024K, 175 young (179200K), 7 survivors (7168K)
 Metaspace       used 131466K, committed 132352K, reserved 1171456K
  class space    used 17846K, committed 18240K, reserved 1048576K
}
Event: 13.805 GC heap after
{Heap after GC invocations=48 (full 0):
 garbage-first heap   total 393216K, used 166188K [0x0000000080000000, 0x0000000100000000)
  region size 1024K, 7 young (7168K), 7 survivors (7168K)
 Metaspace       used 131466K, committed 132352K, reserved 1171456K
  class space    used 17846K, committed 18240K, reserved 1048576K
}
Event: 13.991 GC heap before
{Heap before GC invocations=48 (full 0):
 garbage-first heap   total 393216K, used 340268K [0x0000000080000000, 0x0000000100000000)
  region size 1024K, 177 young (181248K), 7 survivors (7168K)
 Metaspace       used 131526K, committed 132352K, reserved 1171456K
  class space    used 17848K, committed 18240K, reserved 1048576K
}
Event: 13.996 GC heap after
{Heap after GC invocations=49 (full 0):
 garbage-first heap   total 393216K, used 166785K [0x0000000080000000, 0x0000000100000000)
  region size 1024K, 8 young (8192K), 8 survivors (8192K)
 Metaspace       used 131526K, committed 132352K, reserved 1171456K
  class space    used 17848K, committed 18240K, reserved 1048576K
}
Event: 14.290 GC heap before
{Heap before GC invocations=49 (full 0):
 garbage-first heap   total 393216K, used 342913K [0x0000000080000000, 0x0000000100000000)
  region size 1024K, 179 young (183296K), 8 survivors (8192K)
 Metaspace       used 131719K, committed 132544K, reserved 1171456K
  class space    used 17848K, committed 18240K, reserved 1048576K
}
Event: 14.295 GC heap after
{Heap after GC invocations=50 (full 0):
 garbage-first heap   total 393216K, used 165903K [0x0000000080000000, 0x0000000100000000)
  region size 1024K, 7 young (7168K), 7 survivors (7168K)
 Metaspace       used 131719K, committed 132544K, reserved 1171456K
  class space    used 17848K, committed 18240K, reserved 1048576K
}
Event: 14.728 GC heap before
{Heap before GC invocations=50 (full 0):
 garbage-first heap   total 393216K, used 320527K [0x0000000080000000, 0x0000000100000000)
  region size 1024K, 138 young (141312K), 7 survivors (7168K)
 Metaspace       used 132287K, committed 133120K, reserved 1171456K
  class space    used 17902K, committed 18304K, reserved 1048576K
}
Event: 14.733 GC heap after
{Heap after GC invocations=51 (full 0):
 garbage-first heap   total 393216K, used 190595K [0x0000000080000000, 0x0000000100000000)
  region size 1024K, 10 young (10240K), 10 survivors (10240K)
 Metaspace       used 132287K, committed 133120K, reserved 1171456K
  class space    used 17902K, committed 18304K, reserved 1048576K
}
Event: 14.775 GC heap before
{Heap before GC invocations=51 (full 0):
 garbage-first heap   total 393216K, used 220291K [0x0000000080000000, 0x0000000100000000)
  region size 1024K, 19 young (19456K), 10 survivors (10240K)
 Metaspace       used 132664K, committed 133504K, reserved 1171456K
  class space    used 17965K, committed 18368K, reserved 1048576K
}
Event: 14.780 GC heap after
{Heap after GC invocations=52 (full 0):
 garbage-first heap   total 393216K, used 206224K [0x0000000080000000, 0x0000000100000000)
  region size 1024K, 13 young (13312K), 13 survivors (13312K)
 Metaspace       used 132664K, committed 133504K, reserved 1171456K
  class space    used 17965K, committed 18368K, reserved 1048576K
}
Event: 15.064 GC heap before
{Heap before GC invocations=52 (full 0):
 garbage-first heap   total 393216K, used 340368K [0x0000000080000000, 0x0000000100000000)
  region size 1024K, 98 young (100352K), 13 survivors (13312K)
 Metaspace       used 132758K, committed 133568K, reserved 1171456K
  class space    used 17971K, committed 18368K, reserved 1048576K
}
Event: 15.081 GC heap after
{Heap after GC invocations=53 (full 0):
 garbage-first heap   total 393216K, used 252627K [0x0000000080000000, 0x0000000100000000)
  region size 1024K, 13 young (13312K), 13 survivors (13312K)
 Metaspace       used 132758K, committed 133568K, reserved 1171456K
  class space    used 17971K, committed 18368K, reserved 1048576K
}
Event: 15.232 GC heap before
{Heap before GC invocations=53 (full 0):
 garbage-first heap   total 393216K, used 309971K [0x0000000080000000, 0x0000000100000000)
  region size 1024K, 68 young (69632K), 13 survivors (13312K)
 Metaspace       used 133298K, committed 134080K, reserved 1171456K
  class space    used 18058K, committed 18432K, reserved 1048576K
}
Event: 15.250 GC heap after
{Heap after GC invocations=54 (full 0):
 garbage-first heap   total 393216K, used 280575K [0x0000000080000000, 0x0000000100000000)
  region size 1024K, 9 young (9216K), 9 survivors (9216K)
 Metaspace       used 133298K, committed 134080K, reserved 1171456K
  class space    used 18058K, committed 18432K, reserved 1048576K
}
Event: 15.298 GC heap before
{Heap before GC invocations=54 (full 0):
 garbage-first heap   total 393216K, used 315391K [0x0000000080000000, 0x0000000100000000)
  region size 1024K, 44 young (45056K), 9 survivors (9216K)
 Metaspace       used 133366K, committed 134144K, reserved 1171456K
  class space    used 18058K, committed 18432K, reserved 1048576K
}
Event: 15.315 GC heap after
{Heap after GC invocations=55 (full 0):
 garbage-first heap   total 393216K, used 300982K [0x0000000080000000, 0x0000000100000000)
  region size 1024K, 6 young (6144K), 6 survivors (6144K)
 Metaspace       used 133366K, committed 134144K, reserved 1171456K
  class space    used 18058K, committed 18432K, reserved 1048576K
}
Event: 15.342 GC heap before
{Heap before GC invocations=55 (full 0):
 garbage-first heap   total 393216K, used 324534K [0x0000000080000000, 0x0000000100000000)
  region size 1024K, 30 young (30720K), 6 survivors (6144K)
 Metaspace       used 133373K, committed 134208K, reserved 1171456K
  class space    used 18058K, committed 18432K, reserved 1048576K
}

