# JRE version: OpenJDK Runtime Environment (17.0.6) (build 17.0.6+0-b2043.56-10027231)
# Java VM: OpenJDK 64-Bit Server VM (17.0.6+0-b2043.56-10027231, mixed mode, tiered, compressed oops, compressed class ptrs, g1 gc, windows-amd64)
GC Precious Log:
 CPUs: 12 total, 12 available
 Memory: 15289M
 Large Page Support: Disabled
 NUMA Support: Disabled
 Compressed Oops: Enabled (32-bit)
 Heap Region Size: 1M
 Heap Min Capacity: 8M
 Heap Initial Capacity: 240M
 Heap Max Capacity: 2G
 Pre-touch: Disabled
 Parallel Workers: 10
 Concurrent Workers: 3
 Concurrent Refinement Workers: 10
 Periodic GC: Disabled
Heap:
 garbage-first heap   total 358400K, used 238363K [0x0000000080000000, 0x0000000100000000)
  region size 1024K, 22 young (22528K), 11 survivors (11264K)
 Metaspace       used 132606K, committed 133696K, reserved 1171456K
  class space    used 17494K, committed 18048K, reserved 1048576K
GC Heap History (20 events):
Event: 12.733 GC heap before
{Heap before GC invocations=50 (full 0):
 garbage-first heap   total 342016K, used 270957K [0x0000000080000000, 0x0000000100000000)
  region size 1024K, 78 young (79872K), 4 survivors (4096K)
 Metaspace       used 107640K, committed 108480K, reserved 1146880K
  class space    used 14580K, committed 14976K, reserved 1048576K
}
Event: 12.736 GC heap after
{Heap after GC invocations=51 (full 0):
 garbage-first heap   total 342016K, used 198261K [0x0000000080000000, 0x0000000100000000)
  region size 1024K, 7 young (7168K), 7 survivors (7168K)
 Metaspace       used 107640K, committed 108480K, reserved 1146880K
  class space    used 14580K, committed 14976K, reserved 1048576K
}
Event: 12.761 GC heap before
{Heap before GC invocations=51 (full 0):
 garbage-first heap   total 342016K, used 207477K [0x0000000080000000, 0x0000000100000000)
  region size 1024K, 16 young (16384K), 7 survivors (7168K)
 Metaspace       used 107640K, committed 108480K, reserved 1146880K
  class space    used 14580K, committed 14976K, reserved 1048576K
}
Event: 12.764 GC heap after
{Heap after GC invocations=52 (full 0):
 garbage-first heap   total 342016K, used 197820K [0x0000000080000000, 0x0000000100000000)
  region size 1024K, 1 young (1024K), 1 survivors (1024K)
 Metaspace       used 107640K, committed 108480K, reserved 1146880K
  class space    used 14580K, committed 14976K, reserved 1048576K
}
Event: 12.979 GC heap before
{Heap before GC invocations=52 (full 0):
 garbage-first heap   total 342016K, used 281788K [0x0000000080000000, 0x0000000100000000)
  region size 1024K, 83 young (84992K), 1 survivors (1024K)
 Metaspace       used 107645K, committed 108480K, reserved 1146880K
  class space    used 14580K, committed 14976K, reserved 1048576K
}
Event: 12.980 GC heap after
{Heap after GC invocations=53 (full 0):
 garbage-first heap   total 342016K, used 197611K [0x0000000080000000, 0x0000000100000000)
  region size 1024K, 1 young (1024K), 1 survivors (1024K)
 Metaspace       used 107645K, committed 108480K, reserved 1146880K
  class space    used 14580K, committed 14976K, reserved 1048576K
}
Event: 13.334 GC heap before
{Heap before GC invocations=53 (full 0):
 garbage-first heap   total 342016K, used 284651K [0x0000000080000000, 0x0000000100000000)
  region size 1024K, 86 young (88064K), 1 survivors (1024K)
 Metaspace       used 110025K, committed 110848K, reserved 1146880K
  class space    used 14862K, committed 15232K, reserved 1048576K
}
Event: 13.336 GC heap after
{Heap after GC invocations=54 (full 0):
 garbage-first heap   total 342016K, used 196342K [0x0000000080000000, 0x0000000100000000)
  region size 1024K, 2 young (2048K), 2 survivors (2048K)
 Metaspace       used 110025K, committed 110848K, reserved 1146880K
  class space    used 14862K, committed 15232K, reserved 1048576K
}
Event: 15.545 GC heap before
{Heap before GC invocations=54 (full 0):
 garbage-first heap   total 342016K, used 285430K [0x0000000080000000, 0x0000000100000000)
  region size 1024K, 90 young (92160K), 2 survivors (2048K)
 Metaspace       used 117825K, committed 118656K, reserved 1155072K
  class space    used 15809K, committed 16192K, reserved 1048576K
}
Event: 15.552 GC heap after
{Heap after GC invocations=55 (full 0):
 garbage-first heap   total 342016K, used 203803K [0x0000000080000000, 0x0000000100000000)
  region size 1024K, 9 young (9216K), 9 survivors (9216K)
 Metaspace       used 117825K, committed 118656K, reserved 1155072K
  class space    used 15809K, committed 16192K, reserved 1048576K
}
Event: 16.655 GC heap before
{Heap before GC invocations=56 (full 0):
 garbage-first heap   total 358400K, used 286747K [0x0000000080000000, 0x0000000100000000)
  region size 1024K, 91 young (93184K), 9 survivors (9216K)
 Metaspace       used 119227K, committed 120064K, reserved 1155072K
  class space    used 15937K, committed 16320K, reserved 1048576K
}
Event: 16.661 GC heap after
{Heap after GC invocations=57 (full 0):
 garbage-first heap   total 358400K, used 208272K [0x0000000080000000, 0x0000000100000000)
  region size 1024K, 5 young (5120K), 5 survivors (5120K)
 Metaspace       used 119227K, committed 120064K, reserved 1155072K
  class space    used 15937K, committed 16320K, reserved 1048576K
}
Event: 16.724 GC heap before
{Heap before GC invocations=57 (full 0):
 garbage-first heap   total 358400K, used 220560K [0x0000000080000000, 0x0000000100000000)
  region size 1024K, 17 young (17408K), 5 survivors (5120K)
 Metaspace       used 119744K, committed 120576K, reserved 1155072K
  class space    used 16006K, committed 16384K, reserved 1048576K
}
Event: 16.727 GC heap after
{Heap after GC invocations=58 (full 0):
 garbage-first heap   total 358400K, used 207418K [0x0000000080000000, 0x0000000100000000)
  region size 1024K, 2 young (2048K), 2 survivors (2048K)
 Metaspace       used 119744K, committed 120576K, reserved 1155072K
  class space    used 16006K, committed 16384K, reserved 1048576K
}
Event: 17.380 GC heap before
{Heap before GC invocations=58 (full 0):
 garbage-first heap   total 358400K, used 298554K [0x0000000080000000, 0x0000000100000000)
  region size 1024K, 92 young (94208K), 2 survivors (2048K)
 Metaspace       used 125485K, committed 126400K, reserved 1163264K
  class space    used 16743K, committed 17152K, reserved 1048576K
}
Event: 17.384 GC heap after
{Heap after GC invocations=59 (full 0):
 garbage-first heap   total 358400K, used 214276K [0x0000000080000000, 0x0000000100000000)
  region size 1024K, 8 young (8192K), 8 survivors (8192K)
 Metaspace       used 125485K, committed 126400K, reserved 1163264K
  class space    used 16743K, committed 17152K, reserved 1048576K
}
Event: 39.967 GC heap before
{Heap before GC invocations=59 (full 0):
 garbage-first heap   total 358400K, used 300292K [0x0000000080000000, 0x0000000100000000)
  region size 1024K, 93 young (95232K), 8 survivors (8192K)
 Metaspace       used 130299K, committed 131264K, reserved 1163264K
  class space    used 17211K, committed 17664K, reserved 1048576K
}
Event: 39.972 GC heap after
{Heap after GC invocations=60 (full 0):
 garbage-first heap   total 358400K, used 218566K [0x0000000080000000, 0x0000000100000000)
  region size 1024K, 5 young (5120K), 5 survivors (5120K)
 Metaspace       used 130299K, committed 131264K, reserved 1163264K
  class space    used 17211K, committed 17664K, reserved 1048576K
}
Event: 40.436 GC heap before
{Heap before GC invocations=60 (full 0):
 garbage-first heap   total 358400K, used 302534K [0x0000000080000000, 0x0000000100000000)
  region size 1024K, 87 young (89088K), 5 survivors (5120K)
 Metaspace       used 132380K, committed 133440K, reserved 1171456K
  class space    used 17460K, committed 17984K, reserved 1048576K
}
Event: 40.443 GC heap after
{Heap after GC invocations=61 (full 0):
 garbage-first heap   total 358400K, used 229147K [0x0000000080000000, 0x0000000100000000)
  region size 1024K, 11 young (11264K), 11 survivors (11264K)
 Metaspace       used 132380K, committed 133440K, reserved 1171456K
  class space    used 17460K, committed 17984K, reserved 1048576K
}

