# JRE version: OpenJDK Runtime Environment (17.0.6) (build 17.0.6+0-b2043.56-10027231)
# Java VM: OpenJDK 64-Bit Server VM (17.0.6+0-b2043.56-10027231, mixed mode, tiered, compressed oops, compressed class ptrs, g1 gc, windows-amd64)
GC Precious Log:
 CPUs: 12 total, 12 available
 Memory: 15289M
 Large Page Support: Disabled
 NUMA Support: Disabled
 Compressed Oops: Enabled (32-bit)
 Heap Region Size: 1M
 Heap Min Capacity: 8M
 Heap Initial Capacity: 240M
 Heap Max Capacity: 2G
 Pre-touch: Disabled
 Parallel Workers: 10
 Concurrent Workers: 3
 Concurrent Refinement Workers: 10
 Periodic GC: Disabled
Heap:
 garbage-first heap   total 450560K, used 325105K [0x0000000080000000, 0x0000000100000000)
  region size 1024K, 77 young (78848K), 6 survivors (6144K)
 Metaspace       used 161945K, committed 162816K, reserved 1196032K
  class space    used 21088K, committed 21504K, reserved 1048576K
GC Heap History (20 events):
Event: 13.298 GC heap before
{Heap before GC invocations=54 (full 0):
 garbage-first heap   total 302080K, used 185951K [0x0000000080000000, 0x0000000100000000)
  region size 1024K, 14 young (14336K), 4 survivors (4096K)
 Metaspace       used 146042K, committed 146816K, reserved 1179648K
  class space    used 19047K, committed 19392K, reserved 1048576K
}
Event: 13.301 GC heap after
{Heap after GC invocations=55 (full 0):
 garbage-first heap   total 302080K, used 176905K [0x0000000080000000, 0x0000000100000000)
  region size 1024K, 1 young (1024K), 1 survivors (1024K)
 Metaspace       used 146042K, committed 146816K, reserved 1179648K
  class space    used 19047K, committed 19392K, reserved 1048576K
}
Event: 13.981 GC heap before
{Heap before GC invocations=55 (full 0):
 garbage-first heap   total 302080K, used 281353K [0x0000000080000000, 0x0000000100000000)
  region size 1024K, 77 young (78848K), 1 survivors (1024K)
 Metaspace       used 152161K, committed 152960K, reserved 1187840K
  class space    used 19837K, committed 20224K, reserved 1048576K
}
Event: 13.986 GC heap after
{Heap after GC invocations=56 (full 0):
 garbage-first heap   total 302080K, used 201551K [0x0000000080000000, 0x0000000100000000)
  region size 1024K, 10 young (10240K), 10 survivors (10240K)
 Metaspace       used 152161K, committed 152960K, reserved 1187840K
  class space    used 19837K, committed 20224K, reserved 1048576K
}
Event: 14.314 GC heap before
{Heap before GC invocations=56 (full 0):
 garbage-first heap   total 302080K, used 253775K [0x0000000080000000, 0x0000000100000000)
  region size 1024K, 62 young (63488K), 10 survivors (10240K)
 Metaspace       used 154994K, committed 155840K, reserved 1187840K
  class space    used 20203K, committed 20544K, reserved 1048576K
}
Event: 14.319 GC heap after
{Heap after GC invocations=57 (full 0):
 garbage-first heap   total 302080K, used 206148K [0x0000000080000000, 0x0000000100000000)
  region size 1024K, 5 young (5120K), 5 survivors (5120K)
 Metaspace       used 154994K, committed 155840K, reserved 1187840K
  class space    used 20203K, committed 20544K, reserved 1048576K
}
Event: 14.357 GC heap before
{Heap before GC invocations=57 (full 0):
 garbage-first heap   total 302080K, used 208196K [0x0000000080000000, 0x0000000100000000)
  region size 1024K, 8 young (8192K), 5 survivors (5120K)
 Metaspace       used 155258K, committed 156096K, reserved 1187840K
  class space    used 20248K, committed 20608K, reserved 1048576K
}
Event: 14.359 GC heap after
{Heap after GC invocations=58 (full 0):
 garbage-first heap   total 302080K, used 206932K [0x0000000080000000, 0x0000000100000000)
  region size 1024K, 1 young (1024K), 1 survivors (1024K)
 Metaspace       used 155258K, committed 156096K, reserved 1187840K
  class space    used 20248K, committed 20608K, reserved 1048576K
}
Event: 14.564 GC heap before
{Heap before GC invocations=59 (full 0):
 garbage-first heap   total 380928K, used 259156K [0x0000000080000000, 0x0000000100000000)
  region size 1024K, 50 young (51200K), 1 survivors (1024K)
 Metaspace       used 155270K, committed 156096K, reserved 1187840K
  class space    used 20249K, committed 20608K, reserved 1048576K
}
Event: 14.571 GC heap after
{Heap after GC invocations=60 (full 0):
 garbage-first heap   total 380928K, used 223100K [0x0000000080000000, 0x0000000100000000)
  region size 1024K, 7 young (7168K), 7 survivors (7168K)
 Metaspace       used 155270K, committed 156096K, reserved 1187840K
  class space    used 20249K, committed 20608K, reserved 1048576K
}
Event: 14.829 GC heap before
{Heap before GC invocations=60 (full 0):
 garbage-first heap   total 380928K, used 233340K [0x0000000080000000, 0x0000000100000000)
  region size 1024K, 18 young (18432K), 7 survivors (7168K)
 Metaspace       used 155287K, committed 156096K, reserved 1187840K
  class space    used 20249K, committed 20608K, reserved 1048576K
}
Event: 14.832 GC heap after
{Heap after GC invocations=61 (full 0):
 garbage-first heap   total 380928K, used 221405K [0x0000000080000000, 0x0000000100000000)
  region size 1024K, 2 young (2048K), 2 survivors (2048K)
 Metaspace       used 155287K, committed 156096K, reserved 1187840K
  class space    used 20249K, committed 20608K, reserved 1048576K
}
Event: 15.698 GC heap before
{Heap before GC invocations=61 (full 0):
 garbage-first heap   total 380928K, used 301277K [0x0000000080000000, 0x0000000100000000)
  region size 1024K, 80 young (81920K), 2 survivors (2048K)
 Metaspace       used 155291K, committed 156096K, reserved 1187840K
  class space    used 20250K, committed 20608K, reserved 1048576K
}
Event: 15.700 GC heap after
{Heap after GC invocations=62 (full 0):
 garbage-first heap   total 380928K, used 224395K [0x0000000080000000, 0x0000000100000000)
  region size 1024K, 5 young (5120K), 5 survivors (5120K)
 Metaspace       used 155291K, committed 156096K, reserved 1187840K
  class space    used 20250K, committed 20608K, reserved 1048576K
}
Event: 16.881 GC heap before
{Heap before GC invocations=62 (full 0):
 garbage-first heap   total 380928K, used 307339K [0x0000000080000000, 0x0000000100000000)
  region size 1024K, 86 young (88064K), 5 survivors (5120K)
 Metaspace       used 155292K, committed 156096K, reserved 1187840K
  class space    used 20250K, committed 20608K, reserved 1048576K
}
Event: 16.884 GC heap after
{Heap after GC invocations=63 (full 0):
 garbage-first heap   total 380928K, used 228305K [0x0000000080000000, 0x0000000100000000)
  region size 1024K, 8 young (8192K), 8 survivors (8192K)
 Metaspace       used 155292K, committed 156096K, reserved 1187840K
  class space    used 20250K, committed 20608K, reserved 1048576K
}
Event: 17.724 GC heap before
{Heap before GC invocations=63 (full 0):
 garbage-first heap   total 380928K, used 312273K [0x0000000080000000, 0x0000000100000000)
  region size 1024K, 90 young (92160K), 8 survivors (8192K)
 Metaspace       used 155295K, committed 156096K, reserved 1187840K
  class space    used 20250K, committed 20608K, reserved 1048576K
}
Event: 17.728 GC heap after
{Heap after GC invocations=64 (full 0):
 garbage-first heap   total 380928K, used 232653K [0x0000000080000000, 0x0000000100000000)
  region size 1024K, 9 young (9216K), 9 survivors (9216K)
 Metaspace       used 155295K, committed 156096K, reserved 1187840K
  class space    used 20250K, committed 20608K, reserved 1048576K
}
Event: 17.980 GC heap before
{Heap before GC invocations=64 (full 0):
 garbage-first heap   total 380928K, used 265421K [0x0000000080000000, 0x0000000100000000)
  region size 1024K, 34 young (34816K), 9 survivors (9216K)
 Metaspace       used 155328K, committed 156160K, reserved 1187840K
  class space    used 20260K, committed 20608K, reserved 1048576K
}
Event: 17.984 GC heap after
{Heap after GC invocations=65 (full 0):
 garbage-first heap   total 380928K, used 242161K [0x0000000080000000, 0x0000000100000000)
  region size 1024K, 6 young (6144K), 6 survivors (6144K)
 Metaspace       used 155328K, committed 156160K, reserved 1187840K
  class space    used 20260K, committed 20608K, reserved 1048576K
}

