# JRE version: OpenJDK Runtime Environment (17.0.6) (build 17.0.6+0-b2043.56-10027231)
# Java VM: OpenJDK 64-Bit Server VM (17.0.6+0-b2043.56-10027231, mixed mode, tiered, compressed oops, compressed class ptrs, g1 gc, windows-amd64)
GC Precious Log:
 CPUs: 12 total, 12 available
 Memory: 15289M
 Large Page Support: Disabled
 NUMA Support: Disabled
 Compressed Oops: Enabled (32-bit)
 Heap Region Size: 1M
 Heap Min Capacity: 8M
 Heap Initial Capacity: 240M
 Heap Max Capacity: 2G
 Pre-touch: Disabled
 Parallel Workers: 10
 Concurrent Workers: 3
 Concurrent Refinement Workers: 10
 Periodic GC: Disabled
Heap:
 garbage-first heap   total 452608K, used 297127K [0x0000000080000000, 0x0000000100000000)
  region size 1024K, 31 young (31744K), 13 survivors (13312K)
 Metaspace       used 185481K, committed 186624K, reserved 1212416K
  class space    used 23980K, committed 24512K, reserved 1048576K
GC Heap History (20 events):
Event: 13.517 GC heap before
{Heap before GC invocations=60 (full 0):
 garbage-first heap   total 367616K, used 233901K [0x0000000080000000, 0x0000000100000000)
  region size 1024K, 17 young (17408K), 8 survivors (8192K)
 Metaspace       used 154958K, committed 155840K, reserved 1187840K
  class space    used 20240K, committed 20672K, reserved 1048576K
}
Event: 13.521 GC heap after
{Heap after GC invocations=61 (full 0):
 garbage-first heap   total 367616K, used 222145K [0x0000000080000000, 0x0000000100000000)
  region size 1024K, 2 young (2048K), 2 survivors (2048K)
 Metaspace       used 154958K, committed 155840K, reserved 1187840K
  class space    used 20240K, committed 20672K, reserved 1048576K
}
Event: 14.038 GC heap before
{Heap before GC invocations=61 (full 0):
 garbage-first heap   total 367616K, used 293825K [0x0000000080000000, 0x0000000100000000)
  region size 1024K, 72 young (73728K), 2 survivors (2048K)
 Metaspace       used 154961K, committed 155840K, reserved 1187840K
  class space    used 20241K, committed 20672K, reserved 1048576K
}
Event: 14.041 GC heap after
{Heap after GC invocations=62 (full 0):
 garbage-first heap   total 437248K, used 224843K [0x0000000080000000, 0x0000000100000000)
  region size 1024K, 4 young (4096K), 4 survivors (4096K)
 Metaspace       used 154961K, committed 155840K, reserved 1187840K
  class space    used 20241K, committed 20672K, reserved 1048576K
}
Event: 15.019 GC heap before
{Heap before GC invocations=62 (full 0):
 garbage-first heap   total 437248K, used 342603K [0x0000000080000000, 0x0000000100000000)
  region size 1024K, 119 young (121856K), 4 survivors (4096K)
 Metaspace       used 154961K, committed 155840K, reserved 1187840K
  class space    used 20241K, committed 20672K, reserved 1048576K
}
Event: 15.022 GC heap after
{Heap after GC invocations=63 (full 0):
 garbage-first heap   total 437248K, used 230201K [0x0000000080000000, 0x0000000100000000)
  region size 1024K, 9 young (9216K), 9 survivors (9216K)
 Metaspace       used 154961K, committed 155840K, reserved 1187840K
  class space    used 20241K, committed 20672K, reserved 1048576K
}
Event: 15.566 GC heap before
{Heap before GC invocations=63 (full 0):
 garbage-first heap   total 437248K, used 323385K [0x0000000080000000, 0x0000000100000000)
  region size 1024K, 85 young (87040K), 9 survivors (9216K)
 Metaspace       used 154995K, committed 155904K, reserved 1187840K
  class space    used 20251K, committed 20672K, reserved 1048576K
}
Event: 15.571 GC heap after
{Heap after GC invocations=64 (full 0):
 garbage-first heap   total 437248K, used 250610K [0x0000000080000000, 0x0000000100000000)
  region size 1024K, 10 young (10240K), 10 survivors (10240K)
 Metaspace       used 154995K, committed 155904K, reserved 1187840K
  class space    used 20251K, committed 20672K, reserved 1048576K
}
Event: 16.479 GC heap before
{Heap before GC invocations=65 (full 0):
 garbage-first heap   total 452608K, used 359154K [0x0000000080000000, 0x0000000100000000)
  region size 1024K, 113 young (115712K), 10 survivors (10240K)
 Metaspace       used 164321K, committed 165184K, reserved 1196032K
  class space    used 21470K, committed 21888K, reserved 1048576K
}
Event: 16.488 GC heap after
{Heap after GC invocations=66 (full 0):
 garbage-first heap   total 452608K, used 244884K [0x0000000080000000, 0x0000000100000000)
  region size 1024K, 15 young (15360K), 15 survivors (15360K)
 Metaspace       used 164321K, committed 165184K, reserved 1196032K
  class space    used 21470K, committed 21888K, reserved 1048576K
}
Event: 16.559 GC heap before
{Heap before GC invocations=66 (full 0):
 garbage-first heap   total 452608K, used 251028K [0x0000000080000000, 0x0000000100000000)
  region size 1024K, 22 young (22528K), 15 survivors (15360K)
 Metaspace       used 165379K, committed 166272K, reserved 1196032K
  class space    used 21578K, committed 22016K, reserved 1048576K
}
Event: 16.565 GC heap after
{Heap after GC invocations=67 (full 0):
 garbage-first heap   total 452608K, used 242563K [0x0000000080000000, 0x0000000100000000)
  region size 1024K, 3 young (3072K), 3 survivors (3072K)
 Metaspace       used 165379K, committed 166272K, reserved 1196032K
  class space    used 21578K, committed 22016K, reserved 1048576K
}
Event: 17.201 GC heap before
{Heap before GC invocations=67 (full 0):
 garbage-first heap   total 452608K, used 361347K [0x0000000080000000, 0x0000000100000000)
  region size 1024K, 119 young (121856K), 3 survivors (3072K)
 Metaspace       used 168484K, committed 169408K, reserved 1196032K
  class space    used 21894K, committed 22336K, reserved 1048576K
}
Event: 17.206 GC heap after
{Heap after GC invocations=68 (full 0):
 garbage-first heap   total 452608K, used 249483K [0x0000000080000000, 0x0000000100000000)
  region size 1024K, 9 young (9216K), 9 survivors (9216K)
 Metaspace       used 168484K, committed 169408K, reserved 1196032K
  class space    used 21894K, committed 22336K, reserved 1048576K
}
Event: 17.936 GC heap before
{Heap before GC invocations=68 (full 0):
 garbage-first heap   total 452608K, used 367243K [0x0000000080000000, 0x0000000100000000)
  region size 1024K, 125 young (128000K), 9 survivors (9216K)
 Metaspace       used 175528K, committed 176512K, reserved 1204224K
  class space    used 22824K, committed 23296K, reserved 1048576K
}
Event: 17.943 GC heap after
{Heap after GC invocations=69 (full 0):
 garbage-first heap   total 452608K, used 258331K [0x0000000080000000, 0x0000000100000000)
  region size 1024K, 9 young (9216K), 9 survivors (9216K)
 Metaspace       used 175528K, committed 176512K, reserved 1204224K
  class space    used 22824K, committed 23296K, reserved 1048576K
}
Event: 24.519 GC heap before
{Heap before GC invocations=69 (full 0):
 garbage-first heap   total 452608K, used 370971K [0x0000000080000000, 0x0000000100000000)
  region size 1024K, 120 young (122880K), 9 survivors (9216K)
 Metaspace       used 180714K, committed 181760K, reserved 1212416K
  class space    used 23305K, committed 23808K, reserved 1048576K
}
Event: 24.527 GC heap after
{Heap after GC invocations=70 (full 0):
 garbage-first heap   total 452608K, used 267560K [0x0000000080000000, 0x0000000100000000)
  region size 1024K, 10 young (10240K), 10 survivors (10240K)
 Metaspace       used 180714K, committed 181760K, reserved 1212416K
  class space    used 23305K, committed 23808K, reserved 1048576K
}
Event: 24.975 GC heap before
{Heap before GC invocations=70 (full 0):
 garbage-first heap   total 452608K, used 374056K [0x0000000080000000, 0x0000000100000000)
  region size 1024K, 115 young (117760K), 10 survivors (10240K)
 Metaspace       used 183354K, committed 184512K, reserved 1212416K
  class space    used 23693K, committed 24256K, reserved 1048576K
}
Event: 24.984 GC heap after
{Heap after GC invocations=71 (full 0):
 garbage-first heap   total 452608K, used 279719K [0x0000000080000000, 0x0000000100000000)
  region size 1024K, 13 young (13312K), 13 survivors (13312K)
 Metaspace       used 183354K, committed 184512K, reserved 1212416K
  class space    used 23693K, committed 24256K, reserved 1048576K
}

